Fri May 13 15:00:50 CDT 2022
Start Regression test

Compile 001 elapsed time 383 seconds. -DAPP=ATM -DCCPP_SUITES=FV3_GFS_v16_csawmg,FV3_GFS_v16_flake,FV3_GFS_v16_ugwpv1,FV3_GFS_v16_ras,FV3_GFS_v16_thompson,FV3_GFS_v16_noahmp -DMPI=ON -DCMAKE_BUILD_TYPE=Release

baseline dir = /work/noaa/nems/emc.nemspara/RT/NEMSfv3gfs/develop-20220503/INTEL/merra2_thompson
working dir  = /work/noaa/stmp/acheng/stmp/acheng/FV3_RT/rt_298280/merra2_thompson
Checking test 001 merra2_thompson results ....
 Comparing sfcf000.nc ............MISSING baseline
 Comparing sfcf024.nc ............MISSING baseline
 Comparing atmf000.nc ............MISSING baseline
 Comparing atmf024.nc ............MISSING baseline
 Comparing GFSFLX.GrbF00 ............MISSING baseline
 Comparing GFSFLX.GrbF24 ............MISSING baseline
 Comparing GFSPRS.GrbF00 ............MISSING baseline
 Comparing GFSPRS.GrbF24 ............MISSING baseline

  0: The total amount of wall time                        = 209.017486
  0: The maximum resident set size (KB)                   = 887440

Test 001 merra2_thompson FAIL

FAILED TESTS: 
Test merra2_thompson 001 failed in check_result failed 

REGRESSION TEST FAILED
Fri May 13 15:14:32 CDT 2022
Elapsed time: 00h:13m:43s. Have a nice day!
