Tue Nov 30 17:34:13 UTC 2021
Start Regression test

Compile 001 elapsed time 205 seconds. -DAPP=ATM -DDEBUG=ON -DCCPP_SUITES=FV3_GFS_v16_nsstNoahmpUGWPv1 -D32BIT=ON -DMPI=ON -DCMAKE_BUILD_TYPE=Debug

baseline dir = /gpfs/dell2/emc/modeling/noscrub/emc.nemspara/RT/NEMSfv3gfs/develop-20211129/control_debug_p7
working dir  = /gpfs/dell2/ptmp/Helin.Wei/FV3_RT/rt_5937/control_debug_p7
Checking test 001 control_debug_p7 results ....
 Comparing sfcf000.nc ............MISSING baseline
 Comparing sfcf001.nc ............MISSING baseline
 Comparing atmf000.nc ............MISSING baseline
 Comparing atmf001.nc ............MISSING baseline

[0] The total amount of wall time                        = 185.251473

Test 001 control_debug_p7 FAIL

FAILED TESTS: 
Test control_debug_p7 001 failed in check_result failed 

REGRESSION TEST FAILED
Tue Nov 30 17:42:09 UTC 2021
Elapsed time: 00h:07m:59s. Have a nice day!
