Thu Aug 26 15:24:41 EDT 2021
Start Regression test

Compile 001 elapsed time 665 seconds. -DAPP=ATM -DCCPP_SUITES=FV3_GFS_v16_RRTMGP,FV3_GFS_v16_csawmg,FV3_GFS_v16_flake,FV3_GFS_v16_ugwpv1,FV3_GFS_v16_ras,FV3_GFS_v16_thompson,FV3_GFS_v16_noahmp -DMPI=ON -DCMAKE_BUILD_TYPE=Release

baseline dir = /scratch1/NCEPDEV/nems/emc.nemspara/RT/NEMSfv3gfs/develop-20210812/INTEL/merra2_thompson
working dir  = /scratch1/NCEPDEV/stmp2/Anning.Cheng/FV3_RT/rt_199804/merra2_thompson
Checking test 001 merra2_thompson results ....
 Comparing sfcf000.nc ............MISSING baseline
 Comparing sfcf024.nc ............MISSING baseline
 Comparing atmf000.nc ............MISSING baseline
 Comparing atmf024.nc ............MISSING baseline
 Comparing GFSFLX.GrbF00 ............MISSING baseline
 Comparing GFSFLX.GrbF24 ............MISSING baseline
 Comparing GFSPRS.GrbF00 ............MISSING baseline
 Comparing GFSPRS.GrbF24 ............MISSING baseline

  0: The total amount of wall time                        = 285.670884

Test 001 merra2_thompson FAIL

FAILED TESTS: 
Test merra2_thompson 001 failed in check_result failed 

REGRESSION TEST FAILED
Thu Aug 26 15:43:17 EDT 2021
Elapsed time: 00h:18m:37s. Have a nice day!
