Tue Mar 26 22:12:47 UTC 2024
Start Operation Requirement Test


baseline dir = /scratch1/NCEPDEV/stmp4/Zachary.Shrader/FV3_OPNREQ_TEST/OPNREQ_TEST/cpld_control_c96_noaero_p8_dbg_base_gnu
working dir  = /scratch1/NCEPDEV/stmp2/Zachary.Shrader/FV3_OPNREQ_TEST/opnReqTest_1241976/dbg_base_dbg_base
Checking test dbg_base results ....
Moving baseline dbg_base files ....
 Moving sfcf021.tile1.nc .........NOT OK. Missing  /scratch1/NCEPDEV/stmp2/Zachary.Shrader/FV3_OPNREQ_TEST/opnReqTest_1241976/dbg_base_dbg_base/sfcf021.tile1.nc
 Moving sfcf021.tile2.nc .........NOT OK. Missing  /scratch1/NCEPDEV/stmp2/Zachary.Shrader/FV3_OPNREQ_TEST/opnReqTest_1241976/dbg_base_dbg_base/sfcf021.tile2.nc
 Moving sfcf021.tile3.nc .........NOT OK. Missing  /scratch1/NCEPDEV/stmp2/Zachary.Shrader/FV3_OPNREQ_TEST/opnReqTest_1241976/dbg_base_dbg_base/sfcf021.tile3.nc
 Moving sfcf021.tile4.nc .........NOT OK. Missing  /scratch1/NCEPDEV/stmp2/Zachary.Shrader/FV3_OPNREQ_TEST/opnReqTest_1241976/dbg_base_dbg_base/sfcf021.tile4.nc
 Moving sfcf021.tile5.nc .........NOT OK. Missing  /scratch1/NCEPDEV/stmp2/Zachary.Shrader/FV3_OPNREQ_TEST/opnReqTest_1241976/dbg_base_dbg_base/sfcf021.tile5.nc
 Moving sfcf021.tile6.nc .........NOT OK. Missing  /scratch1/NCEPDEV/stmp2/Zachary.Shrader/FV3_OPNREQ_TEST/opnReqTest_1241976/dbg_base_dbg_base/sfcf021.tile6.nc
 Moving atmf021.tile1.nc .........NOT OK. Missing  /scratch1/NCEPDEV/stmp2/Zachary.Shrader/FV3_OPNREQ_TEST/opnReqTest_1241976/dbg_base_dbg_base/atmf021.tile1.nc
 Moving atmf021.tile2.nc .........NOT OK. Missing  /scratch1/NCEPDEV/stmp2/Zachary.Shrader/FV3_OPNREQ_TEST/opnReqTest_1241976/dbg_base_dbg_base/atmf021.tile2.nc
 Moving atmf021.tile3.nc .........NOT OK. Missing  /scratch1/NCEPDEV/stmp2/Zachary.Shrader/FV3_OPNREQ_TEST/opnReqTest_1241976/dbg_base_dbg_base/atmf021.tile3.nc
 Moving atmf021.tile4.nc .........NOT OK. Missing  /scratch1/NCEPDEV/stmp2/Zachary.Shrader/FV3_OPNREQ_TEST/opnReqTest_1241976/dbg_base_dbg_base/atmf021.tile4.nc
 Moving atmf021.tile5.nc .........NOT OK. Missing  /scratch1/NCEPDEV/stmp2/Zachary.Shrader/FV3_OPNREQ_TEST/opnReqTest_1241976/dbg_base_dbg_base/atmf021.tile5.nc
 Moving atmf021.tile6.nc .........NOT OK. Missing  /scratch1/NCEPDEV/stmp2/Zachary.Shrader/FV3_OPNREQ_TEST/opnReqTest_1241976/dbg_base_dbg_base/atmf021.tile6.nc
 Moving sfcf024.tile1.nc .........NOT OK. Missing  /scratch1/NCEPDEV/stmp2/Zachary.Shrader/FV3_OPNREQ_TEST/opnReqTest_1241976/dbg_base_dbg_base/sfcf024.tile1.nc
 Moving sfcf024.tile2.nc .........NOT OK. Missing  /scratch1/NCEPDEV/stmp2/Zachary.Shrader/FV3_OPNREQ_TEST/opnReqTest_1241976/dbg_base_dbg_base/sfcf024.tile2.nc
 Moving sfcf024.tile3.nc .........NOT OK. Missing  /scratch1/NCEPDEV/stmp2/Zachary.Shrader/FV3_OPNREQ_TEST/opnReqTest_1241976/dbg_base_dbg_base/sfcf024.tile3.nc
 Moving sfcf024.tile4.nc .........NOT OK. Missing  /scratch1/NCEPDEV/stmp2/Zachary.Shrader/FV3_OPNREQ_TEST/opnReqTest_1241976/dbg_base_dbg_base/sfcf024.tile4.nc
 Moving sfcf024.tile5.nc .........NOT OK. Missing  /scratch1/NCEPDEV/stmp2/Zachary.Shrader/FV3_OPNREQ_TEST/opnReqTest_1241976/dbg_base_dbg_base/sfcf024.tile5.nc
 Moving sfcf024.tile6.nc .........NOT OK. Missing  /scratch1/NCEPDEV/stmp2/Zachary.Shrader/FV3_OPNREQ_TEST/opnReqTest_1241976/dbg_base_dbg_base/sfcf024.tile6.nc
 Moving atmf024.tile1.nc .........NOT OK. Missing  /scratch1/NCEPDEV/stmp2/Zachary.Shrader/FV3_OPNREQ_TEST/opnReqTest_1241976/dbg_base_dbg_base/atmf024.tile1.nc
 Moving atmf024.tile2.nc .........NOT OK. Missing  /scratch1/NCEPDEV/stmp2/Zachary.Shrader/FV3_OPNREQ_TEST/opnReqTest_1241976/dbg_base_dbg_base/atmf024.tile2.nc
 Moving atmf024.tile3.nc .........NOT OK. Missing  /scratch1/NCEPDEV/stmp2/Zachary.Shrader/FV3_OPNREQ_TEST/opnReqTest_1241976/dbg_base_dbg_base/atmf024.tile3.nc
 Moving atmf024.tile4.nc .........NOT OK. Missing  /scratch1/NCEPDEV/stmp2/Zachary.Shrader/FV3_OPNREQ_TEST/opnReqTest_1241976/dbg_base_dbg_base/atmf024.tile4.nc
 Moving atmf024.tile5.nc .........NOT OK. Missing  /scratch1/NCEPDEV/stmp2/Zachary.Shrader/FV3_OPNREQ_TEST/opnReqTest_1241976/dbg_base_dbg_base/atmf024.tile5.nc
 Moving atmf024.tile6.nc .........NOT OK. Missing  /scratch1/NCEPDEV/stmp2/Zachary.Shrader/FV3_OPNREQ_TEST/opnReqTest_1241976/dbg_base_dbg_base/atmf024.tile6.nc
 Moving RESTART/20210323.060000.coupler.res .........NOT OK. Missing  /scratch1/NCEPDEV/stmp2/Zachary.Shrader/FV3_OPNREQ_TEST/opnReqTest_1241976/dbg_base_dbg_base/RESTART/20210323.060000.coupler.res
 Moving RESTART/20210323.060000.fv_core.res.nc .........NOT OK. Missing  /scratch1/NCEPDEV/stmp2/Zachary.Shrader/FV3_OPNREQ_TEST/opnReqTest_1241976/dbg_base_dbg_base/RESTART/20210323.060000.fv_core.res.nc
 Moving RESTART/20210323.060000.fv_core.res.tile1.nc .........NOT OK. Missing  /scratch1/NCEPDEV/stmp2/Zachary.Shrader/FV3_OPNREQ_TEST/opnReqTest_1241976/dbg_base_dbg_base/RESTART/20210323.060000.fv_core.res.tile1.nc
 Moving RESTART/20210323.060000.fv_core.res.tile2.nc .........NOT OK. Missing  /scratch1/NCEPDEV/stmp2/Zachary.Shrader/FV3_OPNREQ_TEST/opnReqTest_1241976/dbg_base_dbg_base/RESTART/20210323.060000.fv_core.res.tile2.nc
 Moving RESTART/20210323.060000.fv_core.res.tile3.nc .........NOT OK. Missing  /scratch1/NCEPDEV/stmp2/Zachary.Shrader/FV3_OPNREQ_TEST/opnReqTest_1241976/dbg_base_dbg_base/RESTART/20210323.060000.fv_core.res.tile3.nc
 Moving RESTART/20210323.060000.fv_core.res.tile4.nc .........NOT OK. Missing  /scratch1/NCEPDEV/stmp2/Zachary.Shrader/FV3_OPNREQ_TEST/opnReqTest_1241976/dbg_base_dbg_base/RESTART/20210323.060000.fv_core.res.tile4.nc
 Moving RESTART/20210323.060000.fv_core.res.tile5.nc .........NOT OK. Missing  /scratch1/NCEPDEV/stmp2/Zachary.Shrader/FV3_OPNREQ_TEST/opnReqTest_1241976/dbg_base_dbg_base/RESTART/20210323.060000.fv_core.res.tile5.nc
 Moving RESTART/20210323.060000.fv_core.res.tile6.nc .........NOT OK. Missing  /scratch1/NCEPDEV/stmp2/Zachary.Shrader/FV3_OPNREQ_TEST/opnReqTest_1241976/dbg_base_dbg_base/RESTART/20210323.060000.fv_core.res.tile6.nc
 Moving RESTART/20210323.060000.fv_srf_wnd.res.tile1.nc .........NOT OK. Missing  /scratch1/NCEPDEV/stmp2/Zachary.Shrader/FV3_OPNREQ_TEST/opnReqTest_1241976/dbg_base_dbg_base/RESTART/20210323.060000.fv_srf_wnd.res.tile1.nc
 Moving RESTART/20210323.060000.fv_srf_wnd.res.tile2.nc .........NOT OK. Missing  /scratch1/NCEPDEV/stmp2/Zachary.Shrader/FV3_OPNREQ_TEST/opnReqTest_1241976/dbg_base_dbg_base/RESTART/20210323.060000.fv_srf_wnd.res.tile2.nc
 Moving RESTART/20210323.060000.fv_srf_wnd.res.tile3.nc .........NOT OK. Missing  /scratch1/NCEPDEV/stmp2/Zachary.Shrader/FV3_OPNREQ_TEST/opnReqTest_1241976/dbg_base_dbg_base/RESTART/20210323.060000.fv_srf_wnd.res.tile3.nc
 Moving RESTART/20210323.060000.fv_srf_wnd.res.tile4.nc .........NOT OK. Missing  /scratch1/NCEPDEV/stmp2/Zachary.Shrader/FV3_OPNREQ_TEST/opnReqTest_1241976/dbg_base_dbg_base/RESTART/20210323.060000.fv_srf_wnd.res.tile4.nc
 Moving RESTART/20210323.060000.fv_srf_wnd.res.tile5.nc .........NOT OK. Missing  /scratch1/NCEPDEV/stmp2/Zachary.Shrader/FV3_OPNREQ_TEST/opnReqTest_1241976/dbg_base_dbg_base/RESTART/20210323.060000.fv_srf_wnd.res.tile5.nc
 Moving RESTART/20210323.060000.fv_srf_wnd.res.tile6.nc .........NOT OK. Missing  /scratch1/NCEPDEV/stmp2/Zachary.Shrader/FV3_OPNREQ_TEST/opnReqTest_1241976/dbg_base_dbg_base/RESTART/20210323.060000.fv_srf_wnd.res.tile6.nc
 Moving RESTART/20210323.060000.fv_tracer.res.tile1.nc .........NOT OK. Missing  /scratch1/NCEPDEV/stmp2/Zachary.Shrader/FV3_OPNREQ_TEST/opnReqTest_1241976/dbg_base_dbg_base/RESTART/20210323.060000.fv_tracer.res.tile1.nc
 Moving RESTART/20210323.060000.fv_tracer.res.tile2.nc .........NOT OK. Missing  /scratch1/NCEPDEV/stmp2/Zachary.Shrader/FV3_OPNREQ_TEST/opnReqTest_1241976/dbg_base_dbg_base/RESTART/20210323.060000.fv_tracer.res.tile2.nc
 Moving RESTART/20210323.060000.fv_tracer.res.tile3.nc .........NOT OK. Missing  /scratch1/NCEPDEV/stmp2/Zachary.Shrader/FV3_OPNREQ_TEST/opnReqTest_1241976/dbg_base_dbg_base/RESTART/20210323.060000.fv_tracer.res.tile3.nc
 Moving RESTART/20210323.060000.fv_tracer.res.tile4.nc .........NOT OK. Missing  /scratch1/NCEPDEV/stmp2/Zachary.Shrader/FV3_OPNREQ_TEST/opnReqTest_1241976/dbg_base_dbg_base/RESTART/20210323.060000.fv_tracer.res.tile4.nc
 Moving RESTART/20210323.060000.fv_tracer.res.tile5.nc .........NOT OK. Missing  /scratch1/NCEPDEV/stmp2/Zachary.Shrader/FV3_OPNREQ_TEST/opnReqTest_1241976/dbg_base_dbg_base/RESTART/20210323.060000.fv_tracer.res.tile5.nc
 Moving RESTART/20210323.060000.fv_tracer.res.tile6.nc .........NOT OK. Missing  /scratch1/NCEPDEV/stmp2/Zachary.Shrader/FV3_OPNREQ_TEST/opnReqTest_1241976/dbg_base_dbg_base/RESTART/20210323.060000.fv_tracer.res.tile6.nc
 Moving RESTART/20210323.060000.phy_data.tile1.nc .........NOT OK. Missing  /scratch1/NCEPDEV/stmp2/Zachary.Shrader/FV3_OPNREQ_TEST/opnReqTest_1241976/dbg_base_dbg_base/RESTART/20210323.060000.phy_data.tile1.nc
 Moving RESTART/20210323.060000.phy_data.tile2.nc .........NOT OK. Missing  /scratch1/NCEPDEV/stmp2/Zachary.Shrader/FV3_OPNREQ_TEST/opnReqTest_1241976/dbg_base_dbg_base/RESTART/20210323.060000.phy_data.tile2.nc
 Moving RESTART/20210323.060000.phy_data.tile3.nc .........NOT OK. Missing  /scratch1/NCEPDEV/stmp2/Zachary.Shrader/FV3_OPNREQ_TEST/opnReqTest_1241976/dbg_base_dbg_base/RESTART/20210323.060000.phy_data.tile3.nc
 Moving RESTART/20210323.060000.phy_data.tile4.nc .........NOT OK. Missing  /scratch1/NCEPDEV/stmp2/Zachary.Shrader/FV3_OPNREQ_TEST/opnReqTest_1241976/dbg_base_dbg_base/RESTART/20210323.060000.phy_data.tile4.nc
 Moving RESTART/20210323.060000.phy_data.tile5.nc .........NOT OK. Missing  /scratch1/NCEPDEV/stmp2/Zachary.Shrader/FV3_OPNREQ_TEST/opnReqTest_1241976/dbg_base_dbg_base/RESTART/20210323.060000.phy_data.tile5.nc
 Moving RESTART/20210323.060000.phy_data.tile6.nc .........NOT OK. Missing  /scratch1/NCEPDEV/stmp2/Zachary.Shrader/FV3_OPNREQ_TEST/opnReqTest_1241976/dbg_base_dbg_base/RESTART/20210323.060000.phy_data.tile6.nc
 Moving RESTART/20210323.060000.sfc_data.tile1.nc .........NOT OK. Missing  /scratch1/NCEPDEV/stmp2/Zachary.Shrader/FV3_OPNREQ_TEST/opnReqTest_1241976/dbg_base_dbg_base/RESTART/20210323.060000.sfc_data.tile1.nc
 Moving RESTART/20210323.060000.sfc_data.tile2.nc .........NOT OK. Missing  /scratch1/NCEPDEV/stmp2/Zachary.Shrader/FV3_OPNREQ_TEST/opnReqTest_1241976/dbg_base_dbg_base/RESTART/20210323.060000.sfc_data.tile2.nc
 Moving RESTART/20210323.060000.sfc_data.tile3.nc .........NOT OK. Missing  /scratch1/NCEPDEV/stmp2/Zachary.Shrader/FV3_OPNREQ_TEST/opnReqTest_1241976/dbg_base_dbg_base/RESTART/20210323.060000.sfc_data.tile3.nc
 Moving RESTART/20210323.060000.sfc_data.tile4.nc .........NOT OK. Missing  /scratch1/NCEPDEV/stmp2/Zachary.Shrader/FV3_OPNREQ_TEST/opnReqTest_1241976/dbg_base_dbg_base/RESTART/20210323.060000.sfc_data.tile4.nc
 Moving RESTART/20210323.060000.sfc_data.tile5.nc .........NOT OK. Missing  /scratch1/NCEPDEV/stmp2/Zachary.Shrader/FV3_OPNREQ_TEST/opnReqTest_1241976/dbg_base_dbg_base/RESTART/20210323.060000.sfc_data.tile5.nc
 Moving RESTART/20210323.060000.sfc_data.tile6.nc .........NOT OK. Missing  /scratch1/NCEPDEV/stmp2/Zachary.Shrader/FV3_OPNREQ_TEST/opnReqTest_1241976/dbg_base_dbg_base/RESTART/20210323.060000.sfc_data.tile6.nc
 Moving RESTART/20210323.060000.MOM.res.nc .........NOT OK. Missing  /scratch1/NCEPDEV/stmp2/Zachary.Shrader/FV3_OPNREQ_TEST/opnReqTest_1241976/dbg_base_dbg_base/RESTART/20210323.060000.MOM.res.nc
 Moving RESTART/iced.2021-03-23-21600.nc .........NOT OK. Missing  /scratch1/NCEPDEV/stmp2/Zachary.Shrader/FV3_OPNREQ_TEST/opnReqTest_1241976/dbg_base_dbg_base/RESTART/iced.2021-03-23-21600.nc
 Moving RESTART/ufs.cpld.cpl.r.2021-03-23-21600.nc .........NOT OK. Missing  /scratch1/NCEPDEV/stmp2/Zachary.Shrader/FV3_OPNREQ_TEST/opnReqTest_1241976/dbg_base_dbg_base/RESTART/ufs.cpld.cpl.r.2021-03-23-21600.nc


Test dbg_base FAIL


baseline dir = /scratch1/NCEPDEV/stmp4/Zachary.Shrader/FV3_OPNREQ_TEST/OPNREQ_TEST/cpld_control_c96_noaero_p8_std_base_gnu
working dir  = /scratch1/NCEPDEV/stmp2/Zachary.Shrader/FV3_OPNREQ_TEST/opnReqTest_1241976/rst_rst
Checking test rst results ....
 Comparing sfcf021.tile1.nc .....USING NCCMP......OK
 Comparing sfcf021.tile2.nc .....USING NCCMP......OK
 Comparing sfcf021.tile3.nc .....USING NCCMP......OK
 Comparing sfcf021.tile4.nc .....USING NCCMP......OK
 Comparing sfcf021.tile5.nc .....USING NCCMP......OK
 Comparing sfcf021.tile6.nc .....USING NCCMP......OK
 Comparing atmf021.tile1.nc .....USING NCCMP......OK
 Comparing atmf021.tile2.nc .....USING NCCMP......OK
 Comparing atmf021.tile3.nc .....USING NCCMP......OK
 Comparing atmf021.tile4.nc .....USING NCCMP......OK
 Comparing atmf021.tile5.nc .....USING NCCMP......OK
 Comparing atmf021.tile6.nc .....USING NCCMP......OK
 Comparing sfcf024.tile1.nc .....USING NCCMP......OK
 Comparing sfcf024.tile2.nc .....USING NCCMP......OK
 Comparing sfcf024.tile3.nc .....USING NCCMP......OK
 Comparing sfcf024.tile4.nc .....USING NCCMP......OK
 Comparing sfcf024.tile5.nc .....USING NCCMP......OK
 Comparing sfcf024.tile6.nc .....USING NCCMP......OK
 Comparing atmf024.tile1.nc .....USING NCCMP......OK
 Comparing atmf024.tile2.nc .....USING NCCMP......OK
 Comparing atmf024.tile3.nc .....USING NCCMP......OK
 Comparing atmf024.tile4.nc .....USING NCCMP......OK
 Comparing atmf024.tile5.nc .....USING NCCMP......OK
 Comparing atmf024.tile6.nc .....USING NCCMP......OK
 Comparing RESTART/20210323.060000.coupler.res .....USING CMP......OK
 Comparing RESTART/20210323.060000.fv_core.res.nc .....USING NCCMP......OK
 Comparing RESTART/20210323.060000.fv_core.res.tile1.nc .....USING NCCMP......OK
 Comparing RESTART/20210323.060000.fv_core.res.tile2.nc .....USING NCCMP......OK
 Comparing RESTART/20210323.060000.fv_core.res.tile3.nc .....USING NCCMP......OK
 Comparing RESTART/20210323.060000.fv_core.res.tile4.nc .....USING NCCMP......OK
 Comparing RESTART/20210323.060000.fv_core.res.tile5.nc .....USING NCCMP......OK
 Comparing RESTART/20210323.060000.fv_core.res.tile6.nc .....USING NCCMP......OK
 Comparing RESTART/20210323.060000.fv_srf_wnd.res.tile1.nc .....USING NCCMP......OK
 Comparing RESTART/20210323.060000.fv_srf_wnd.res.tile2.nc .....USING NCCMP......OK
 Comparing RESTART/20210323.060000.fv_srf_wnd.res.tile3.nc .....USING NCCMP......OK
 Comparing RESTART/20210323.060000.fv_srf_wnd.res.tile4.nc .....USING NCCMP......OK
 Comparing RESTART/20210323.060000.fv_srf_wnd.res.tile5.nc .....USING NCCMP......OK
 Comparing RESTART/20210323.060000.fv_srf_wnd.res.tile6.nc .....USING NCCMP......OK
 Comparing RESTART/20210323.060000.fv_tracer.res.tile1.nc .....USING NCCMP......OK
 Comparing RESTART/20210323.060000.fv_tracer.res.tile2.nc .....USING NCCMP......OK
 Comparing RESTART/20210323.060000.fv_tracer.res.tile3.nc .....USING NCCMP......OK
 Comparing RESTART/20210323.060000.fv_tracer.res.tile4.nc .....USING NCCMP......OK
 Comparing RESTART/20210323.060000.fv_tracer.res.tile5.nc .....USING NCCMP......OK
 Comparing RESTART/20210323.060000.fv_tracer.res.tile6.nc .....USING NCCMP......OK
 Comparing RESTART/20210323.060000.phy_data.tile1.nc .....USING NCCMP......OK
 Comparing RESTART/20210323.060000.phy_data.tile2.nc .....USING NCCMP......OK
 Comparing RESTART/20210323.060000.phy_data.tile3.nc .....USING NCCMP......OK
 Comparing RESTART/20210323.060000.phy_data.tile4.nc .....USING NCCMP......OK
 Comparing RESTART/20210323.060000.phy_data.tile5.nc .....USING NCCMP......OK
 Comparing RESTART/20210323.060000.phy_data.tile6.nc .....USING NCCMP......OK
 Comparing RESTART/20210323.060000.sfc_data.tile1.nc .....USING NCCMP......OK
 Comparing RESTART/20210323.060000.sfc_data.tile2.nc .....USING NCCMP......OK
 Comparing RESTART/20210323.060000.sfc_data.tile3.nc .....USING NCCMP......OK
 Comparing RESTART/20210323.060000.sfc_data.tile4.nc .....USING NCCMP......OK
 Comparing RESTART/20210323.060000.sfc_data.tile5.nc .....USING NCCMP......OK
 Comparing RESTART/20210323.060000.sfc_data.tile6.nc .....USING NCCMP......OK
 Comparing RESTART/20210323.060000.MOM.res.nc .....USING NCCMP......OK
 Comparing RESTART/iced.2021-03-23-21600.nc .....USING NCCMP......OK
 Comparing RESTART/ufs.cpld.cpl.r.2021-03-23-21600.nc .....USING NCCMP......OK

  0: The total amount of wall time                        = 388.843974
  0: The maximum resident set size (KB)                   = 1344020

Test rst PASS


baseline dir = /scratch1/NCEPDEV/stmp4/Zachary.Shrader/FV3_OPNREQ_TEST/OPNREQ_TEST/cpld_control_c96_noaero_p8_std_base_gnu
working dir  = /scratch1/NCEPDEV/stmp2/Zachary.Shrader/FV3_OPNREQ_TEST/opnReqTest_1241976/std_base_std_base
Checking test std_base results ....
Moving baseline std_base files ....
 Moving sfcf021.tile1.nc .........OK
 Moving sfcf021.tile2.nc .........OK
 Moving sfcf021.tile3.nc .........OK
 Moving sfcf021.tile4.nc .........OK
 Moving sfcf021.tile5.nc .........OK
 Moving sfcf021.tile6.nc .........OK
 Moving atmf021.tile1.nc .........OK
 Moving atmf021.tile2.nc .........OK
 Moving atmf021.tile3.nc .........OK
 Moving atmf021.tile4.nc .........OK
 Moving atmf021.tile5.nc .........OK
 Moving atmf021.tile6.nc .........OK
 Moving sfcf024.tile1.nc .........OK
 Moving sfcf024.tile2.nc .........OK
 Moving sfcf024.tile3.nc .........OK
 Moving sfcf024.tile4.nc .........OK
 Moving sfcf024.tile5.nc .........OK
 Moving sfcf024.tile6.nc .........OK
 Moving atmf024.tile1.nc .........OK
 Moving atmf024.tile2.nc .........OK
 Moving atmf024.tile3.nc .........OK
 Moving atmf024.tile4.nc .........OK
 Moving atmf024.tile5.nc .........OK
 Moving atmf024.tile6.nc .........OK
 Moving RESTART/20210323.060000.coupler.res .........OK
 Moving RESTART/20210323.060000.fv_core.res.nc .........OK
 Moving RESTART/20210323.060000.fv_core.res.tile1.nc .........OK
 Moving RESTART/20210323.060000.fv_core.res.tile2.nc .........OK
 Moving RESTART/20210323.060000.fv_core.res.tile3.nc .........OK
 Moving RESTART/20210323.060000.fv_core.res.tile4.nc .........OK
 Moving RESTART/20210323.060000.fv_core.res.tile5.nc .........OK
 Moving RESTART/20210323.060000.fv_core.res.tile6.nc .........OK
 Moving RESTART/20210323.060000.fv_srf_wnd.res.tile1.nc .........OK
 Moving RESTART/20210323.060000.fv_srf_wnd.res.tile2.nc .........OK
 Moving RESTART/20210323.060000.fv_srf_wnd.res.tile3.nc .........OK
 Moving RESTART/20210323.060000.fv_srf_wnd.res.tile4.nc .........OK
 Moving RESTART/20210323.060000.fv_srf_wnd.res.tile5.nc .........OK
 Moving RESTART/20210323.060000.fv_srf_wnd.res.tile6.nc .........OK
 Moving RESTART/20210323.060000.fv_tracer.res.tile1.nc .........OK
 Moving RESTART/20210323.060000.fv_tracer.res.tile2.nc .........OK
 Moving RESTART/20210323.060000.fv_tracer.res.tile3.nc .........OK
 Moving RESTART/20210323.060000.fv_tracer.res.tile4.nc .........OK
 Moving RESTART/20210323.060000.fv_tracer.res.tile5.nc .........OK
 Moving RESTART/20210323.060000.fv_tracer.res.tile6.nc .........OK
 Moving RESTART/20210323.060000.phy_data.tile1.nc .........OK
 Moving RESTART/20210323.060000.phy_data.tile2.nc .........OK
 Moving RESTART/20210323.060000.phy_data.tile3.nc .........OK
 Moving RESTART/20210323.060000.phy_data.tile4.nc .........OK
 Moving RESTART/20210323.060000.phy_data.tile5.nc .........OK
 Moving RESTART/20210323.060000.phy_data.tile6.nc .........OK
 Moving RESTART/20210323.060000.sfc_data.tile1.nc .........OK
 Moving RESTART/20210323.060000.sfc_data.tile2.nc .........OK
 Moving RESTART/20210323.060000.sfc_data.tile3.nc .........OK
 Moving RESTART/20210323.060000.sfc_data.tile4.nc .........OK
 Moving RESTART/20210323.060000.sfc_data.tile5.nc .........OK
 Moving RESTART/20210323.060000.sfc_data.tile6.nc .........OK
 Moving RESTART/20210323.060000.MOM.res.nc .........OK
 Moving RESTART/iced.2021-03-23-21600.nc .........OK
 Moving RESTART/ufs.cpld.cpl.r.2021-03-23-21600.nc .........OK

  0: The total amount of wall time                        = 628.835447
  0: The maximum resident set size (KB)                   = 1344928

Test std_base PASS

FAILED TESTS: 
Test dbg_base failed in check_result failed 
OPERATION REQUIREMENT TEST FAILED
Wed Mar 27 00:59:11 UTC 2024
Elapsed time: 02h:46m:25s. Have a nice day!
