====START OF HERCULES REGRESSION TESTING LOG====

UFSWM hash used in testing:
d47726e50be21a6b878bfb05f03b0b9fbe725775

Submodule hashes used in testing:
 37cbb7d6840ae7515a9a8f0dfd4d89461b3396d1 AQM (v0.2.0-37-g37cbb7d)
 be5d28fd1b60522e6fc98aefeead20e6aac3530b AQM/src/model/CMAQ (CMAQv5.2.1_07Feb2018-198-gbe5d28fd1)
 3d7067a523b8557058755289e4275f5f5c985daf CDEPS-interface/CDEPS (cdeps0.4.17-40-g3d7067a)
 c9e4679f449e30bb4cc0f22164b4401a8b50f7a6 CICE-interface/CICE (CICE6.0.0-447-gc9e4679)
 f6ff8f7c4d4cb6feabe3651b13204cf43fc948e3 CICE-interface/CICE/icepack (Icepack1.1.0-182-gf6ff8f7)
 4e19850cb083bc474b7cde5dc2f8506ec74cc442 CMEPS-interface/CMEPS (cmeps_v0.4.1-2306-g4e19850)
 cabd7753ae17f7bfcc6dad56daf10868aa51c3f4 CMakeModules (v1.0.0-28-gcabd775)
 da95cc428d8b626e99250fd57a4279b4980044f8 FV3 (heads/develop)
 97114888f529c2df70ed4a350fd2428df74839ff FV3/atmos_cubed_sphere (201912_public_release-389-g9711488)
 011db4f80a02cba6d65958ace56e8efb197be62b FV3/ccpp/framework (ccpp_transition_to_vlab_master_20190705-704-g011db4f)
 9b0ac7b16a45afe5e7f1abf9571d3484158a5b43 FV3/ccpp/physics (EP4-741-g9b0ac7b1)
 74a0e098b2163425e4b5466c2dfcf8ae26d560a5 FV3/ccpp/physics/physics/Radiation/RRTMGP/rte-rrtmgp (v1.6)
 5faac752d9550d3570705358fa1eb3f5ac78a786 FV3/upp (upp_v10.2.0-185-g5faac75)
-1ba8270870947b583cd51bc72ff8960f4c1fb36e FV3/upp/sorc/libIFI.fd
-7476b8f2790a47d788f79cebfdbb551567ae7cf8 FV3/upp/sorc/ncep_post.fd/post_gtg.fd
 041422934cae1570f2f0e67239d5d89f11c6e1b7 GOCART (sdr_v2.1.2.6-119-g0414229)
 35789c757766e07f688b4c0c7c5229816f224b09 HYCOM-interface/HYCOM (2.3.00-121-g35789c7)
 ab7bd14d209592d55490e75dbfaa61cb4a62df97 MOM6-interface/MOM6 (dev/master/repository_split_2014.10.10-10032-gab7bd14d2)
 9423197f894112edfcb1502245f7d7b873d551f9 MOM6-interface/MOM6/pkg/CVMix-src (9423197)
 29e64d652786e1d076a05128c920f394202bfe10 MOM6-interface/MOM6/pkg/GSW-Fortran (29e64d6)
 6a51f0295bc1a877475b527157a33aa86eb532fe NOAHMP-interface/noahmp (v3.7.1-426-g6a51f02)
 d9b3172f4197c65d471662c6952a668152d71230 WW3 (6.07.1-345-gd9b3172f)
 31e4e3e57bad8a7cdaa0ce2d3c4efbca63b5f74a stochastic_physics (ufs-v2.0.0-216-g31e4e3e)


NOTES:
[Times](Memory) are at the end of each compile/test in format [MM:SS](Size).
The first time is for the full script (prep+run+finalize).
The second time is specifically for the run phase.
Times/Memory will be empty for failed tests.

BASELINE DIRECTORY: /work/noaa/epic/hercules/UFS-WM_RT/NEMSfv3gfs/develop-20240419
COMPARISON DIRECTORY: /work2/noaa/stmp/zshrader/stmp/zshrader/FV3_RT/rt_1104065

RT.SH OPTIONS USED:
* (-a) - HPC PROJECT ACCOUNT: epic
* (-l) - USE CONFIG FILE: rt.conf
* (-e) - USE ECFLOW

PASS -- COMPILE 's2swa_32bit_intel' [11:11, 10:30]
PASS -- TEST 'cpld_control_p8_mixedmode_intel' [14:12, 07:43](1892 MB)

PASS -- COMPILE 's2swa_32bit_pdlib_intel' [18:11, 17:31]
PASS -- TEST 'cpld_control_gfsv17_intel' [22:29, 13:22](1766 MB)
PASS -- TEST 'cpld_control_gfsv17_iau_intel' [17:52, 14:22](2146 MB)
PASS -- TEST 'cpld_restart_gfsv17_intel' [09:43, 06:37](1196 MB)
PASS -- TEST 'cpld_mpi_gfsv17_intel' [23:23, 15:33](1687 MB)

PASS -- COMPILE 's2swa_32bit_pdlib_debug_intel' [05:10, 04:44]
PASS -- TEST 'cpld_debug_gfsv17_intel' [24:30, 20:57](1730 MB)

PASS -- COMPILE 's2swa_intel' [12:11, 11:27]
PASS -- TEST 'cpld_control_p8_intel' [15:11, 07:46](2077 MB)
PASS -- TEST 'cpld_control_p8.v2.sfc_intel' [15:27, 07:47](2084 MB)
PASS -- TEST 'cpld_restart_p8_intel' [09:23, 04:20](1951 MB)
PASS -- TEST 'cpld_control_qr_p8_intel' [15:11, 07:43](1972 MB)
PASS -- TEST 'cpld_restart_qr_p8_intel' [11:20, 04:24](1731 MB)
PASS -- TEST 'cpld_2threads_p8_intel' [16:04, 08:59](2492 MB)
PASS -- TEST 'cpld_decomp_p8_intel' [15:03, 07:46](2066 MB)
PASS -- TEST 'cpld_mpi_p8_intel' [12:07, 06:32](1889 MB)
PASS -- TEST 'cpld_control_ciceC_p8_intel' [15:25, 07:37](2061 MB)
PASS -- TEST 'cpld_control_c192_p8_intel' [21:04, 15:03](2811 MB)
PASS -- TEST 'cpld_restart_c192_p8_intel' [10:37, 06:01](2922 MB)
PASS -- TEST 'cpld_bmark_p8_intel' [20:27, 10:44](3660 MB)
PASS -- TEST 'cpld_restart_bmark_p8_intel' [16:17, 06:52](3624 MB)
PASS -- TEST 'cpld_s2sa_p8_intel' [12:06, 04:58](2026 MB)

PASS -- COMPILE 's2sw_intel' [11:11, 10:42]
PASS -- TEST 'cpld_control_noaero_p8_intel' [13:02, 07:01](1774 MB)
PASS -- TEST 'cpld_control_nowave_noaero_p8_intel' [10:13, 04:01](1831 MB)

PASS -- COMPILE 's2swa_debug_intel' [06:10, 05:14]
PASS -- TEST 'cpld_debug_p8_intel' [09:14, 06:56](2063 MB)

PASS -- COMPILE 's2sw_debug_intel' [05:10, 04:59]
PASS -- TEST 'cpld_debug_noaero_p8_intel' [08:13, 04:52](1788 MB)

PASS -- COMPILE 's2s_aoflux_intel' [10:11, 09:19]
PASS -- TEST 'cpld_control_noaero_p8_agrid_intel' [07:16, 03:57](1830 MB)

PASS -- COMPILE 's2s_intel' [09:10, 08:56]
PASS -- TEST 'cpld_control_c48_intel' [08:56, 07:19](2839 MB)

PASS -- COMPILE 's2swa_faster_intel' [13:11, 12:37]
PASS -- TEST 'cpld_control_p8_faster_intel' [17:26, 07:18](2094 MB)

PASS -- COMPILE 's2sw_pdlib_intel' [17:11, 16:48]
PASS -- TEST 'cpld_control_pdlib_p8_intel' [21:09, 14:27](1809 MB)
PASS -- TEST 'cpld_restart_pdlib_p8_intel' [08:19, 06:45](1280 MB)
PASS -- TEST 'cpld_mpi_pdlib_p8_intel' [17:06, 15:22](1742 MB)

PASS -- COMPILE 's2sw_pdlib_debug_intel' [04:10, 03:58]
PASS -- TEST 'cpld_debug_pdlib_p8_intel' [23:09, 21:24](1765 MB)

PASS -- COMPILE 'atm_dyn32_intel' [09:10, 07:45]
PASS -- TEST 'control_flake_intel' [11:23, 02:51](706 MB)
FAILED: UNABLE TO RUN COMPARISON -- TEST 'control_CubedSphereGrid_intel' [, ]( MB)
FAILED: UNABLE TO RUN COMPARISON -- TEST 'control_CubedSphereGrid_parallel_intel' [, ]( MB)
FAILED: UNABLE TO RUN COMPARISON -- TEST 'control_latlon_intel' [, ]( MB)
FAILED: UNABLE TO RUN COMPARISON -- TEST 'control_wrtGauss_netcdf_parallel_intel' [, ]( MB)
FAILED: UNABLE TO RUN COMPARISON -- TEST 'control_c48_intel' [, ]( MB)
PASS -- TEST 'control_c48.v2.sfc_intel' [14:33, 05:44](864 MB)
FAILED: UNABLE TO RUN COMPARISON -- TEST 'control_c192_intel' [, ]( MB)
FAILED: UNABLE TO RUN COMPARISON -- TEST 'control_c384_intel' [, ]( MB)
PASS -- TEST 'control_c384gdas_intel' [22:17, 07:24](1530 MB)
PASS -- TEST 'control_stochy_intel' [08:23, 01:25](672 MB)
PASS -- TEST 'control_stochy_restart_intel' [07:32, 00:55](546 MB)
PASS -- TEST 'control_lndp_intel' [10:21, 01:22](670 MB)
PASS -- TEST 'control_iovr4_intel' [13:28, 02:04](661 MB)
PASS -- TEST 'control_iovr5_intel' [12:23, 02:06](664 MB)
PASS -- TEST 'control_p8_intel' [10:51, 02:40](1640 MB)
PASS -- TEST 'control_p8.v2.sfc_intel' [09:03, 02:42](1635 MB)
PASS -- TEST 'control_p8_ugwpv1_intel' [08:58, 02:32](1637 MB)
PASS -- TEST 'control_restart_p8_intel' [07:59, 01:29](923 MB)
PASS -- TEST 'control_noqr_p8_intel' [08:55, 02:38](1635 MB)
PASS -- TEST 'control_restart_noqr_p8_intel' [09:05, 01:38](982 MB)
PASS -- TEST 'control_decomp_p8_intel' [07:53, 02:42](1638 MB)
PASS -- TEST 'control_2threads_p8_intel' [07:51, 02:27](1731 MB)
PASS -- TEST 'control_p8_lndp_intel' [09:38, 04:39](1650 MB)
PASS -- TEST 'control_p8_rrtmgp_intel' [10:03, 03:30](1719 MB)
PASS -- TEST 'control_p8_mynn_intel' [08:09, 02:33](1652 MB)
FAILED: UNABLE TO RUN COMPARISON -- TEST 'merra2_thompson_intel' [, ]( MB)
PASS -- TEST 'regional_control_intel' [08:38, 04:36](960 MB)
PASS -- TEST 'regional_restart_intel' [07:39, 02:34](1107 MB)
PASS -- TEST 'regional_decomp_intel' [08:32, 04:56](946 MB)
PASS -- TEST 'regional_2threads_intel' [06:33, 02:58](917 MB)
PASS -- TEST 'regional_noquilt_intel' [08:34, 04:29](1488 MB)
PASS -- TEST 'regional_netcdf_parallel_intel' [08:37, 04:39](958 MB)
PASS -- TEST 'regional_2dwrtdecomp_intel' [08:30, 04:59](943 MB)
PASS -- TEST 'regional_wofs_intel' [08:31, 05:48](2084 MB)

PASS -- COMPILE 'rrfs_intel' [08:10, 07:51]
PASS -- TEST 'rap_control_intel' [12:12, 06:39](1204 MB)
PASS -- TEST 'regional_spp_sppt_shum_skeb_intel' [06:53, 03:46](1454 MB)
PASS -- TEST 'rap_decomp_intel' [12:47, 06:52](1145 MB)
PASS -- TEST 'rap_2threads_intel' [12:46, 06:25](1375 MB)
PASS -- TEST 'rap_restart_intel' [05:11, 03:38](1130 MB)
PASS -- TEST 'rap_sfcdiff_intel' [12:57, 06:38](1201 MB)
PASS -- TEST 'rap_sfcdiff_decomp_intel' [12:45, 06:53](1141 MB)
PASS -- TEST 'rap_sfcdiff_restart_intel' [16:08, 04:57](1235 MB)
PASS -- TEST 'hrrr_control_intel' [08:56, 03:28](1074 MB)
PASS -- TEST 'hrrr_control_decomp_intel' [09:44, 03:32](1041 MB)
PASS -- TEST 'hrrr_control_2threads_intel' [08:46, 03:12](1123 MB)
PASS -- TEST 'hrrr_control_restart_intel' [02:36, 01:49](1030 MB)
PASS -- TEST 'rrfs_v1beta_intel' [12:59, 06:29](1187 MB)
PASS -- TEST 'rrfs_v1nssl_intel' [12:24, 07:49](2010 MB)
PASS -- TEST 'rrfs_v1nssl_nohailnoccn_intel' [12:24, 07:34](2159 MB)

PASS -- COMPILE 'csawmg_intel' [08:10, 07:29]
PASS -- TEST 'control_csawmg_intel' [10:39, 05:22](814 MB)
PASS -- TEST 'control_ras_intel' [07:22, 02:55](820 MB)

PASS -- COMPILE 'csawmg_gnu' [09:11, 03:51]
PASS -- TEST 'control_csawmg_gnu' [10:41, 06:39](809 MB)

PASS -- COMPILE 'wam_intel' [10:11, 06:36]
PASS -- TEST 'control_wam_intel' [05:27, 02:06](791 MB)

PASS -- COMPILE 'atm_faster_dyn32_intel' [13:11, 09:42]
PASS -- TEST 'control_p8_faster_intel' [06:03, 02:25](1645 MB)
PASS -- TEST 'regional_control_faster_intel' [07:34, 04:11](960 MB)

PASS -- COMPILE 'atm_debug_dyn32_intel' [07:11, 04:00]
FAILED: UNABLE TO RUN COMPARISON -- TEST 'control_CubedSphereGrid_debug_intel' [, ]( MB)
FAILED: UNABLE TO RUN COMPARISON -- TEST 'control_wrtGauss_netcdf_parallel_debug_intel' [, ]( MB)
PASS -- TEST 'control_stochy_debug_intel' [05:22, 02:30](843 MB)
PASS -- TEST 'control_lndp_debug_intel' [04:22, 02:18](825 MB)
PASS -- TEST 'control_csawmg_debug_intel' [04:37, 03:27](870 MB)
PASS -- TEST 'control_ras_debug_intel' [03:20, 02:16](828 MB)
FAILED: UNABLE TO RUN COMPARISON -- TEST 'control_diag_debug_intel' [, ]( MB)
PASS -- TEST 'control_debug_p8_intel' [04:43, 02:21](1655 MB)
PASS -- TEST 'regional_debug_intel' [15:39, 14:20](891 MB)
PASS -- TEST 'rap_control_debug_intel' [05:24, 04:07](1209 MB)
PASS -- TEST 'hrrr_control_debug_intel' [14:23, 04:03](1214 MB)
PASS -- TEST 'hrrr_gf_debug_intel' [14:21, 04:03](1221 MB)
PASS -- TEST 'hrrr_c3_debug_intel' [14:21, 04:05](1230 MB)
PASS -- TEST 'rap_unified_drag_suite_debug_intel' [14:22, 04:01](1231 MB)
PASS -- TEST 'rap_diag_debug_intel' [15:29, 04:17](1292 MB)
PASS -- TEST 'rap_cires_ugwp_debug_intel' [15:22, 04:13](1213 MB)
PASS -- TEST 'rap_unified_ugwp_debug_intel' [15:21, 04:13](1220 MB)
PASS -- TEST 'rap_lndp_debug_intel' [14:22, 04:08](1214 MB)
PASS -- TEST 'rap_progcld_thompson_debug_intel' [14:22, 04:12](1219 MB)
PASS -- TEST 'rap_noah_debug_intel' [14:22, 04:07](1222 MB)
PASS -- TEST 'rap_sfcdiff_debug_intel' [14:22, 04:14](1221 MB)
PASS -- TEST 'rap_noah_sfcdiff_cires_ugwp_debug_intel' [16:21, 06:38](1218 MB)
PASS -- TEST 'rrfs_v1beta_debug_intel' [14:20, 03:59](1221 MB)
PASS -- TEST 'rap_clm_lake_debug_intel' [15:20, 04:51](1216 MB)
PASS -- TEST 'rap_flake_debug_intel' [14:22, 04:03](1209 MB)
PASS -- TEST 'gnv1_c96_no_nest_debug_intel' [18:03, 07:00](1218 MB)

PASS -- COMPILE 'atm_debug_dyn32_gnu' [06:11, 03:53]
PASS -- TEST 'control_csawmg_debug_gnu' [15:39, 01:48](790 MB)

PASS -- COMPILE 'wam_debug_intel' [07:11, 02:29]

PASS -- COMPILE 'rrfs_dyn32_phy32_intel' [09:10, 06:20]
PASS -- TEST 'regional_spp_sppt_shum_skeb_dyn32_phy32_intel' [16:52, 03:36](1285 MB)
PASS -- TEST 'rap_control_dyn32_phy32_intel' [19:58, 05:37](1158 MB)
PASS -- TEST 'hrrr_control_dyn32_phy32_intel' [16:09, 03:05](1030 MB)
PASS -- TEST 'rap_2threads_dyn32_phy32_intel' [18:38, 05:20](1289 MB)
PASS -- TEST 'hrrr_control_2threads_dyn32_phy32_intel' [15:51, 02:53](1040 MB)
PASS -- TEST 'hrrr_control_decomp_dyn32_phy32_intel' [15:49, 03:08](1001 MB)
PASS -- TEST 'rap_restart_dyn32_phy32_intel' [10:00, 04:08](1094 MB)
PASS -- TEST 'hrrr_control_restart_dyn32_phy32_intel' [09:26, 01:38](960 MB)

PASS -- COMPILE 'rrfs_dyn32_phy32_faster_intel' [12:10, 09:13]
PASS -- TEST 'conus13km_control_intel' [06:47, 01:56](1303 MB)
PASS -- TEST 'conus13km_2threads_intel' [08:36, 01:02](1206 MB)
PASS -- TEST 'conus13km_restart_mismatch_intel' [08:40, 01:08](1148 MB)

PASS -- COMPILE 'rrfs_dyn64_phy32_intel' [09:10, 07:04]
PASS -- TEST 'rap_control_dyn64_phy32_intel' [08:41, 03:51](1097 MB)

PASS -- COMPILE 'rrfs_dyn32_phy32_debug_intel' [04:10, 03:11]
PASS -- TEST 'rap_control_debug_dyn32_phy32_intel' [08:23, 03:54](1097 MB)
PASS -- TEST 'hrrr_control_debug_dyn32_phy32_intel' [07:26, 03:51](1094 MB)
PASS -- TEST 'conus13km_debug_intel' [16:43, 11:49](1345 MB)
PASS -- TEST 'conus13km_debug_qr_intel' [16:43, 11:55](987 MB)
PASS -- TEST 'conus13km_debug_2threads_intel' [11:32, 06:49](1218 MB)
PASS -- TEST 'conus13km_radar_tten_debug_intel' [16:37, 12:03](1416 MB)

PASS -- COMPILE 'rrfs_dyn64_phy32_debug_intel' [04:10, 03:11]
PASS -- TEST 'rap_control_dyn64_phy32_debug_intel' [09:21, 04:06](1155 MB)

PASS -- COMPILE 'hafsw_intel' [11:11, 10:14]
PASS -- TEST 'hafs_regional_atm_intel' [08:08, 05:34](880 MB)
PASS -- TEST 'hafs_regional_atm_thompson_gfdlsf_intel' [06:27, 05:14](1282 MB)
PASS -- TEST 'hafs_regional_atm_ocn_intel' [12:23, 06:36](955 MB)
PASS -- TEST 'hafs_regional_atm_wav_intel' [19:10, 14:23](979 MB)
PASS -- TEST 'hafs_regional_atm_ocn_wav_intel' [23:19, 16:16](1016 MB)
PASS -- TEST 'hafs_regional_1nest_atm_intel' [13:05, 05:58](604 MB)
PASS -- TEST 'hafs_regional_telescopic_2nests_atm_intel' [14:23, 07:30](618 MB)
PASS -- TEST 'hafs_global_1nest_atm_intel' [09:57, 03:09](432 MB)
PASS -- TEST 'hafs_global_multiple_4nests_atm_intel' [13:24, 08:22](542 MB)
PASS -- TEST 'hafs_regional_specified_moving_1nest_atm_intel' [11:53, 04:43](616 MB)
PASS -- TEST 'hafs_regional_storm_following_1nest_atm_intel' [11:52, 03:54](615 MB)
PASS -- TEST 'hafs_regional_storm_following_1nest_atm_ocn_intel' [11:58, 05:13](674 MB)
PASS -- TEST 'hafs_global_storm_following_1nest_atm_intel' [08:28, 01:40](446 MB)

PASS -- COMPILE 'hafsw_debug_intel' [06:10, 02:57]
PASS -- TEST 'hafs_regional_storm_following_1nest_atm_ocn_debug_intel' [18:54, 11:24](632 MB)

PASS -- COMPILE 'hafsw_faster_intel' [17:11, 10:47]
PASS -- TEST 'hafs_regional_storm_following_1nest_atm_ocn_wav_intel' [26:01, 17:10](732 MB)
PASS -- TEST 'hafs_regional_storm_following_1nest_atm_ocn_wav_inline_intel' [23:11, 16:18](810 MB)

PASS -- COMPILE 'hafs_mom6w_intel' [17:11, 10:05]
PASS -- TEST 'hafs_regional_storm_following_1nest_atm_ocn_wav_mom6_intel' [17:04, 10:10](790 MB)

PASS -- COMPILE 'hafs_all_intel' [16:11, 09:55]
PASS -- TEST 'hafs_regional_docn_intel' [13:08, 05:41](956 MB)
PASS -- TEST 'hafs_regional_docn_oisst_intel' [13:08, 06:01](915 MB)
PASS -- TEST 'hafs_regional_datm_cdeps_intel' [22:45, 16:34](1333 MB)

PASS -- COMPILE 'datm_cdeps_intel' [13:10, 06:29]
PASS -- TEST 'datm_cdeps_control_cfsr_intel' [07:20, 02:10](1133 MB)
PASS -- TEST 'datm_cdeps_restart_cfsr_intel' [02:17, 01:24](1079 MB)
PASS -- TEST 'datm_cdeps_control_gefs_intel' [07:16, 02:05](1013 MB)
PASS -- TEST 'datm_cdeps_iau_gefs_intel' [07:19, 02:07](1019 MB)
PASS -- TEST 'datm_cdeps_stochy_gefs_intel' [06:17, 02:07](1013 MB)
PASS -- TEST 'datm_cdeps_ciceC_cfsr_intel' [04:18, 02:11](1130 MB)
PASS -- TEST 'datm_cdeps_bulk_cfsr_intel' [05:17, 02:11](1154 MB)
PASS -- TEST 'datm_cdeps_bulk_gefs_intel' [04:18, 02:04](1019 MB)
PASS -- TEST 'datm_cdeps_mx025_cfsr_intel' [06:03, 04:57](1160 MB)
PASS -- TEST 'datm_cdeps_mx025_gefs_intel' [05:56, 04:56](1140 MB)
PASS -- TEST 'datm_cdeps_multiple_files_cfsr_intel' [03:14, 02:10](1147 MB)
PASS -- TEST 'datm_cdeps_3072x1536_cfsr_intel' [03:17, 03:02](2330 MB)
PASS -- TEST 'datm_cdeps_gfs_intel' [03:18, 03:03](2432 MB)

PASS -- COMPILE 'datm_cdeps_debug_intel' [09:10, 03:03]
PASS -- TEST 'datm_cdeps_debug_cfsr_intel' [06:17, 05:12](1077 MB)

PASS -- COMPILE 'datm_cdeps_faster_intel' [08:10, 05:09]
PASS -- TEST 'datm_cdeps_control_cfsr_faster_intel' [03:17, 02:09](1128 MB)

PASS -- COMPILE 'datm_cdeps_land_intel' [04:10, 01:12]
PASS -- TEST 'datm_cdeps_lnd_gswp3_intel' [02:30, 01:03](328 MB)
PASS -- TEST 'datm_cdeps_lnd_era5_intel' [01:24, 01:02](561 MB)
PASS -- TEST 'datm_cdeps_lnd_era5_rst_intel' [01:22, 00:35](560 MB)

PASS -- COMPILE 'atml_intel' [11:11, 08:16]
PASS -- TEST 'control_p8_atmlnd_sbs_intel' [07:27, 05:49](1644 MB)
PASS -- TEST 'control_p8_atmlnd_intel' [07:20, 05:40](1657 MB)
PASS -- TEST 'control_restart_p8_atmlnd_intel' [03:51, 02:58](946 MB)

PASS -- COMPILE 'atmw_intel' [14:11, 09:44]
PASS -- TEST 'atmwav_control_noaero_p8_intel' [03:08, 01:34](1693 MB)

PASS -- COMPILE 'atmaero_intel' [13:11, 08:12]
PASS -- TEST 'atmaero_control_p8_intel' [05:09, 03:41](1792 MB)
PASS -- TEST 'atmaero_control_p8_rad_intel' [06:07, 04:16](1798 MB)
FAILED: UNABLE TO RUN COMPARISON -- TEST 'atmaero_control_p8_rad_micro_intel' [, ]( MB)

PASS -- COMPILE 'atmaq_debug_intel' [07:11, 03:49]
PASS -- TEST 'regional_atmaq_debug_intel' [19:39, 17:12](4590 MB)

PASS -- COMPILE 'atm_gnu' [07:10, 03:41]
FAILED: UNABLE TO RUN COMPARISON -- TEST 'control_c48_gnu' [, ]( MB)
PASS -- TEST 'control_stochy_gnu' [03:22, 02:19](730 MB)
PASS -- TEST 'control_ras_gnu' [05:20, 03:39](730 MB)
PASS -- TEST 'control_p8_gnu' [04:57, 03:34](1512 MB)
PASS -- TEST 'control_p8_ugwpv1_gnu' [05:50, 03:37](1513 MB)
PASS -- TEST 'control_flake_gnu' [05:20, 04:22](809 MB)

PASS -- COMPILE 'rrfs_gnu' [08:10, 05:01]
PASS -- TEST 'rap_control_gnu' [08:53, 07:44](1086 MB)
PASS -- TEST 'rap_decomp_gnu' [09:46, 07:45](1088 MB)
PASS -- TEST 'rap_2threads_gnu' [08:43, 07:12](1122 MB)
PASS -- TEST 'rap_restart_gnu' [09:58, 03:55](886 MB)
PASS -- TEST 'rap_sfcdiff_gnu' [09:54, 08:29](1086 MB)
PASS -- TEST 'rap_sfcdiff_decomp_gnu' [09:49, 07:47](1085 MB)
PASS -- TEST 'rap_sfcdiff_restart_gnu' [10:58, 05:43](885 MB)
PASS -- TEST 'hrrr_control_gnu' [05:47, 04:02](1076 MB)
PASS -- TEST 'hrrr_control_noqr_gnu' [05:43, 04:03](1134 MB)
PASS -- TEST 'hrrr_control_2threads_gnu' [04:57, 03:38](1021 MB)
PASS -- TEST 'hrrr_control_decomp_gnu' [04:42, 04:00](1073 MB)
PASS -- TEST 'hrrr_control_restart_gnu' [02:26, 02:05](881 MB)
PASS -- TEST 'hrrr_control_restart_noqr_gnu' [03:26, 02:05](934 MB)
PASS -- TEST 'rrfs_v1beta_gnu' [09:10, 07:46](1082 MB)

PASS -- COMPILE 'atm_dyn32_debug_gnu' [09:10, 05:52]
FAILED: UNABLE TO RUN COMPARISON -- TEST 'control_diag_debug_gnu' [, ]( MB)
PASS -- TEST 'regional_debug_gnu' [07:38, 06:27](925 MB)
PASS -- TEST 'rap_control_debug_gnu' [02:22, 01:58](1101 MB)
PASS -- TEST 'hrrr_control_debug_gnu' [02:19, 01:56](1088 MB)
PASS -- TEST 'hrrr_gf_debug_gnu' [03:22, 01:59](1095 MB)
PASS -- TEST 'hrrr_c3_debug_gnu' [03:21, 01:59](1094 MB)
PASS -- TEST 'rap_diag_debug_gnu' [03:29, 02:05](1270 MB)
PASS -- TEST 'rap_noah_sfcdiff_cires_ugwp_debug_gnu' [04:20, 03:06](1095 MB)
PASS -- TEST 'rap_progcld_thompson_debug_gnu' [02:21, 01:57](1097 MB)
PASS -- TEST 'rrfs_v1beta_debug_gnu' [02:20, 01:56](1090 MB)
PASS -- TEST 'control_ras_debug_gnu' [02:19, 01:15](726 MB)
PASS -- TEST 'control_stochy_debug_gnu' [02:19, 01:21](722 MB)
PASS -- TEST 'control_debug_p8_gnu' [02:41, 01:18](1506 MB)
PASS -- TEST 'rap_flake_debug_gnu' [02:26, 01:59](1097 MB)
PASS -- TEST 'rap_clm_lake_debug_gnu' [03:22, 02:10](1101 MB)
PASS -- TEST 'gnv1_c96_no_nest_debug_gnu' [05:03, 03:21](1104 MB)

PASS -- COMPILE 'wam_debug_gnu' [05:10, 03:21]
PASS -- TEST 'control_wam_debug_gnu' [03:31, 02:03](501 MB)

PASS -- COMPILE 'rrfs_dyn32_phy32_gnu' [06:10, 04:49]
PASS -- TEST 'rap_control_dyn32_phy32_gnu' [08:52, 07:27](962 MB)
PASS -- TEST 'hrrr_control_dyn32_phy32_gnu' [06:10, 03:54](951 MB)
PASS -- TEST 'rap_2threads_dyn32_phy32_gnu' [08:47, 06:51](995 MB)
PASS -- TEST 'hrrr_control_2threads_dyn32_phy32_gnu' [06:45, 03:36](893 MB)
PASS -- TEST 'hrrr_control_decomp_dyn32_phy32_gnu' [06:45, 03:57](957 MB)
PASS -- TEST 'rap_restart_dyn32_phy32_gnu' [06:49, 05:26](858 MB)
PASS -- TEST 'hrrr_control_restart_dyn32_phy32_gnu' [03:25, 01:58](857 MB)
PASS -- TEST 'conus13km_control_gnu' [06:48, 02:42](1266 MB)
PASS -- TEST 'conus13km_2threads_gnu' [02:32, 01:05](1174 MB)
PASS -- TEST 'conus13km_restart_mismatch_gnu' [03:36, 01:29](930 MB)

PASS -- COMPILE 'atm_dyn64_phy32_gnu' [16:11, 11:32]
PASS -- TEST 'rap_control_dyn64_phy32_gnu' [07:38, 04:28](987 MB)

PASS -- COMPILE 'atm_dyn32_phy32_debug_gnu' [14:11, 09:44]
PASS -- TEST 'rap_control_debug_dyn32_phy32_gnu' [05:20, 01:59](978 MB)
PASS -- TEST 'hrrr_control_debug_dyn32_phy32_gnu' [05:20, 01:55](968 MB)
PASS -- TEST 'conus13km_debug_gnu' [10:40, 05:30](1282 MB)
PASS -- TEST 'conus13km_debug_qr_gnu' [10:38, 05:37](968 MB)
PASS -- TEST 'conus13km_debug_2threads_gnu' [08:33, 03:22](1191 MB)
PASS -- TEST 'conus13km_radar_tten_debug_gnu' [10:35, 05:28](1350 MB)

PASS -- COMPILE 'atm_dyn64_phy32_debug_gnu' [14:11, 09:58]
PASS -- TEST 'rap_control_dyn64_phy32_debug_gnu' [07:24, 01:59](1001 MB)

PASS -- COMPILE 's2swa_gnu' [22:12, 17:59]

PASS -- COMPILE 's2s_gnu' [19:11, 17:30]

PASS -- COMPILE 's2swa_debug_gnu' [10:11, 09:01]

PASS -- COMPILE 's2sw_pdlib_gnu' [17:11, 16:17]

PASS -- COMPILE 's2sw_pdlib_debug_gnu' [05:11, 04:23]

PASS -- COMPILE 'datm_cdeps_gnu' [16:11, 14:16]

SYNOPSIS:
Starting Date/Time: 20240422 07:29:32
Ending Date/Time: 20240422 09:17:34
Total Time: 01h:48m:46s
Compiles Completed: 53/53
Tests Completed: 220/234
Failed Tests:
* TEST control_CubedSphereGrid_intel: FAILED: UNABLE TO RUN COMPARISON
-- LOG: /work/noaa/nems/zshrader/hercules/rt-2173/tests/logs/log_hercules/run_control_CubedSphereGrid_intel.log
* TEST control_CubedSphereGrid_parallel_intel: FAILED: UNABLE TO RUN COMPARISON
-- LOG: /work/noaa/nems/zshrader/hercules/rt-2173/tests/logs/log_hercules/run_control_CubedSphereGrid_parallel_intel.log
* TEST control_latlon_intel: FAILED: UNABLE TO RUN COMPARISON
-- LOG: /work/noaa/nems/zshrader/hercules/rt-2173/tests/logs/log_hercules/run_control_latlon_intel.log
* TEST control_wrtGauss_netcdf_parallel_intel: FAILED: UNABLE TO RUN COMPARISON
-- LOG: /work/noaa/nems/zshrader/hercules/rt-2173/tests/logs/log_hercules/run_control_wrtGauss_netcdf_parallel_intel.log
* TEST control_c48_intel: FAILED: UNABLE TO RUN COMPARISON
-- LOG: /work/noaa/nems/zshrader/hercules/rt-2173/tests/logs/log_hercules/run_control_c48_intel.log
* TEST control_c192_intel: FAILED: UNABLE TO RUN COMPARISON
-- LOG: /work/noaa/nems/zshrader/hercules/rt-2173/tests/logs/log_hercules/run_control_c192_intel.log
* TEST control_c384_intel: FAILED: UNABLE TO RUN COMPARISON
-- LOG: /work/noaa/nems/zshrader/hercules/rt-2173/tests/logs/log_hercules/run_control_c384_intel.log
* TEST merra2_thompson_intel: FAILED: UNABLE TO RUN COMPARISON
-- LOG: /work/noaa/nems/zshrader/hercules/rt-2173/tests/logs/log_hercules/run_merra2_thompson_intel.log
* TEST control_CubedSphereGrid_debug_intel: FAILED: UNABLE TO RUN COMPARISON
-- LOG: /work/noaa/nems/zshrader/hercules/rt-2173/tests/logs/log_hercules/run_control_CubedSphereGrid_debug_intel.log
* TEST control_wrtGauss_netcdf_parallel_debug_intel: FAILED: UNABLE TO RUN COMPARISON
-- LOG: /work/noaa/nems/zshrader/hercules/rt-2173/tests/logs/log_hercules/run_control_wrtGauss_netcdf_parallel_debug_intel.log
* TEST control_diag_debug_intel: FAILED: UNABLE TO RUN COMPARISON
-- LOG: /work/noaa/nems/zshrader/hercules/rt-2173/tests/logs/log_hercules/run_control_diag_debug_intel.log
* TEST atmaero_control_p8_rad_micro_intel: FAILED: UNABLE TO RUN COMPARISON
-- LOG: /work/noaa/nems/zshrader/hercules/rt-2173/tests/logs/log_hercules/run_atmaero_control_p8_rad_micro_intel.log
* TEST control_c48_gnu: FAILED: UNABLE TO RUN COMPARISON
-- LOG: /work/noaa/nems/zshrader/hercules/rt-2173/tests/logs/log_hercules/run_control_c48_gnu.log
* TEST control_diag_debug_gnu: FAILED: UNABLE TO RUN COMPARISON
-- LOG: /work/noaa/nems/zshrader/hercules/rt-2173/tests/logs/log_hercules/run_control_diag_debug_gnu.log

NOTES:
A file 'test_changes.list' was generated with list of all failed tests.
You can use './rt.sh -c -b test_changes.list' to create baselines for the failed tests.
If you are using this log as a pull request verification, please commit 'test_changes.list'.

Result: FAILURE

====END OF HERCULES REGRESSION TESTING LOG====
====START OF HERCULES REGRESSION TESTING LOG====

UFSWM hash used in testing:
d47726e50be21a6b878bfb05f03b0b9fbe725775

Submodule hashes used in testing:
 37cbb7d6840ae7515a9a8f0dfd4d89461b3396d1 AQM (v0.2.0-37-g37cbb7d)
 be5d28fd1b60522e6fc98aefeead20e6aac3530b AQM/src/model/CMAQ (CMAQv5.2.1_07Feb2018-198-gbe5d28fd1)
 3d7067a523b8557058755289e4275f5f5c985daf CDEPS-interface/CDEPS (cdeps0.4.17-40-g3d7067a)
 c9e4679f449e30bb4cc0f22164b4401a8b50f7a6 CICE-interface/CICE (CICE6.0.0-447-gc9e4679)
 f6ff8f7c4d4cb6feabe3651b13204cf43fc948e3 CICE-interface/CICE/icepack (Icepack1.1.0-182-gf6ff8f7)
 4e19850cb083bc474b7cde5dc2f8506ec74cc442 CMEPS-interface/CMEPS (cmeps_v0.4.1-2306-g4e19850)
 cabd7753ae17f7bfcc6dad56daf10868aa51c3f4 CMakeModules (v1.0.0-28-gcabd775)
 da95cc428d8b626e99250fd57a4279b4980044f8 FV3 (heads/develop)
 97114888f529c2df70ed4a350fd2428df74839ff FV3/atmos_cubed_sphere (201912_public_release-389-g9711488)
 011db4f80a02cba6d65958ace56e8efb197be62b FV3/ccpp/framework (ccpp_transition_to_vlab_master_20190705-704-g011db4f)
 9b0ac7b16a45afe5e7f1abf9571d3484158a5b43 FV3/ccpp/physics (EP4-741-g9b0ac7b1)
 74a0e098b2163425e4b5466c2dfcf8ae26d560a5 FV3/ccpp/physics/physics/Radiation/RRTMGP/rte-rrtmgp (v1.6)
 5faac752d9550d3570705358fa1eb3f5ac78a786 FV3/upp (upp_v10.2.0-185-g5faac75)
-1ba8270870947b583cd51bc72ff8960f4c1fb36e FV3/upp/sorc/libIFI.fd
-7476b8f2790a47d788f79cebfdbb551567ae7cf8 FV3/upp/sorc/ncep_post.fd/post_gtg.fd
 041422934cae1570f2f0e67239d5d89f11c6e1b7 GOCART (sdr_v2.1.2.6-119-g0414229)
 35789c757766e07f688b4c0c7c5229816f224b09 HYCOM-interface/HYCOM (2.3.00-121-g35789c7)
 ab7bd14d209592d55490e75dbfaa61cb4a62df97 MOM6-interface/MOM6 (dev/master/repository_split_2014.10.10-10032-gab7bd14d2)
 9423197f894112edfcb1502245f7d7b873d551f9 MOM6-interface/MOM6/pkg/CVMix-src (9423197)
 29e64d652786e1d076a05128c920f394202bfe10 MOM6-interface/MOM6/pkg/GSW-Fortran (29e64d6)
 6a51f0295bc1a877475b527157a33aa86eb532fe NOAHMP-interface/noahmp (v3.7.1-426-g6a51f02)
 d9b3172f4197c65d471662c6952a668152d71230 WW3 (6.07.1-345-gd9b3172f)
 31e4e3e57bad8a7cdaa0ce2d3c4efbca63b5f74a stochastic_physics (ufs-v2.0.0-216-g31e4e3e)


NOTES:
[Times](Memory) are at the end of each compile/test in format [MM:SS](Size).
The first time is for the full script (prep+run+finalize).
The second time is specifically for the run phase.
Times/Memory will be empty for failed tests.

BASELINE DIRECTORY: /work/noaa/epic/hercules/UFS-WM_RT/NEMSfv3gfs/develop-20240419
COMPARISON DIRECTORY: /work2/noaa/stmp/zshrader/stmp/zshrader/FV3_RT/rt_1349963

RT.SH OPTIONS USED:
* (-a) - HPC PROJECT ACCOUNT: epic
* (-l) - USE CONFIG FILE: rt.conf
* (-e) - USE ECFLOW

PASS -- COMPILE 'atm_dyn32_intel' [09:10, 08:28]
PASS -- TEST 'control_CubedSphereGrid_intel' [03:32, 02:43](1600 MB)
PASS -- TEST 'control_CubedSphereGrid_parallel_intel' [03:40, 02:40](1629 MB)
PASS -- TEST 'control_latlon_intel' [03:35, 02:46](1605 MB)
PASS -- TEST 'control_wrtGauss_netcdf_parallel_intel' [03:37, 02:40](1606 MB)
PASS -- TEST 'control_c48_intel' [07:43, 07:02](1748 MB)
PASS -- TEST 'control_c192_intel' [10:56, 09:11](1766 MB)
PASS -- TEST 'control_c384_intel' [12:28, 09:41](2053 MB)
PASS -- TEST 'merra2_thompson_intel' [03:45, 03:02](1658 MB)

PASS -- COMPILE 'atm_debug_dyn32_intel' [05:10, 04:36]
PASS -- TEST 'control_CubedSphereGrid_debug_intel' [03:38, 02:22](1632 MB)
PASS -- TEST 'control_wrtGauss_netcdf_parallel_debug_intel' [02:40, 02:09](1644 MB)
PASS -- TEST 'control_diag_debug_intel' [03:42, 02:24](1686 MB)

PASS -- COMPILE 'atmaero_intel' [08:10, 07:56]
PASS -- TEST 'atmaero_control_p8_rad_micro_intel' [05:35, 04:30](1814 MB)

PASS -- COMPILE 'atm_gnu' [05:10, 04:47]
PASS -- TEST 'control_c48_gnu' [10:45, 09:45](1574 MB)

PASS -- COMPILE 'atm_dyn32_debug_gnu' [06:10, 05:37]
PASS -- TEST 'control_diag_debug_gnu' [02:36, 01:19](1625 MB)

SYNOPSIS:
Starting Date/Time: 20240422 10:21:26
Ending Date/Time: 20240422 10:44:31
Total Time: 00h:23m:27s
Compiles Completed: 5/5
Tests Completed: 14/14

NOTES:
A file 'test_changes.list' was generated but is empty.
If you are using this log as a pull request verification, please commit 'test_changes.list'.

Result: SUCCESS

====END OF HERCULES REGRESSION TESTING LOG====