====START OF DERECHO REGRESSION TESTING LOG====

UFSWM hash used in testing:
aef829f3311f718f3cef6b1102e849370da1a983

Submodule hashes used in testing:
 37cbb7d6840ae7515a9a8f0dfd4d89461b3396d1 AQM (v0.2.0-37-g37cbb7d)
 be5d28fd1b60522e6fc98aefeead20e6aac3530b AQM/src/model/CMAQ (CMAQv5.2.1_07Feb2018-198-gbe5d28fd1)
 3d7067a523b8557058755289e4275f5f5c985daf CDEPS-interface/CDEPS (cdeps0.4.17-40-g3d7067a)
 c9e4679f449e30bb4cc0f22164b4401a8b50f7a6 CICE-interface/CICE (CICE6.0.0-447-gc9e4679)
 f6ff8f7c4d4cb6feabe3651b13204cf43fc948e3 CICE-interface/CICE/icepack (Icepack1.1.0-182-gf6ff8f7)
 4e19850cb083bc474b7cde5dc2f8506ec74cc442 CMEPS-interface/CMEPS (cmeps_v0.4.1-2306-g4e19850)
 cabd7753ae17f7bfcc6dad56daf10868aa51c3f4 CMakeModules (v1.0.0-28-gcabd775)
 da95cc428d8b626e99250fd57a4279b4980044f8 FV3 (heads/develop)
 97114888f529c2df70ed4a350fd2428df74839ff FV3/atmos_cubed_sphere (201912_public_release-389-g9711488)
 011db4f80a02cba6d65958ace56e8efb197be62b FV3/ccpp/framework (ccpp_transition_to_vlab_master_20190705-704-g011db4f)
 9b0ac7b16a45afe5e7f1abf9571d3484158a5b43 FV3/ccpp/physics (EP4-741-g9b0ac7b1)
 74a0e098b2163425e4b5466c2dfcf8ae26d560a5 FV3/ccpp/physics/physics/Radiation/RRTMGP/rte-rrtmgp (v1.6)
 5faac752d9550d3570705358fa1eb3f5ac78a786 FV3/upp (upp_v10.2.0-185-g5faac75)
-1ba8270870947b583cd51bc72ff8960f4c1fb36e FV3/upp/sorc/libIFI.fd
-7476b8f2790a47d788f79cebfdbb551567ae7cf8 FV3/upp/sorc/ncep_post.fd/post_gtg.fd
 041422934cae1570f2f0e67239d5d89f11c6e1b7 GOCART (sdr_v2.1.2.6-119-g0414229)
 35789c757766e07f688b4c0c7c5229816f224b09 HYCOM-interface/HYCOM (2.3.00-121-g35789c7)
 0730606b808f2979241d850e763955f5526a980c MOM6-interface/MOM6 (dev/master/repository_split_2014.10.10-10046-g0730606b8)
 9423197f894112edfcb1502245f7d7b873d551f9 MOM6-interface/MOM6/pkg/CVMix-src (9423197)
 29e64d652786e1d076a05128c920f394202bfe10 MOM6-interface/MOM6/pkg/GSW-Fortran (29e64d6)
 2f30e107fbc5959c4d4dbe614232e29ec3882a97 NOAHMP-interface/noahmp (v3.7.1-429-g2f30e10)
 d9b3172f4197c65d471662c6952a668152d71230 WW3 (6.07.1-345-gd9b3172f)
 31e4e3e57bad8a7cdaa0ce2d3c4efbca63b5f74a stochastic_physics (ufs-v2.0.0-216-g31e4e3e)


NOTES:
[Times](Memory) are at the end of each compile/test in format [MM:SS](Size).
The first time is for the full script (prep+run+finalize).
The second time is specifically for the run phase.
Times/Memory will be empty for failed tests.

BASELINE DIRECTORY: /glade/derecho/scratch/epicufsrt/ufs-weather-model/RT//NEMSfv3gfs/develop-20240426
COMPARISON DIRECTORY: /glade/derecho/scratch/epicufsrt/FV3_RT/rt_44306

RT.SH OPTIONS USED:
* (-a) - HPC PROJECT ACCOUNT: nral0032
* (-l) - USE CONFIG FILE: rt.conf
* (-e) - USE ECFLOW

PASS -- COMPILE 's2swa_32bit_intel' [20:14, 19:15] ( 6 warnings 10 remarks )
PASS -- TEST 'cpld_control_p8_mixedmode_intel' [08:07, 04:52](3076 MB)

PASS -- COMPILE 's2swa_32bit_pdlib_intel' [21:14, 20:33] ( 6 warnings 10 remarks )
PASS -- TEST 'cpld_control_gfsv17_intel' [15:55, 13:44](1689 MB)
PASS -- TEST 'cpld_control_gfsv17_iau_intel' [18:23, 14:55](1829 MB)
PASS -- TEST 'cpld_restart_gfsv17_intel' [10:33, 07:00](958 MB)
PASS -- TEST 'cpld_mpi_gfsv17_intel' [18:02, 15:45](1659 MB)

PASS -- COMPILE 's2swa_32bit_pdlib_debug_intel' [10:14, 09:05] ( 1530 warnings 1948 remarks )
PASS -- TEST 'cpld_debug_gfsv17_intel' [23:42, 21:20](1705 MB)

PASS -- COMPILE 's2swa_intel' [20:15, 19:14] ( 5 warnings 10 remarks )
PASS -- TEST 'cpld_control_p8_intel' [08:52, 05:33](3097 MB)
PASS -- TEST 'cpld_control_p8.v2.sfc_intel' [09:00, 05:34](3090 MB)
PASS -- TEST 'cpld_restart_p8_intel' [06:27, 03:14](3149 MB)
PASS -- TEST 'cpld_control_qr_p8_intel' [08:52, 05:33](3129 MB)
PASS -- TEST 'cpld_restart_qr_p8_intel' [06:27, 03:14](3182 MB)
PASS -- TEST 'cpld_decomp_p8_intel' [08:38, 05:27](3091 MB)
PASS -- TEST 'cpld_mpi_p8_intel' [07:24, 04:30](3384 MB)
PASS -- TEST 'cpld_control_ciceC_p8_intel' [08:56, 05:33](3099 MB)
PASS -- TEST 'cpld_control_c192_p8_intel' [12:39, 08:40](3635 MB)
PASS -- TEST 'cpld_restart_c192_p8_intel' [12:27, 05:40](3613 MB)
PASS -- TEST 'cpld_bmark_p8_intel' [24:39, 09:36](4345 MB)
PASS -- TEST 'cpld_restart_bmark_p8_intel' [17:29, 06:47](4648 MB)
PASS -- TEST 'cpld_s2sa_p8_intel' [08:23, 05:16](3070 MB)

PASS -- COMPILE 's2sw_intel' [19:15, 18:31] ( 5 warnings 10 remarks )
PASS -- TEST 'cpld_control_noaero_p8_intel' [06:41, 04:08](1681 MB)
PASS -- TEST 'cpld_control_nowave_noaero_p8_intel' [06:55, 04:11](1736 MB)

PASS -- COMPILE 's2swa_debug_intel' [10:13, 08:59] ( 1455 warnings 1209 remarks )
PASS -- TEST 'cpld_debug_p8_intel' [09:46, 07:43](3156 MB)

PASS -- COMPILE 's2sw_debug_intel' [09:14, 08:31] ( 1455 warnings 1209 remarks )
PASS -- TEST 'cpld_debug_noaero_p8_intel' [07:26, 05:16](1704 MB)

PASS -- COMPILE 's2s_aoflux_intel' [15:15, 14:09] ( 5 warnings 3 remarks )
PASS -- TEST 'cpld_control_noaero_p8_agrid_intel' [06:56, 04:13](1733 MB)

PASS -- COMPILE 's2s_intel' [15:15, 14:08] ( 5 warnings 3 remarks )
PASS -- TEST 'cpld_control_c48_intel' [08:00, 06:31](2668 MB)

PASS -- COMPILE 's2swa_faster_intel' [23:16, 22:40] ( 5 warnings 10 remarks )
PASS -- TEST 'cpld_control_p8_faster_intel' [08:25, 05:29](3101 MB)

PASS -- COMPILE 's2sw_pdlib_intel' [20:18, 19:41] ( 5 warnings 10 remarks )
PASS -- TEST 'cpld_control_pdlib_p8_intel' [16:35, 14:00](1707 MB)
PASS -- TEST 'cpld_restart_pdlib_p8_intel' [09:57, 07:04](1017 MB)
PASS -- TEST 'cpld_mpi_pdlib_p8_intel' [18:45, 15:58](1675 MB)

PASS -- COMPILE 's2sw_pdlib_debug_intel' [09:17, 08:33] ( 1565 warnings 1948 remarks )
PASS -- TEST 'cpld_debug_pdlib_p8_intel' [25:39, 22:59](1714 MB)

PASS -- COMPILE 'atm_dyn32_intel' [13:17, 12:28] ( 6 warnings 1 remarks )
PASS -- TEST 'control_flake_intel' [04:42, 03:22](671 MB)
PASS -- TEST 'control_CubedSphereGrid_intel' [04:30, 02:24](1569 MB)
PASS -- TEST 'control_CubedSphereGrid_parallel_intel' [04:46, 02:25](1573 MB)
PASS -- TEST 'control_latlon_intel' [04:29, 02:22](1576 MB)
PASS -- TEST 'control_wrtGauss_netcdf_parallel_intel' [04:30, 02:23](1563 MB)
PASS -- TEST 'control_c48_intel' [08:30, 06:14](1612 MB)
PASS -- TEST 'control_c48.v2.sfc_intel' [06:41, 05:15](739 MB)
PASS -- TEST 'control_c192_intel' [11:06, 08:38](1690 MB)
PASS -- TEST 'control_c384_intel' [15:32, 08:50](2001 MB)
PASS -- TEST 'control_c384gdas_intel' [15:15, 07:13](1200 MB)
PASS -- TEST 'control_stochy_intel' [02:37, 01:23](625 MB)
FAILED: RUN DID NOT COMPLETE -- TEST 'control_stochy_restart_intel' [, ]( MB)
PASS -- TEST 'control_lndp_intel' [02:35, 01:19](627 MB)
PASS -- TEST 'control_iovr4_intel' [03:37, 02:03](619 MB)
PASS -- TEST 'control_iovr5_intel' [03:34, 02:03](622 MB)
PASS -- TEST 'control_p8_intel' [04:33, 02:27](1605 MB)
PASS -- TEST 'control_p8.v2.sfc_intel' [04:29, 02:27](1596 MB)
PASS -- TEST 'control_p8_ugwpv1_intel' [04:23, 02:25](1599 MB)
PASS -- TEST 'control_restart_p8_intel' [03:15, 01:23](801 MB)
PASS -- TEST 'control_noqr_p8_intel' [04:34, 02:26](1585 MB)
PASS -- TEST 'control_restart_noqr_p8_intel' [03:24, 01:21](808 MB)
PASS -- TEST 'control_decomp_p8_intel' [04:33, 02:31](1598 MB)
PASS -- TEST 'control_p8_lndp_intel' [06:33, 04:19](1594 MB)
PASS -- TEST 'control_p8_rrtmgp_intel' [05:35, 03:16](1653 MB)
PASS -- TEST 'control_p8_mynn_intel' [04:36, 02:31](1606 MB)
PASS -- TEST 'merra2_thompson_intel' [04:36, 02:47](1607 MB)
PASS -- TEST 'regional_control_intel' [06:01, 04:29](631 MB)
PASS -- TEST 'regional_restart_intel' [04:12, 02:28](798 MB)
PASS -- TEST 'regional_decomp_intel' [06:04, 04:41](628 MB)
PASS -- TEST 'regional_noquilt_intel' [06:01, 04:23](1160 MB)
PASS -- TEST 'regional_netcdf_parallel_intel' [06:08, 04:26](625 MB)
PASS -- TEST 'regional_2dwrtdecomp_intel' [05:59, 04:28](632 MB)
PASS -- TEST 'regional_wofs_intel' [06:53, 05:36](1603 MB)

PASS -- COMPILE 'rrfs_intel' [12:12, 11:02] ( 8 warnings 9 remarks )
PASS -- TEST 'rap_control_intel' [08:08, 06:06](1008 MB)
PASS -- TEST 'regional_spp_sppt_shum_skeb_intel' [07:28, 03:49](1194 MB)
PASS -- TEST 'rap_decomp_intel' [08:14, 06:19](1003 MB)
PASS -- TEST 'rap_restart_intel' [05:07, 03:13](878 MB)
PASS -- TEST 'rap_sfcdiff_intel' [08:11, 06:03](1005 MB)
PASS -- TEST 'rap_sfcdiff_decomp_intel' [08:05, 06:20](1002 MB)
PASS -- TEST 'rap_sfcdiff_restart_intel' [06:05, 04:34](882 MB)
PASS -- TEST 'hrrr_control_intel' [05:06, 03:10](1000 MB)
PASS -- TEST 'hrrr_control_decomp_intel' [05:02, 03:15](999 MB)
PASS -- TEST 'hrrr_control_2threads_intel' [05:06, 02:46](1091 MB)
PASS -- TEST 'hrrr_control_restart_intel' [02:41, 01:44](834 MB)
PASS -- TEST 'rrfs_v1beta_intel' [08:02, 05:56](1000 MB)
PASS -- TEST 'rrfs_v1nssl_intel' [08:39, 07:20](1958 MB)
PASS -- TEST 'rrfs_v1nssl_nohailnoccn_intel' [08:40, 07:05](1950 MB)

PASS -- COMPILE 'csawmg_intel' [11:12, 09:58] ( 6 warnings )
PASS -- TEST 'control_csawmg_intel' [08:00, 05:47](692 MB)
PASS -- TEST 'control_ras_intel' [04:32, 02:50](658 MB)

PASS -- COMPILE 'wam_intel' [10:12, 09:28] ( 5 warnings )
PASS -- TEST 'control_wam_intel' [03:25, 01:56](381 MB)

PASS -- COMPILE 'atm_faster_dyn32_intel' [13:19, 12:23] ( 5 warnings 1 remarks )
PASS -- TEST 'control_p8_faster_intel' [04:36, 02:25](1594 MB)
PASS -- TEST 'regional_control_faster_intel' [06:01, 04:15](624 MB)

PASS -- COMPILE 'atm_debug_dyn32_intel' [09:17, 08:20] ( 890 warnings 9 remarks )
PASS -- TEST 'control_CubedSphereGrid_debug_intel' [04:15, 02:30](1600 MB)
PASS -- TEST 'control_wrtGauss_netcdf_parallel_debug_intel' [04:17, 02:26](1591 MB)
PASS -- TEST 'control_stochy_debug_intel' [04:39, 02:53](801 MB)
PASS -- TEST 'control_lndp_debug_intel' [03:32, 02:33](801 MB)
PASS -- TEST 'control_csawmg_debug_intel' [06:17, 04:00](838 MB)
PASS -- TEST 'control_ras_debug_intel' [03:28, 02:35](806 MB)
PASS -- TEST 'control_diag_debug_intel' [04:45, 02:32](1654 MB)
PASS -- TEST 'control_debug_p8_intel' [04:05, 02:38](1623 MB)
PASS -- TEST 'regional_debug_intel' [17:52, 16:13](661 MB)
PASS -- TEST 'rap_control_debug_intel' [05:34, 04:40](1179 MB)
PASS -- TEST 'hrrr_control_debug_intel' [05:33, 04:31](1178 MB)
PASS -- TEST 'hrrr_gf_debug_intel' [05:40, 04:34](1181 MB)
PASS -- TEST 'hrrr_c3_debug_intel' [05:30, 04:41](1181 MB)
PASS -- TEST 'rap_unified_drag_suite_debug_intel' [05:39, 04:41](1178 MB)
PASS -- TEST 'rap_diag_debug_intel' [06:59, 04:49](1265 MB)
PASS -- TEST 'rap_cires_ugwp_debug_intel' [05:33, 04:41](1180 MB)
PASS -- TEST 'rap_unified_ugwp_debug_intel' [05:34, 04:43](1184 MB)
PASS -- TEST 'rap_lndp_debug_intel' [05:29, 04:42](1180 MB)
PASS -- TEST 'rap_progcld_thompson_debug_intel' [06:26, 04:44](1180 MB)
PASS -- TEST 'rap_noah_debug_intel' [05:30, 04:37](1179 MB)
PASS -- TEST 'rap_sfcdiff_debug_intel' [05:29, 04:36](1179 MB)
PASS -- TEST 'rap_noah_sfcdiff_cires_ugwp_debug_intel' [08:30, 07:25](1179 MB)
PASS -- TEST 'rrfs_v1beta_debug_intel' [06:28, 04:44](1177 MB)
PASS -- TEST 'rap_clm_lake_debug_intel' [06:32, 05:27](1183 MB)
PASS -- TEST 'rap_flake_debug_intel' [05:24, 04:44](1180 MB)
PASS -- TEST 'gnv1_c96_no_nest_debug_intel' [10:11, 08:00](1187 MB)

PASS -- COMPILE 'wam_debug_intel' [06:12, 05:08] ( 860 warnings )
PASS -- TEST 'control_wam_debug_intel' [06:24, 04:36](424 MB)

PASS -- COMPILE 'rrfs_dyn32_phy32_intel' [10:18, 09:37] ( 8 warnings 8 remarks )
PASS -- TEST 'regional_spp_sppt_shum_skeb_dyn32_phy32_intel' [05:51, 03:25](1061 MB)
PASS -- TEST 'rap_control_dyn32_phy32_intel' [07:04, 05:05](881 MB)
PASS -- TEST 'hrrr_control_dyn32_phy32_intel' [04:05, 02:45](882 MB)
PASS -- TEST 'hrrr_control_decomp_dyn32_phy32_intel' [03:59, 02:49](885 MB)
PASS -- TEST 'rap_restart_dyn32_phy32_intel' [05:08, 03:49](797 MB)
PASS -- TEST 'hrrr_control_restart_dyn32_phy32_intel' [02:39, 01:31](780 MB)

PASS -- COMPILE 'rrfs_dyn32_phy32_faster_intel' [12:13, 11:34] ( 8 warnings 8 remarks )
PASS -- TEST 'conus13km_control_intel' [05:14, 01:50](1083 MB)
PASS -- TEST 'conus13km_2threads_intel' [03:44, 00:54](1083 MB)
PASS -- TEST 'conus13km_restart_mismatch_intel' [03:45, 01:05](974 MB)

PASS -- COMPILE 'rrfs_dyn64_phy32_intel' [10:18, 09:33] ( 8 warnings 8 remarks )
PASS -- TEST 'rap_control_dyn64_phy32_intel' [04:52, 03:35](910 MB)

PASS -- COMPILE 'rrfs_dyn32_phy32_debug_intel' [06:12, 05:31] ( 792 warnings 8 remarks )
PASS -- TEST 'rap_control_debug_dyn32_phy32_intel' [05:40, 04:29](1060 MB)
PASS -- TEST 'hrrr_control_debug_dyn32_phy32_intel' [05:33, 04:22](1061 MB)
PASS -- TEST 'conus13km_debug_intel' [15:54, 13:22](1137 MB)
PASS -- TEST 'conus13km_debug_qr_intel' [16:49, 13:53](820 MB)
PASS -- TEST 'conus13km_radar_tten_debug_intel' [15:39, 13:16](1204 MB)

PASS -- COMPILE 'rrfs_dyn64_phy32_debug_intel' [06:12, 05:18] ( 792 warnings 8 remarks )
PASS -- TEST 'rap_control_dyn64_phy32_debug_intel' [05:30, 04:31](1082 MB)

PASS -- COMPILE 'hafsw_intel' [16:18, 15:39] ( 6 warnings 9 remarks )
PASS -- TEST 'hafs_regional_atm_intel' [06:25, 04:26](719 MB)
PASS -- TEST 'hafs_regional_atm_thompson_gfdlsf_intel' [06:52, 04:56](1072 MB)
PASS -- TEST 'hafs_regional_atm_ocn_intel' [08:50, 06:19](777 MB)
PASS -- TEST 'hafs_regional_atm_wav_intel' [13:43, 10:49](795 MB)
PASS -- TEST 'hafs_regional_atm_ocn_wav_intel' [14:08, 11:56](815 MB)
PASS -- TEST 'hafs_regional_1nest_atm_intel' [06:15, 04:37](474 MB)
PASS -- TEST 'hafs_regional_telescopic_2nests_atm_intel' [07:42, 05:39](492 MB)
PASS -- TEST 'hafs_global_1nest_atm_intel' [04:04, 02:15](392 MB)
PASS -- TEST 'hafs_global_multiple_4nests_atm_intel' [09:40, 06:08](458 MB)
PASS -- TEST 'hafs_regional_specified_moving_1nest_atm_intel' [05:14, 03:14](508 MB)
PASS -- TEST 'hafs_regional_storm_following_1nest_atm_intel' [05:24, 03:00](511 MB)
PASS -- TEST 'hafs_regional_storm_following_1nest_atm_ocn_intel' [05:26, 03:42](591 MB)
PASS -- TEST 'hafs_global_storm_following_1nest_atm_intel' [02:37, 01:10](426 MB)
PASS -- TEST 'gnv1_nested_intel' [05:14, 03:16](791 MB)

PASS -- COMPILE 'hafsw_debug_intel' [07:12, 06:49] ( 1472 warnings 1481 remarks )
PASS -- TEST 'hafs_regional_storm_following_1nest_atm_ocn_debug_intel' [14:34, 11:59](615 MB)

PASS -- COMPILE 'hafsw_faster_intel' [20:20, 19:25] ( 5 warnings 8 remarks )
PASS -- TEST 'hafs_regional_storm_following_1nest_atm_ocn_wav_intel' [09:25, 07:00](633 MB)
PASS -- TEST 'hafs_regional_storm_following_1nest_atm_ocn_wav_inline_intel' [09:36, 07:04](692 MB)

PASS -- COMPILE 'hafs_mom6w_intel' [17:18, 16:23] ( 5 warnings 7 remarks )
PASS -- TEST 'hafs_regional_storm_following_1nest_atm_ocn_wav_mom6_intel' [07:32, 05:15](677 MB)

FAILED: UNABLE TO COMPILE -- COMPILE 'hafs_all_intel' [, ]
FAILED: UNABLE TO START RUN -- TEST 'hafs_regional_docn_intel' [, ]( MB)
FAILED: UNABLE TO START RUN -- TEST 'hafs_regional_docn_oisst_intel' [, ]( MB)
FAILED: UNABLE TO START RUN -- TEST 'hafs_regional_datm_cdeps_intel' [, ]( MB)

PASS -- COMPILE 'datm_cdeps_intel' [08:19, 07:36] ( 5 warnings 2 remarks )
PASS -- TEST 'datm_cdeps_control_cfsr_intel' [03:32, 02:28](760 MB)
PASS -- TEST 'datm_cdeps_restart_cfsr_intel' [02:30, 01:30](749 MB)
PASS -- TEST 'datm_cdeps_control_gefs_intel' [03:32, 02:20](640 MB)
PASS -- TEST 'datm_cdeps_iau_gefs_intel' [03:29, 02:22](642 MB)
PASS -- TEST 'datm_cdeps_stochy_gefs_intel' [03:31, 02:22](643 MB)
PASS -- TEST 'datm_cdeps_ciceC_cfsr_intel' [03:34, 02:26](761 MB)
PASS -- TEST 'datm_cdeps_bulk_cfsr_intel' [03:29, 02:28](760 MB)
PASS -- TEST 'datm_cdeps_bulk_gefs_intel' [03:31, 02:18](639 MB)
PASS -- TEST 'datm_cdeps_mx025_cfsr_intel' [09:23, 05:35](692 MB)
PASS -- TEST 'datm_cdeps_mx025_gefs_intel' [09:10, 05:35](672 MB)
PASS -- TEST 'datm_cdeps_multiple_files_cfsr_intel' [03:22, 02:26](748 MB)
PASS -- TEST 'datm_cdeps_3072x1536_cfsr_intel' [04:26, 03:50](2016 MB)
PASS -- TEST 'datm_cdeps_gfs_intel' [04:26, 03:49](2019 MB)

PASS -- COMPILE 'datm_cdeps_debug_intel' [05:17, 04:53] ( 7 warnings 2 remarks )
PASS -- TEST 'datm_cdeps_debug_cfsr_intel' [06:26, 05:03](746 MB)

PASS -- COMPILE 'datm_cdeps_faster_intel' [08:18, 07:34] ( 5 warnings 2 remarks )
PASS -- TEST 'datm_cdeps_control_cfsr_faster_intel' [03:28, 02:27](762 MB)

PASS -- COMPILE 'datm_cdeps_land_intel' [03:17, 02:14] ( 1 remarks )
PASS -- TEST 'datm_cdeps_lnd_gswp3_intel' [02:37, 01:03](310 MB)
PASS -- TEST 'datm_cdeps_lnd_era5_intel' [02:37, 01:00](453 MB)
PASS -- TEST 'datm_cdeps_lnd_era5_rst_intel' [01:31, 00:39](454 MB)

PASS -- COMPILE 'atml_intel' [14:13, 12:51] ( 13 warnings 2 remarks )
PASS -- TEST 'control_p8_atmlnd_sbs_intel' [07:38, 05:41](1631 MB)
PASS -- TEST 'control_p8_atmlnd_intel' [07:34, 05:16](1644 MB)
PASS -- TEST 'control_restart_p8_atmlnd_intel' [05:15, 02:48](856 MB)

PASS -- COMPILE 'atml_debug_intel' [08:19, 07:23] ( 885 warnings 2 remarks )
FAILED: UNABLE TO RUN COMPARISON -- TEST 'control_p8_atmlnd_debug_intel' [, ]( MB)

PASS -- COMPILE 'atmw_intel' [14:13, 12:29] ( 5 warnings 8 remarks )
PASS -- TEST 'atmwav_control_noaero_p8_intel' [03:16, 01:31](1638 MB)

PASS -- COMPILE 'atmaero_intel' [12:13, 10:56] ( 5 warnings 1 remarks )
PASS -- TEST 'atmaero_control_p8_intel' [05:25, 03:35](2947 MB)
PASS -- TEST 'atmaero_control_p8_rad_intel' [06:46, 04:11](3000 MB)
PASS -- TEST 'atmaero_control_p8_rad_micro_intel' [06:14, 04:16](3011 MB)

PASS -- COMPILE 'atmaq_debug_intel' [07:11, 06:05] ( 889 warnings 6 remarks )
PASS -- TEST 'regional_atmaq_debug_intel' [25:06, 21:50](4535 MB)

SYNOPSIS:
Starting Date/Time: 20240428 22:53:16
Ending Date/Time: 20240429 00:51:54
Total Time: 01h:59m:25s
Compiles Completed: 37/38
Tests Completed: 168/173
Failed Compiles:
* COMPILE hafs_all_intel: FAILED: UNABLE TO COMPILE
-- LOG: /glade/derecho/scratch/epicufsrt/jenkins/workspace/s-weather-model_pipeline_PR-2191/tests/logs/log_derecho/compile_hafs_all_intel.log
Failed Tests:
* TEST control_stochy_restart_intel: FAILED: RUN DID NOT COMPLETE
-- LOG: /glade/derecho/scratch/epicufsrt/jenkins/workspace/s-weather-model_pipeline_PR-2191/tests/logs/log_derecho/run_control_stochy_restart_intel.log
* TEST hafs_regional_docn_intel: FAILED: UNABLE TO START RUN
-- LOG: N/A
* TEST hafs_regional_docn_oisst_intel: FAILED: UNABLE TO START RUN
-- LOG: N/A
* TEST hafs_regional_datm_cdeps_intel: FAILED: UNABLE TO START RUN
-- LOG: N/A
* TEST control_p8_atmlnd_debug_intel: FAILED: UNABLE TO RUN COMPARISON
-- LOG: /glade/derecho/scratch/epicufsrt/jenkins/workspace/s-weather-model_pipeline_PR-2191/tests/logs/log_derecho/run_control_p8_atmlnd_debug_intel.log

NOTES:
A file 'test_changes.list' was generated with list of all failed tests.
You can use './rt.sh -c -b test_changes.list' to create baselines for the failed tests.
If you are using this log as a pull request verification, please commit 'test_changes.list'.

Result: FAILURE

====END OF DERECHO REGRESSION TESTING LOG====
