TEST5

====START OF JET REGRESSION TESTING LOG====

UFSWM hash used in testing:
59efb751087aed49bf96c2f722ba7013cbe33785

Submodule hashes used in testing:
 37cbb7d6840ae7515a9a8f0dfd4d89461b3396d1 AQM (v0.2.0-37-g37cbb7d)
 be5d28fd1b60522e6fc98aefeead20e6aac3530b AQM/src/model/CMAQ (CMAQv5.2.1_07Feb2018-198-gbe5d28fd1)
 3d7067a523b8557058755289e4275f5f5c985daf CDEPS-interface/CDEPS (cdeps0.4.17-40-g3d7067a)
 c9e4679f449e30bb4cc0f22164b4401a8b50f7a6 CICE-interface/CICE (CICE6.0.0-447-gc9e4679)
 f6ff8f7c4d4cb6feabe3651b13204cf43fc948e3 CICE-interface/CICE/icepack (Icepack1.1.0-182-gf6ff8f7)
 4e19850cb083bc474b7cde5dc2f8506ec74cc442 CMEPS-interface/CMEPS (cmeps_v0.4.1-2306-g4e19850)
 cabd7753ae17f7bfcc6dad56daf10868aa51c3f4 CMakeModules (v1.0.0-28-gcabd775)
 da95cc428d8b626e99250fd57a4279b4980044f8 FV3 (heads/develop)
 97114888f529c2df70ed4a350fd2428df74839ff FV3/atmos_cubed_sphere (201912_public_release-389-g9711488)
 011db4f80a02cba6d65958ace56e8efb197be62b FV3/ccpp/framework (ccpp_transition_to_vlab_master_20190705-704-g011db4f)
 9b0ac7b16a45afe5e7f1abf9571d3484158a5b43 FV3/ccpp/physics (EP4-741-g9b0ac7b1)
 74a0e098b2163425e4b5466c2dfcf8ae26d560a5 FV3/ccpp/physics/physics/Radiation/RRTMGP/rte-rrtmgp (v1.6)
 5faac752d9550d3570705358fa1eb3f5ac78a786 FV3/upp (upp_v10.2.0-185-g5faac75)
-1ba8270870947b583cd51bc72ff8960f4c1fb36e FV3/upp/sorc/libIFI.fd
-7476b8f2790a47d788f79cebfdbb551567ae7cf8 FV3/upp/sorc/ncep_post.fd/post_gtg.fd
 041422934cae1570f2f0e67239d5d89f11c6e1b7 GOCART (sdr_v2.1.2.6-119-g0414229)
 35789c757766e07f688b4c0c7c5229816f224b09 HYCOM-interface/HYCOM (2.3.00-121-g35789c7)
 6d0150d6c212c7052e73aa8ab76418d5b28fb780 MOM6-interface/MOM6 (dev/master/repository_split_2014.10.10-10045-g6d0150d6c)
 9423197f894112edfcb1502245f7d7b873d551f9 MOM6-interface/MOM6/pkg/CVMix-src (9423197)
 29e64d652786e1d076a05128c920f394202bfe10 MOM6-interface/MOM6/pkg/GSW-Fortran (29e64d6)
 6a51f0295bc1a877475b527157a33aa86eb532fe NOAHMP-interface/noahmp (v3.7.1-426-g6a51f02)
 d9b3172f4197c65d471662c6952a668152d71230 WW3 (6.07.1-345-gd9b3172f)
 31e4e3e57bad8a7cdaa0ce2d3c4efbca63b5f74a stochastic_physics (ufs-v2.0.0-216-g31e4e3e)


NOTES:
[Times](Memory) are at the end of each compile/test in format [MM:SS](Size).
The first time is for the full script (prep+run+finalize).
The second time is specifically for the run phase.
Times/Memory will be empty for failed tests.

BASELINE DIRECTORY: /mnt/lfs4/HFIP/hfv3gfs/role.epic/RT/NEMSfv3gfs/develop-20240419
COMPARISON DIRECTORY: /lfs4/HFIP/h-nems/Zachary.Shrader/RT_RUNDIRS/Zachary.Shrader/FV3_RT/rt_4037119

RT.SH OPTIONS USED:
* (-a) - HPC PROJECT ACCOUNT: h-nems
* (-l) - USE CONFIG FILE: rt.conf
* (-r) - USE ROCOTO

PASS -- COMPILE 's2swa_32bit_intel' [38:58, 38:57]
PASS -- TEST 'cpld_control_p8_mixedmode_intel' [08:16, 06:54](1772 MB)

PASS -- COMPILE 's2swa_32bit_pdlib_intel' [48:05, 48:04]
PASS -- TEST 'cpld_control_gfsv17_intel' [22:34, 20:51](1656 MB)
PASS -- TEST 'cpld_control_gfsv17_iau_intel' [24:16, 22:28](1871 MB)
PASS -- TEST 'cpld_restart_gfsv17_intel' [12:14, 10:26](993 MB)
PASS -- TEST 'cpld_mpi_gfsv17_intel' [25:41, 23:57](1618 MB)

PASS -- COMPILE 's2swa_intel' [38:54, 38:53]
PASS -- TEST 'cpld_control_p8_intel' [08:51, 07:30](1831 MB)
FAILED: TEST TIMED OUT -- TEST 'cpld_control_p8.v2.sfc_intel' [, ]( MB)
PASS -- TEST 'cpld_restart_p8_intel' [05:51, 04:24](1711 MB)
PASS -- TEST 'cpld_control_qr_p8_intel' [09:08, 07:43](1825 MB)
PASS -- TEST 'cpld_restart_qr_p8_intel' [06:05, 04:31](1733 MB)
PASS -- TEST 'cpld_2threads_p8_intel' [08:27, 07:11](2265 MB)
PASS -- TEST 'cpld_decomp_p8_intel' [08:54, 07:36](1813 MB)
PASS -- TEST 'cpld_mpi_p8_intel' [07:46, 06:25](1773 MB)
PASS -- TEST 'cpld_control_ciceC_p8_intel' [08:58, 07:37](1813 MB)
PASS -- TEST 'cpld_s2sa_p8_intel' [08:33, 07:16](1753 MB)

PASS -- COMPILE 's2sw_intel' [36:24, 36:23]
PASS -- TEST 'cpld_control_noaero_p8_intel' [06:56, 05:52](1669 MB)
PASS -- TEST 'cpld_control_nowave_noaero_p8_intel' [07:01, 05:44](1710 MB)

PASS -- COMPILE 's2swa_debug_intel' [05:15, 05:14]
PASS -- TEST 'cpld_debug_p8_intel' [11:55, 10:36](1846 MB)

PASS -- COMPILE 's2sw_debug_intel' [04:51, 04:50]
PASS -- TEST 'cpld_debug_noaero_p8_intel' [08:24, 07:16](1651 MB)

PASS -- COMPILE 's2s_aoflux_intel' [32:13, 32:12]
PASS -- TEST 'cpld_control_noaero_p8_agrid_intel' [07:04, 05:44](1707 MB)

PASS -- COMPILE 's2s_intel' [32:46, 32:46]
PASS -- TEST 'cpld_control_c48_intel' [13:29, 12:45](2799 MB)

PASS -- COMPILE 's2swa_faster_intel' [34:23, 34:22]
PASS -- TEST 'cpld_control_p8_faster_intel' [08:40, 07:14](1821 MB)

PASS -- COMPILE 's2sw_pdlib_intel' [53:05, 53:05]
PASS -- TEST 'cpld_control_pdlib_p8_intel' [22:01, 20:51](1669 MB)
PASS -- TEST 'cpld_restart_pdlib_p8_intel' [11:51, 10:31](1024 MB)
PASS -- TEST 'cpld_mpi_pdlib_p8_intel' [23:01, 21:54](1646 MB)

PASS -- COMPILE 's2sw_pdlib_debug_intel' [05:03, 05:02]
PASS -- TEST 'cpld_debug_pdlib_p8_intel' [33:16, 32:11](1682 MB)

PASS -- COMPILE 'atm_dyn32_intel' [35:04, 35:04]
PASS -- TEST 'control_flake_intel' [04:46, 04:29](646 MB)
FAILED: TEST TIMED OUT -- TEST 'control_CubedSphereGrid_intel' [, ]( MB)
PASS -- TEST 'control_CubedSphereGrid_parallel_intel' [04:45, 04:00](1541 MB)
PASS -- TEST 'control_latlon_intel' [04:27, 03:51](1529 MB)
PASS -- TEST 'control_wrtGauss_netcdf_parallel_intel' [04:51, 04:07](1529 MB)
PASS -- TEST 'control_c48_intel' [12:32, 11:54](1718 MB)
PASS -- TEST 'control_c48.v2.sfc_intel' [10:27, 10:08](848 MB)
PASS -- TEST 'control_c192_intel' [15:17, 14:18](1678 MB)
PASS -- TEST 'control_c384_intel' [19:48, 18:10](1826 MB)
PASS -- TEST 'control_c384gdas_intel' [16:16, 13:36](1001 MB)
PASS -- TEST 'control_stochy_intel' [02:27, 02:11](602 MB)
PASS -- TEST 'control_stochy_restart_intel' [01:34, 01:19](434 MB)
PASS -- TEST 'control_lndp_intel' [02:23, 02:07](602 MB)
PASS -- TEST 'control_iovr4_intel' [03:31, 03:17](595 MB)
PASS -- TEST 'control_iovr5_intel' [03:31, 03:17](603 MB)
PASS -- TEST 'control_p8_intel' [05:11, 04:05](1549 MB)
PASS -- TEST 'control_p8.v2.sfc_intel' [05:05, 04:00](1579 MB)
PASS -- TEST 'control_p8_ugwpv1_intel' [05:13, 03:53](1574 MB)
PASS -- TEST 'control_restart_p8_intel' [03:09, 02:13](808 MB)
PASS -- TEST 'control_noqr_p8_intel' [05:01, 03:53](1564 MB)
PASS -- TEST 'control_restart_noqr_p8_intel' [03:15, 02:07](849 MB)
PASS -- TEST 'control_decomp_p8_intel' [05:03, 04:02](1563 MB)
PASS -- TEST 'control_2threads_p8_intel' [04:54, 03:46](1651 MB)
PASS -- TEST 'control_p8_lndp_intel' [07:40, 07:02](1573 MB)
PASS -- TEST 'control_p8_rrtmgp_intel' [06:47, 05:29](1608 MB)
PASS -- TEST 'control_p8_mynn_intel' [05:18, 04:05](1572 MB)
PASS -- TEST 'merra2_thompson_intel' [05:45, 04:19](1581 MB)
PASS -- TEST 'regional_control_intel' [07:44, 07:09](758 MB)
PASS -- TEST 'regional_restart_intel' [04:14, 03:48](930 MB)
PASS -- TEST 'regional_decomp_intel' [08:08, 07:33](759 MB)
PASS -- TEST 'regional_2threads_intel' [05:06, 04:31](757 MB)
PASS -- TEST 'regional_netcdf_parallel_intel' [07:46, 07:04](761 MB)
PASS -- TEST 'regional_2dwrtdecomp_intel' [07:40, 07:04](761 MB)

PASS -- COMPILE 'rrfs_intel' [32:59, 32:58]
PASS -- TEST 'rap_control_intel' [11:08, 10:04](991 MB)
PASS -- TEST 'regional_spp_sppt_shum_skeb_intel' [06:32, 05:35](1214 MB)
PASS -- TEST 'rap_decomp_intel' [11:41, 10:35](989 MB)
PASS -- TEST 'rap_2threads_intel' [10:43, 09:38](1071 MB)
PASS -- TEST 'rap_restart_intel' [05:56, 05:17](993 MB)
PASS -- TEST 'rap_sfcdiff_intel' [11:03, 10:01](991 MB)
PASS -- TEST 'rap_sfcdiff_decomp_intel' [11:45, 10:42](987 MB)
PASS -- TEST 'rap_sfcdiff_restart_intel' [08:17, 07:39](999 MB)
PASS -- TEST 'hrrr_control_intel' [06:19, 05:09](973 MB)
PASS -- TEST 'hrrr_control_decomp_intel' [06:20, 05:13](980 MB)
PASS -- TEST 'hrrr_control_2threads_intel' [05:48, 04:42](1065 MB)
PASS -- TEST 'hrrr_control_restart_intel' [03:13, 02:55](910 MB)
PASS -- TEST 'rrfs_v1beta_intel' [11:03, 09:57](989 MB)
PASS -- TEST 'rrfs_v1nssl_intel' [12:38, 12:21](1944 MB)
PASS -- TEST 'rrfs_v1nssl_nohailnoccn_intel' [12:22, 12:08](1921 MB)

PASS -- COMPILE 'csawmg_intel' [31:27, 31:27]
PASS -- TEST 'control_csawmg_intel' [08:36, 08:06](693 MB)
PASS -- TEST 'control_ras_intel' [04:36, 04:24](667 MB)

PASS -- COMPILE 'wam_intel' [29:55, 29:55]
PASS -- TEST 'control_wam_intel' [03:01, 02:50](497 MB)

PASS -- COMPILE 'atm_faster_dyn32_intel' [31:50, 31:49]
PASS -- TEST 'control_p8_faster_intel' [04:52, 03:38](1568 MB)
PASS -- TEST 'regional_control_faster_intel' [07:10, 06:36](769 MB)

PASS -- COMPILE 'atm_debug_dyn32_intel' [05:58, 05:58]
PASS -- TEST 'control_CubedSphereGrid_debug_intel' [03:55, 03:19](1564 MB)
PASS -- TEST 'control_wrtGauss_netcdf_parallel_debug_intel' [03:58, 03:16](1565 MB)
PASS -- TEST 'control_stochy_debug_intel' [04:03, 03:46](760 MB)
PASS -- TEST 'control_lndp_debug_intel' [03:38, 03:24](769 MB)
PASS -- TEST 'control_csawmg_debug_intel' [05:48, 05:17](811 MB)
PASS -- TEST 'control_ras_debug_intel' [03:45, 03:28](770 MB)
PASS -- TEST 'control_diag_debug_intel' [04:23, 03:44](1607 MB)
PASS -- TEST 'control_debug_p8_intel' [04:31, 03:53](1599 MB)
PASS -- TEST 'regional_debug_intel' [23:12, 22:35](783 MB)
PASS -- TEST 'rap_control_debug_intel' [06:24, 06:07](1156 MB)
PASS -- TEST 'hrrr_control_debug_intel' [06:08, 05:55](1151 MB)
PASS -- TEST 'hrrr_gf_debug_intel' [06:21, 06:04](1149 MB)
PASS -- TEST 'hrrr_c3_debug_intel' [06:21, 06:06](1157 MB)
PASS -- TEST 'rap_unified_drag_suite_debug_intel' [06:21, 06:05](1160 MB)
PASS -- TEST 'rap_diag_debug_intel' [06:41, 06:19](1236 MB)
PASS -- TEST 'rap_cires_ugwp_debug_intel' [06:25, 06:13](1151 MB)
PASS -- TEST 'rap_unified_ugwp_debug_intel' [06:26, 06:14](1151 MB)
PASS -- TEST 'rap_lndp_debug_intel' [06:20, 06:07](1153 MB)
PASS -- TEST 'rap_progcld_thompson_debug_intel' [06:28, 06:12](1160 MB)
PASS -- TEST 'rap_noah_debug_intel' [06:18, 06:03](1144 MB)
PASS -- TEST 'rap_sfcdiff_debug_intel' [06:24, 06:09](1150 MB)
PASS -- TEST 'rap_noah_sfcdiff_cires_ugwp_debug_intel' [10:12, 10:01](1153 MB)
PASS -- TEST 'rrfs_v1beta_debug_intel' [06:13, 06:00](1151 MB)
PASS -- TEST 'rap_clm_lake_debug_intel' [07:36, 07:22](1151 MB)
PASS -- TEST 'rap_flake_debug_intel' [06:21, 06:04](1147 MB)
PASS -- TEST 'gnv1_c96_no_nest_debug_intel' [11:40, 10:30](1157 MB)

PASS -- COMPILE 'wam_debug_intel' [04:00, 04:00]
PASS -- TEST 'control_wam_debug_intel' [06:22, 06:10](445 MB)

PASS -- COMPILE 'rrfs_dyn32_phy32_intel' [30:01, 30:00]
PASS -- TEST 'regional_spp_sppt_shum_skeb_dyn32_phy32_intel' [06:10, 05:14](1071 MB)
PASS -- TEST 'rap_control_dyn32_phy32_intel' [09:20, 08:19](901 MB)
PASS -- TEST 'hrrr_control_dyn32_phy32_intel' [05:53, 04:29](862 MB)
PASS -- TEST 'rap_2threads_dyn32_phy32_intel' [08:54, 07:52](957 MB)
PASS -- TEST 'hrrr_control_2threads_dyn32_phy32_intel' [05:32, 04:06](911 MB)
PASS -- TEST 'hrrr_control_decomp_dyn32_phy32_intel' [06:08, 04:42](853 MB)
PASS -- TEST 'rap_restart_dyn32_phy32_intel' [06:48, 06:14](902 MB)
PASS -- TEST 'hrrr_control_restart_dyn32_phy32_intel' [02:38, 02:23](848 MB)

PASS -- COMPILE 'rrfs_dyn32_phy32_faster_intel' [42:46, 42:46]
PASS -- TEST 'conus13km_control_intel' [03:43, 03:01](1104 MB)
PASS -- TEST 'conus13km_2threads_intel' [02:04, 01:27](1054 MB)
PASS -- TEST 'conus13km_restart_mismatch_intel' [02:14, 01:38](1022 MB)

PASS -- COMPILE 'rrfs_dyn64_phy32_intel' [30:43, 30:42]
PASS -- TEST 'rap_control_dyn64_phy32_intel' [06:06, 05:33](911 MB)

PASS -- COMPILE 'rrfs_dyn32_phy32_debug_intel' [04:19, 04:19]
PASS -- TEST 'rap_control_debug_dyn32_phy32_intel' [06:13, 06:00](1029 MB)
PASS -- TEST 'hrrr_control_debug_dyn32_phy32_intel' [06:10, 05:54](1031 MB)
PASS -- TEST 'conus13km_debug_intel' [19:09, 18:30](1121 MB)
PASS -- TEST 'conus13km_debug_qr_intel' [19:12, 18:33](884 MB)
PASS -- TEST 'conus13km_debug_2threads_intel' [11:16, 10:41](1066 MB)
PASS -- TEST 'conus13km_radar_tten_debug_intel' [18:57, 18:22](1205 MB)

PASS -- COMPILE 'rrfs_dyn64_phy32_debug_intel' [04:11, 04:11]
PASS -- TEST 'rap_control_dyn64_phy32_debug_intel' [06:17, 06:05](1067 MB)

PASS -- COMPILE 'hafsw_intel' [34:28, 34:28]
PASS -- TEST 'hafs_regional_atm_intel' [08:15, 07:01](717 MB)
PASS -- TEST 'hafs_regional_atm_thompson_gfdlsf_intel' [06:54, 06:31](1094 MB)
PASS -- TEST 'hafs_regional_atm_ocn_intel' [10:41, 09:13](776 MB)
PASS -- TEST 'hafs_regional_atm_wav_intel' [17:56, 16:15](801 MB)
PASS -- TEST 'hafs_regional_atm_ocn_wav_intel' [19:43, 18:12](821 MB)
PASS -- TEST 'gnv1_nested_intel' [06:36, 05:43](773 MB)

PASS -- COMPILE 'hafs_all_intel' [32:14, 32:14]
PASS -- TEST 'hafs_regional_docn_intel' [09:58, 08:43](767 MB)
PASS -- TEST 'hafs_regional_docn_oisst_intel' [10:12, 08:46](756 MB)

PASS -- COMPILE 'datm_cdeps_intel' [08:07, 08:07]
PASS -- TEST 'datm_cdeps_control_cfsr_intel' [03:45, 03:35](1077 MB)
PASS -- TEST 'datm_cdeps_restart_cfsr_intel' [02:26, 02:13](1039 MB)
PASS -- TEST 'datm_cdeps_control_gefs_intel' [03:43, 03:34](925 MB)
FAILED: TEST TIMED OUT -- TEST 'datm_cdeps_iau_gefs_intel' [, ]( MB)
PASS -- TEST 'datm_cdeps_stochy_gefs_intel' [03:52, 03:41](931 MB)
PASS -- TEST 'datm_cdeps_ciceC_cfsr_intel' [03:54, 03:43](1064 MB)
PASS -- TEST 'datm_cdeps_bulk_cfsr_intel' [03:42, 03:34](1056 MB)
PASS -- TEST 'datm_cdeps_bulk_gefs_intel' [03:45, 03:34](927 MB)
PASS -- TEST 'datm_cdeps_mx025_cfsr_intel' [08:54, 07:54](881 MB)
PASS -- TEST 'datm_cdeps_mx025_gefs_intel' [08:48, 07:51](842 MB)
PASS -- TEST 'datm_cdeps_multiple_files_cfsr_intel' [03:41, 03:34](1063 MB)
PASS -- TEST 'datm_cdeps_3072x1536_cfsr_intel' [05:11, 05:01](2408 MB)
PASS -- TEST 'datm_cdeps_gfs_intel' [05:57, 05:44](2391 MB)

PASS -- COMPILE 'datm_cdeps_debug_intel' [03:19, 03:19]
PASS -- TEST 'datm_cdeps_debug_cfsr_intel' [08:20, 08:10](1008 MB)

PASS -- COMPILE 'datm_cdeps_faster_intel' [08:18, 08:17]
PASS -- TEST 'datm_cdeps_control_cfsr_faster_intel' [03:41, 03:32](1072 MB)

PASS -- COMPILE 'datm_cdeps_land_intel' [01:55, 01:55]
PASS -- TEST 'datm_cdeps_lnd_gswp3_intel' [02:01, 01:36](233 MB)
PASS -- TEST 'datm_cdeps_lnd_era5_intel' [01:37, 01:19](256 MB)
PASS -- TEST 'datm_cdeps_lnd_era5_rst_intel' [01:12, 00:55](256 MB)

PASS -- COMPILE 'atml_intel' [39:04, 39:03]
PASS -- TEST 'control_p8_atmlnd_sbs_intel' [09:05, 07:42](1597 MB)
PASS -- TEST 'control_p8_atmlnd_intel' [09:05, 07:42](1593 MB)
PASS -- TEST 'control_restart_p8_atmlnd_intel' [04:36, 03:59](863 MB)

PASS -- COMPILE 'atmw_intel' [31:47, 31:46]
PASS -- TEST 'atmwav_control_noaero_p8_intel' [03:27, 02:16](1600 MB)

PASS -- COMPILE 'atmaero_intel' [30:44, 30:44]
PASS -- TEST 'atmaero_control_p8_intel' [06:30, 05:22](1674 MB)
PASS -- TEST 'atmaero_control_p8_rad_intel' [07:31, 06:23](1706 MB)
PASS -- TEST 'atmaero_control_p8_rad_micro_intel' [07:20, 06:28](1732 MB)

SYNOPSIS:
Starting Date/Time: 20240424 18:28:23
Ending Date/Time: 20240425 00:58:46
Total Time: 06h:30m:55s
Compiles Completed: 32/32
Tests Completed: 155/158
Failed Tests:
* TEST cpld_control_p8.v2.sfc_intel: FAILED: TEST TIMED OUT
-- LOG: /mnt/lfs4/HFIP/hfv3gfs/Zachary.Shrader/rt-2241/tests/logs/log_jet/run_cpld_control_p8.v2.sfc_intel.log
* TEST control_CubedSphereGrid_intel: FAILED: TEST TIMED OUT
-- LOG: /mnt/lfs4/HFIP/hfv3gfs/Zachary.Shrader/rt-2241/tests/logs/log_jet/run_control_CubedSphereGrid_intel.log
* TEST datm_cdeps_iau_gefs_intel: FAILED: TEST TIMED OUT
-- LOG: /mnt/lfs4/HFIP/hfv3gfs/Zachary.Shrader/rt-2241/tests/logs/log_jet/run_datm_cdeps_iau_gefs_intel.log

NOTES:
A file 'test_changes.list' was generated with list of all failed tests.
You can use './rt.sh -c -b test_changes.list' to create baselines for the failed tests.
If you are using this log as a pull request verification, please commit 'test_changes.list'.

Result: FAILURE

====END OF JET REGRESSION TESTING LOG====
====START OF JET REGRESSION TESTING LOG====

UFSWM hash used in testing:
59efb751087aed49bf96c2f722ba7013cbe33785

Submodule hashes used in testing:
 37cbb7d6840ae7515a9a8f0dfd4d89461b3396d1 AQM (v0.2.0-37-g37cbb7d)
 be5d28fd1b60522e6fc98aefeead20e6aac3530b AQM/src/model/CMAQ (CMAQv5.2.1_07Feb2018-198-gbe5d28fd1)
 3d7067a523b8557058755289e4275f5f5c985daf CDEPS-interface/CDEPS (cdeps0.4.17-40-g3d7067a)
 c9e4679f449e30bb4cc0f22164b4401a8b50f7a6 CICE-interface/CICE (CICE6.0.0-447-gc9e4679)
 f6ff8f7c4d4cb6feabe3651b13204cf43fc948e3 CICE-interface/CICE/icepack (Icepack1.1.0-182-gf6ff8f7)
 4e19850cb083bc474b7cde5dc2f8506ec74cc442 CMEPS-interface/CMEPS (cmeps_v0.4.1-2306-g4e19850)
 cabd7753ae17f7bfcc6dad56daf10868aa51c3f4 CMakeModules (v1.0.0-28-gcabd775)
 da95cc428d8b626e99250fd57a4279b4980044f8 FV3 (heads/develop)
 97114888f529c2df70ed4a350fd2428df74839ff FV3/atmos_cubed_sphere (201912_public_release-389-g9711488)
 011db4f80a02cba6d65958ace56e8efb197be62b FV3/ccpp/framework (ccpp_transition_to_vlab_master_20190705-704-g011db4f)
 9b0ac7b16a45afe5e7f1abf9571d3484158a5b43 FV3/ccpp/physics (EP4-741-g9b0ac7b1)
 74a0e098b2163425e4b5466c2dfcf8ae26d560a5 FV3/ccpp/physics/physics/Radiation/RRTMGP/rte-rrtmgp (v1.6)
 5faac752d9550d3570705358fa1eb3f5ac78a786 FV3/upp (upp_v10.2.0-185-g5faac75)
-1ba8270870947b583cd51bc72ff8960f4c1fb36e FV3/upp/sorc/libIFI.fd
-7476b8f2790a47d788f79cebfdbb551567ae7cf8 FV3/upp/sorc/ncep_post.fd/post_gtg.fd
 041422934cae1570f2f0e67239d5d89f11c6e1b7 GOCART (sdr_v2.1.2.6-119-g0414229)
 35789c757766e07f688b4c0c7c5229816f224b09 HYCOM-interface/HYCOM (2.3.00-121-g35789c7)
 6d0150d6c212c7052e73aa8ab76418d5b28fb780 MOM6-interface/MOM6 (dev/master/repository_split_2014.10.10-10045-g6d0150d6c)
 9423197f894112edfcb1502245f7d7b873d551f9 MOM6-interface/MOM6/pkg/CVMix-src (9423197)
 29e64d652786e1d076a05128c920f394202bfe10 MOM6-interface/MOM6/pkg/GSW-Fortran (29e64d6)
 6a51f0295bc1a877475b527157a33aa86eb532fe NOAHMP-interface/noahmp (v3.7.1-426-g6a51f02)
 d9b3172f4197c65d471662c6952a668152d71230 WW3 (6.07.1-345-gd9b3172f)
 31e4e3e57bad8a7cdaa0ce2d3c4efbca63b5f74a stochastic_physics (ufs-v2.0.0-216-g31e4e3e)


NOTES:
[Times](Memory) are at the end of each compile/test in format [MM:SS](Size).
The first time is for the full script (prep+run+finalize).
The second time is specifically for the run phase.
Times/Memory will be empty for failed tests.

BASELINE DIRECTORY: /mnt/lfs4/HFIP/hfv3gfs/role.epic/RT/NEMSfv3gfs/develop-20240419
COMPARISON DIRECTORY: /lfs4/HFIP/h-nems/Zachary.Shrader/RT_RUNDIRS/Zachary.Shrader/FV3_RT/rt_3617777

RT.SH OPTIONS USED:
* (-a) - HPC PROJECT ACCOUNT: h-nems
* (-l) - USE CONFIG FILE: rt.conf
* (-e) - USE ECFLOW

PASS -- COMPILE 's2swa_intel' [39:13, 38:28]
PASS -- TEST 'cpld_control_p8.v2.sfc_intel' [09:53, 07:28](1828 MB)

PASS -- COMPILE 'atm_dyn32_intel' [35:13, 34:41]
PASS -- TEST 'control_CubedSphereGrid_intel' [04:58, 03:57](1538 MB)

PASS -- COMPILE 'datm_cdeps_intel' [08:11, 07:57]
PASS -- TEST 'datm_cdeps_iau_gefs_intel' [04:26, 03:35](923 MB)

SYNOPSIS:
Starting Date/Time: 20240425 12:08:23
Ending Date/Time: 20240425 12:58:47
Total Time: 00h:50m:35s
Compiles Completed: 3/3
Tests Completed: 3/3

NOTES:
A file 'test_changes.list' was generated but is empty.
If you are using this log as a pull request verification, please commit 'test_changes.list'.

Result: SUCCESS

====END OF JET REGRESSION TESTING LOG====
