====START OF JET REGRESSION TESTING LOG====

UFSWM hash used in testing:
51a07c1585abc6f5dea12812f8f72a50ba92183a

Submodule hashes used in testing:
 37cbb7d6840ae7515a9a8f0dfd4d89461b3396d1 AQM (v0.2.0-37-g37cbb7d)
 be5d28fd1b60522e6fc98aefeead20e6aac3530b AQM/src/model/CMAQ (CMAQv5.2.1_07Feb2018-198-gbe5d28fd1)
 1f9eaaa142c8b07ed6b788c9f44ea02cc86d0bae CDEPS-interface/CDEPS (cdeps0.4.17-42-g1f9eaaa)
 2ffee5cd48e0c389bdf75c0d910b3f6d53263563 CICE-interface/CICE (CICE6.0.0-451-g2ffee5c)
 f6ff8f7c4d4cb6feabe3651b13204cf43fc948e3 CICE-interface/CICE/icepack (Icepack1.1.0-182-gf6ff8f7)
 663554e1c1724ade6292cf0a28a3c19e59caf980 CMEPS-interface/CMEPS (cmeps_v0.4.1-2309-g663554e)
 cabd7753ae17f7bfcc6dad56daf10868aa51c3f4 CMakeModules (v1.0.0-28-gcabd775)
 40e014f3ec805fc10399b53ad6810bc57a79ce9e FV3 (heads/develop)
 ac3055eff06099d61cd65e18bc4f0353ffd83f46 FV3/atmos_cubed_sphere (201912_public_release-405-gac3055e)
 0f8232724975c13289cad390c9a71fa2c6a9bff4 FV3/ccpp/framework (2024-07-11-dev)
 44700d5e92f00524ade276062e1f7c50e554c0fb FV3/ccpp/physics (EP4-865-g44700d5e)
 74a0e098b2163425e4b5466c2dfcf8ae26d560a5 FV3/ccpp/physics/physics/Radiation/RRTMGP/rte-rrtmgp (v1.6)
 81b38a88d860ce7e34e8507c2246151a54d96a39 FV3/upp (upp_v10.2.0-218-g81b38a88)
-1ba8270870947b583cd51bc72ff8960f4c1fb36e FV3/upp/sorc/libIFI.fd
-567edcc94bc418d0dcd6cdaafed448eeb5aab570 FV3/upp/sorc/ncep_post.fd/post_gtg.fd
 041422934cae1570f2f0e67239d5d89f11c6e1b7 GOCART (sdr_v2.1.2.6-119-g0414229)
 bcf7777bb037ae2feb2a8a8ac51aacb3511b52d9 HYCOM-interface/HYCOM (2.3.00-122-gbcf7777)
 5e0c21f64fa5b20efc8f29f8709766e1e6793a79 MOM6-interface/MOM6 (dev/master/repository_split_2014.10.10-10230-g5e0c21f64)
 9423197f894112edfcb1502245f7d7b873d551f9 MOM6-interface/MOM6/pkg/CVMix-src (9423197)
 29e64d652786e1d076a05128c920f394202bfe10 MOM6-interface/MOM6/pkg/GSW-Fortran (29e64d6)
 3ac32f0db7a2a97d930f44fa5f060c983ff31ee8 NOAHMP-interface/noahmp (v3.7.1-436-g3ac32f0)
 7f548c795a348bbb0fe4967dd25692c79036dc73 WW3 (6.07.1-346-g7f548c79)
 fad2fe9f42f6b7f744b128b4a2a9433f91e4296f stochastic_physics (ufs-v2.0.0-219-gfad2fe9)


NOTES:
[Times](Memory) are at the end of each compile/test in format [MM:SS](Size).
The first time is for the full script (prep+run+finalize).
The second time is specifically for the run phase.
Times/Memory will be empty for failed tests.

BASELINE DIRECTORY: /lfs5/HFIP/hfv3gfs/role.epic/RT/NEMSfv3gfs/develop-20240909
COMPARISON DIRECTORY: /lfs5/HFIP/h-nems/Fernando.Andrade-maldonado/RT_RUNDIRS/Fernando.Andrade-maldonado/FV3_RT/rt_1523996

RT.SH OPTIONS USED:
* (-a) - HPC PROJECT ACCOUNT: h-nems
* (-l) - USE CONFIG FILE: rt.conf
* (-e) - USE ECFLOW

PASS -- COMPILE 's2swa_32bit_intel' [17:49, 42:15] ( 1 warnings 1380 remarks )
PASS -- TEST 'cpld_control_p8_mixedmode_intel' [53:59, 08:19](2026 MB)

PASS -- COMPILE 's2swa_32bit_pdlib_intel' [24:51, 49:18] ( 1 warnings 1427 remarks )
PASS -- TEST 'cpld_control_gfsv17_intel' [19:12, 20:44](1888 MB)
PASS -- TEST 'cpld_control_gfsv17_iau_intel' [15:47, 22:20](2020 MB)
FAILED: UNABLE TO COMPLETE COMPARISON -- TEST 'cpld_restart_gfsv17_intel' [, ]( MB)
PASS -- TEST 'cpld_mpi_gfsv17_intel' [02:56, 24:07](1865 MB)

PASS -- COMPILE 's2swa_32bit_pdlib_sfs_intel' [24:51, 49:16] ( 1 warnings 1424 remarks )
PASS -- TEST 'cpld_control_sfs_intel' [18:53, 20:24](1885 MB)

PASS -- COMPILE 's2swa_intel' [17:49, 42:17] ( 1 warnings 1399 remarks )
PASS -- TEST 'cpld_control_p8_intel' [55:56, 09:55](2072 MB)
PASS -- TEST 'cpld_control_p8.v2.sfc_intel' [56:07, 09:58](2078 MB)
PASS -- TEST 'cpld_restart_p8_intel' [30:24, 05:37](1725 MB)
PASS -- TEST 'cpld_control_qr_p8_intel' [55:56, 09:55](2090 MB)
PASS -- TEST 'cpld_restart_qr_p8_intel' [30:24, 05:40](1741 MB)
PASS -- TEST 'cpld_2threads_p8_intel' [55:52, 09:25](2326 MB)
PASS -- TEST 'cpld_decomp_p8_intel' [55:53, 10:06](2068 MB)
PASS -- TEST 'cpld_mpi_p8_intel' [55:07, 08:23](2017 MB)
PASS -- TEST 'cpld_control_ciceC_p8_intel' [56:10, 09:51](2066 MB)
PASS -- TEST 'cpld_s2sa_p8_intel' [53:01, 07:09](2046 MB)

PASS -- COMPILE 's2sw_intel' [15:48, 40:04] ( 1 warnings 1284 remarks )
PASS -- TEST 'cpld_control_noaero_p8_intel' [56:03, 07:35](1911 MB)
PASS -- TEST 'cpld_control_nowave_noaero_p8_intel' [58:07, 09:36](1979 MB)

PASS -- COMPILE 's2swa_debug_intel' [53:39, 05:38] ( 1413 warnings 1228 remarks )
PASS -- TEST 'cpld_debug_p8_intel' [45:25, 16:39](2097 MB)

PASS -- COMPILE 's2sw_debug_intel' [03:53, 06:01] ( 1413 warnings 1228 remarks )
PASS -- TEST 'cpld_debug_noaero_p8_intel' [27:56, 11:24](1937 MB)

PASS -- COMPILE 's2s_aoflux_intel' [42:01, 36:30] ( 1010 remarks )
PASS -- TEST 'cpld_control_noaero_p8_agrid_intel' [43:45, 05:40](1980 MB)

PASS -- COMPILE 's2s_intel' [35:00, 37:05] ( 1 warnings 1033 remarks )
PASS -- TEST 'cpld_control_c48_intel' [48:15, 10:28](3012 MB)
PASS -- TEST 'cpld_warmstart_c48_intel' [41:16, 03:35](3020 MB)
PASS -- TEST 'cpld_restart_c48_intel' [35:55, 01:57](2462 MB)

PASS -- COMPILE 's2swa_faster_intel' [31:12, 32:55] ( 1 warnings 1615 remarks )
PASS -- TEST 'cpld_control_p8_faster_intel' [51:52, 09:23](2074 MB)

PASS -- COMPILE 's2sw_pdlib_intel' [17:01, 49:19] ( 1 warnings 1344 remarks )
PASS -- TEST 'cpld_control_pdlib_p8_intel' [56:00, 21:28](1908 MB)
FAILED: UNABLE TO COMPLETE COMPARISON -- TEST 'cpld_restart_pdlib_p8_intel' [, ]( MB)
PASS -- TEST 'cpld_mpi_pdlib_p8_intel' [30:20, 24:01](1899 MB)

PASS -- COMPILE 's2sw_pdlib_debug_intel' [21:36, 06:04] ( 1523 warnings 1998 remarks )
PASS -- TEST 'cpld_debug_pdlib_p8_intel' [05:08, 33:20](1941 MB)

PASS -- COMPILE 'atm_dyn32_intel' [14:33, 37:20] ( 1 warnings 1126 remarks )
PASS -- TEST 'control_flake_intel' [37:42, 04:21](648 MB)
PASS -- TEST 'control_CubedSphereGrid_intel' [23:38, 04:14](1537 MB)
PASS -- TEST 'control_CubedSphereGrid_parallel_intel' [39:17, 04:22](1538 MB)
PASS -- TEST 'control_latlon_intel' [37:09, 04:12](1543 MB)
PASS -- TEST 'control_wrtGauss_netcdf_parallel_intel' [23:45, 04:22](1540 MB)
PASS -- TEST 'control_c48_intel' [54:24, 18:07](1700 MB)
PASS -- TEST 'control_c48.v2.sfc_intel' [46:52, 10:12](822 MB)
PASS -- TEST 'control_c192_intel' [34:48, 15:54](1688 MB)
PASS -- TEST 'control_c384_intel' [42:44, 23:01](1816 MB)
PASS -- TEST 'control_c384gdas_intel' [52:46, 13:46](994 MB)
PASS -- TEST 'control_stochy_intel' [34:42, 02:09](609 MB)
PASS -- TEST 'control_stochy_restart_intel' [03:43, 01:46](437 MB)
PASS -- TEST 'control_lndp_intel' [34:42, 02:01](605 MB)
PASS -- TEST 'control_iovr4_intel' [35:44, 03:16](602 MB)
PASS -- TEST 'control_iovr5_intel' [36:44, 03:18](597 MB)
PASS -- TEST 'control_p8_intel' [23:59, 04:50](1821 MB)
PASS -- TEST 'control_p8.v2.sfc_intel' [41:56, 04:22](1838 MB)
PASS -- TEST 'control_p8_ugwpv1_intel' [09:24, 04:39](1829 MB)
PASS -- TEST 'control_restart_p8_intel' [16:45, 03:05](1061 MB)
PASS -- TEST 'control_noqr_p8_intel' [23:58, 04:41](1825 MB)
PASS -- TEST 'control_restart_noqr_p8_intel' [15:48, 03:02](1077 MB)
PASS -- TEST 'control_decomp_p8_intel' [10:25, 04:49](1828 MB)
PASS -- TEST 'control_2threads_p8_intel' [06:01, 04:29](1907 MB)
PASS -- TEST 'control_p8_lndp_intel' [15:14, 08:38](1829 MB)
PASS -- TEST 'control_p8_rrtmgp_intel' [24:53, 05:18](1907 MB)
PASS -- TEST 'control_p8_mynn_intel' [05:04, 04:01](1847 MB)
PASS -- TEST 'merra2_thompson_intel' [37:23, 04:20](1841 MB)
PASS -- TEST 'regional_control_intel' [43:12, 07:04](1011 MB)
PASS -- TEST 'regional_restart_intel' [57:52, 04:17](1012 MB)
PASS -- TEST 'regional_decomp_intel' [07:43, 07:28](1003 MB)
PASS -- TEST 'regional_2threads_intel' [58:38, 04:19](999 MB)
PASS -- TEST 'regional_netcdf_parallel_intel' [38:26, 07:11](1004 MB)
PASS -- TEST 'regional_2dwrtdecomp_intel' [37:28, 07:10](1015 MB)

PASS -- COMPILE 'rrfs_intel' [14:33, 36:40] ( 3 warnings 1102 remarks )
PASS -- TEST 'rap_control_intel' [12:01, 10:33](998 MB)
PASS -- TEST 'regional_spp_sppt_shum_skeb_intel' [06:11, 06:05](1174 MB)
PASS -- TEST 'rap_decomp_intel' [11:51, 11:18](989 MB)
PASS -- TEST 'rap_2threads_intel' [10:03, 10:06](1074 MB)
PASS -- TEST 'rap_restart_intel' [17:49, 05:25](993 MB)
PASS -- TEST 'rap_sfcdiff_intel' [09:46, 10:32](998 MB)
PASS -- TEST 'rap_sfcdiff_decomp_intel' [08:58, 11:06](990 MB)
PASS -- TEST 'rap_sfcdiff_restart_intel' [20:47, 07:38](1004 MB)
PASS -- TEST 'hrrr_control_intel' [01:59, 05:41](984 MB)
PASS -- TEST 'hrrr_control_decomp_intel' [55:51, 05:46](979 MB)
PASS -- TEST 'hrrr_control_2threads_intel' [47:58, 05:13](1053 MB)
PASS -- TEST 'hrrr_control_restart_intel' [08:29, 02:53](919 MB)
PASS -- TEST 'rrfs_v1beta_intel' [23:54, 10:20](995 MB)
PASS -- TEST 'rrfs_v1nssl_intel' [26:24, 12:55](1944 MB)
PASS -- TEST 'rrfs_v1nssl_nohailnoccn_intel' [24:21, 12:29](1947 MB)

PASS -- COMPILE 'csawmg_intel' [15:23, 34:07] ( 1091 remarks )
PASS -- TEST 'control_csawmg_intel' [43:43, 08:05](965 MB)
PASS -- TEST 'control_ras_intel' [07:30, 04:19](669 MB)

PASS -- COMPILE 'wam_intel' [06:06, 34:46] ( 994 remarks )
PASS -- TEST 'control_wam_intel' [16:41, 14:40](1627 MB)

PASS -- COMPILE 'atm_faster_dyn32_intel' [12:03, 36:22] ( 1294 remarks )
PASS -- TEST 'control_p8_faster_intel' [58:41, 04:03](1833 MB)
PASS -- TEST 'regional_control_faster_intel' [39:30, 07:02](997 MB)

PASS -- COMPILE 'atm_debug_dyn32_intel' [44:01, 08:25] ( 882 warnings 9 remarks )
PASS -- TEST 'control_CubedSphereGrid_debug_intel' [34:28, 03:12](1572 MB)
PASS -- TEST 'control_wrtGauss_netcdf_parallel_debug_intel' [30:27, 03:12](1578 MB)
PASS -- TEST 'control_stochy_debug_intel' [31:48, 04:12](782 MB)
PASS -- TEST 'control_lndp_debug_intel' [30:44, 03:53](785 MB)
PASS -- TEST 'control_csawmg_debug_intel' [30:56, 05:54](1093 MB)
PASS -- TEST 'control_ras_debug_intel' [28:44, 04:01](788 MB)
PASS -- TEST 'control_diag_debug_intel' [28:03, 03:51](1647 MB)
PASS -- TEST 'control_debug_p8_intel' [26:02, 03:42](1859 MB)
PASS -- TEST 'regional_debug_intel' [23:58, 22:07](1028 MB)
PASS -- TEST 'rap_control_debug_intel' [14:31, 06:17](1170 MB)
PASS -- TEST 'hrrr_control_debug_intel' [14:33, 06:09](1160 MB)
PASS -- TEST 'hrrr_gf_debug_intel' [13:28, 06:08](1167 MB)
PASS -- TEST 'hrrr_c3_debug_intel' [14:24, 06:14](1165 MB)
PASS -- TEST 'rap_unified_drag_suite_debug_intel' [13:28, 06:17](1167 MB)
PASS -- TEST 'rap_diag_debug_intel' [13:34, 06:32](1255 MB)
PASS -- TEST 'rap_cires_ugwp_debug_intel' [13:26, 06:21](1173 MB)
PASS -- TEST 'rap_unified_ugwp_debug_intel' [13:24, 06:24](1169 MB)
PASS -- TEST 'rap_lndp_debug_intel' [13:27, 06:19](1174 MB)
PASS -- TEST 'rap_progcld_thompson_debug_intel' [13:23, 06:21](1167 MB)
PASS -- TEST 'rap_noah_debug_intel' [13:24, 06:08](1163 MB)
PASS -- TEST 'rap_sfcdiff_debug_intel' [12:25, 06:15](1175 MB)
PASS -- TEST 'rap_noah_sfcdiff_cires_ugwp_debug_intel' [16:29, 10:08](1166 MB)
PASS -- TEST 'rrfs_v1beta_debug_intel' [11:25, 06:13](1159 MB)
PASS -- TEST 'rap_clm_lake_debug_intel' [13:30, 07:23](1146 MB)
PASS -- TEST 'rap_flake_debug_intel' [12:28, 06:03](1166 MB)
PASS -- TEST 'gnv1_c96_no_nest_debug_intel' [26:51, 10:51](1172 MB)

PASS -- COMPILE 'wam_debug_intel' [42:00, 05:11] ( 837 warnings 1 remarks )
PASS -- TEST 'control_wam_debug_intel' [29:58, 16:47](1649 MB)

PASS -- COMPILE 'rrfs_dyn32_phy32_intel' [25:42, 24:54] ( 3 warnings 1026 remarks )
PASS -- TEST 'regional_spp_sppt_shum_skeb_dyn32_phy32_intel' [18:06, 05:17](1043 MB)
PASS -- TEST 'rap_control_dyn32_phy32_intel' [20:42, 08:24](904 MB)
PASS -- TEST 'hrrr_control_dyn32_phy32_intel' [15:44, 04:30](876 MB)
PASS -- TEST 'rap_2threads_dyn32_phy32_intel' [18:45, 08:02](942 MB)
PASS -- TEST 'hrrr_control_2threads_dyn32_phy32_intel' [14:40, 04:13](908 MB)
PASS -- TEST 'hrrr_control_decomp_dyn32_phy32_intel' [13:36, 04:43](860 MB)
PASS -- TEST 'rap_restart_dyn32_phy32_intel' [16:46, 06:06](899 MB)
PASS -- TEST 'hrrr_control_restart_dyn32_phy32_intel' [05:30, 02:17](851 MB)

PASS -- COMPILE 'rrfs_dyn32_phy32_faster_intel' [34:11, 32:21] ( 3 warnings 1199 remarks )
PASS -- TEST 'conus13km_control_intel' [12:59, 02:44](1102 MB)
PASS -- TEST 'conus13km_2threads_intel' [08:46, 01:32](1043 MB)
PASS -- TEST 'conus13km_restart_mismatch_intel' [09:46, 01:48](1020 MB)

PASS -- COMPILE 'rrfs_dyn64_phy32_intel' [26:16, 31:43] ( 3 warnings 1046 remarks )
PASS -- TEST 'rap_control_dyn64_phy32_intel' [16:49, 05:24](915 MB)

PASS -- COMPILE 'rrfs_dyn32_phy32_debug_intel' [59:08, 05:48] ( 785 warnings 8 remarks )
PASS -- TEST 'rap_control_debug_dyn32_phy32_intel' [14:28, 06:13](1052 MB)
PASS -- TEST 'hrrr_control_debug_dyn32_phy32_intel' [13:29, 06:05](1046 MB)
PASS -- TEST 'conus13km_debug_intel' [25:03, 18:54](1159 MB)
PASS -- TEST 'conus13km_debug_qr_intel' [24:51, 18:56](863 MB)
PASS -- TEST 'conus13km_debug_2threads_intel' [16:41, 10:58](1103 MB)
PASS -- TEST 'conus13km_radar_tten_debug_intel' [24:41, 18:54](1231 MB)

PASS -- COMPILE 'rrfs_dyn64_phy32_debug_intel' [33:03, 05:41] ( 785 warnings 8 remarks )
PASS -- TEST 'rap_control_dyn64_phy32_debug_intel' [12:27, 06:21](1082 MB)

PASS -- COMPILE 'hafsw_intel' [39:30, 40:16] ( 1 warnings 1418 remarks )
PASS -- TEST 'hafs_regional_atm_intel' [12:18, 06:43](705 MB)
PASS -- TEST 'hafs_regional_atm_thompson_gfdlsf_intel' [10:35, 06:16](1061 MB)
PASS -- TEST 'hafs_regional_atm_ocn_intel' [22:34, 09:10](756 MB)
PASS -- TEST 'hafs_regional_atm_wav_intel' [29:30, 16:09](792 MB)
PASS -- TEST 'hafs_regional_atm_ocn_wav_intel' [31:41, 17:57](806 MB)
PASS -- TEST 'gnv1_nested_intel' [19:48, 06:41](1681 MB)

PASS -- COMPILE 'hafs_all_intel' [42:17, 35:47] ( 1265 remarks )
PASS -- TEST 'hafs_regional_docn_intel' [15:14, 08:26](759 MB)
PASS -- TEST 'hafs_regional_docn_oisst_intel' [15:17, 08:32](738 MB)

PASS -- COMPILE 'datm_cdeps_intel' [14:12, 08:20] ( 67 remarks )
PASS -- TEST 'datm_cdeps_control_cfsr_intel' [10:25, 03:33](1076 MB)
PASS -- TEST 'datm_cdeps_restart_cfsr_intel' [11:27, 02:11](1033 MB)
PASS -- TEST 'datm_cdeps_control_gefs_intel' [11:26, 03:29](940 MB)
PASS -- TEST 'datm_cdeps_iau_gefs_intel' [10:25, 03:33](931 MB)
PASS -- TEST 'datm_cdeps_stochy_gefs_intel' [11:25, 03:32](935 MB)
PASS -- TEST 'datm_cdeps_ciceC_cfsr_intel' [09:25, 03:36](1075 MB)
PASS -- TEST 'datm_cdeps_bulk_cfsr_intel' [10:25, 03:35](1093 MB)
PASS -- TEST 'datm_cdeps_bulk_gefs_intel' [07:25, 03:31](931 MB)
PASS -- TEST 'datm_cdeps_mx025_cfsr_intel' [11:18, 07:46](906 MB)
PASS -- TEST 'datm_cdeps_mx025_gefs_intel' [11:19, 07:37](850 MB)
PASS -- TEST 'datm_cdeps_multiple_files_cfsr_intel' [10:23, 03:35](1088 MB)
PASS -- TEST 'datm_cdeps_3072x1536_cfsr_intel' [07:23, 05:02](2359 MB)
PASS -- TEST 'datm_cdeps_gfs_intel' [06:22, 05:06](2375 MB)

PASS -- COMPILE 'datm_cdeps_debug_intel' [09:11, 03:26] ( 2 warnings )
PASS -- TEST 'datm_cdeps_debug_cfsr_intel' [10:22, 08:14](1025 MB)

PASS -- COMPILE 'datm_cdeps_faster_intel' [10:12, 08:15] ( 70 remarks )
PASS -- TEST 'datm_cdeps_control_cfsr_faster_intel' [16:22, 03:53](1074 MB)

PASS -- COMPILE 'datm_cdeps_land_intel' [12:11, 01:48] ( 60 remarks )
PASS -- TEST 'datm_cdeps_lnd_gswp3_intel' [10:36, 01:23](237 MB)
PASS -- TEST 'datm_cdeps_lnd_era5_intel' [10:28, 01:14](261 MB)
PASS -- TEST 'datm_cdeps_lnd_era5_rst_intel' [03:31, 00:38](263 MB)

PASS -- COMPILE 'atm_ds2s_docn_pcice_intel' [45:20, 35:50] ( 1015 remarks )
PASS -- TEST 'atm_ds2s_docn_pcice_intel' [32:35, 04:53](1911 MB)

PASS -- COMPILE 'atm_ds2s_docn_dice_intel' [48:19, 35:33] ( 1015 remarks )
PASS -- TEST 'atm_ds2s_docn_dice_intel' [21:22, 04:38](1893 MB)

PASS -- COMPILE 'atml_intel' [49:19, 36:41] ( 8 warnings 1167 remarks )
PASS -- TEST 'control_p8_atmlnd_sbs_intel' [21:23, 05:36](1865 MB)
PASS -- TEST 'control_p8_atmlnd_intel' [20:24, 05:34](1871 MB)
PASS -- TEST 'control_restart_p8_atmlnd_intel' [38:13, 03:13](1063 MB)

PASS -- COMPILE 'atml_debug_intel' [16:12, 06:36] ( 880 warnings 2 remarks )
PASS -- TEST 'control_p8_atmlnd_debug_intel' [10:15, 07:20](1886 MB)

PASS -- COMPILE 'atmw_intel' [42:16, 36:12] ( 1260 remarks )
PASS -- TEST 'atmwav_control_noaero_p8_intel' [38:11, 02:18](1862 MB)

PASS -- COMPILE 'atmaero_intel' [20:32, 35:23] ( 1098 remarks )
PASS -- TEST 'atmaero_control_p8_intel' [10:11, 05:15](1920 MB)
PASS -- TEST 'atmaero_control_p8_rad_intel' [11:07, 06:19](1719 MB)
PASS -- TEST 'atmaero_control_p8_rad_micro_intel' [11:54, 06:20](1729 MB)

SYNOPSIS:
Starting Date/Time: 20240910 17:19:14
Ending Date/Time: 20240911 20:44:48
Total Time: 03h:26m:11s
Compiles Completed: 36/36
Tests Completed: 162/164
Failed Tests:
* TEST cpld_restart_gfsv17_intel: FAILED: UNABLE TO COMPLETE COMPARISON
-- LOG: /mnt/lfs5/HFIP/h-nems/Fernando.Andrade-maldonado/regression-testing/wm/2363/ufs-weather-model/tests/logs/log_jet/run_cpld_restart_gfsv17_intel.log
* TEST cpld_restart_pdlib_p8_intel: FAILED: UNABLE TO COMPLETE COMPARISON
-- LOG: /mnt/lfs5/HFIP/h-nems/Fernando.Andrade-maldonado/regression-testing/wm/2363/ufs-weather-model/tests/logs/log_jet/run_cpld_restart_pdlib_p8_intel.log

NOTES:
A file 'test_changes.list' was generated with list of all failed tests.
You can use './rt.sh -c -b test_changes.list' to create baselines for the failed tests.
If you are using this log as a pull request verification, please commit 'test_changes.list'.

Result: FAILURE

====END OF JET REGRESSION TESTING LOG====
====START OF JET REGRESSION TESTING LOG====

UFSWM hash used in testing:
0ada1565625de2db2c9a41a044a14577648e4991

Submodule hashes used in testing:
 37cbb7d6840ae7515a9a8f0dfd4d89461b3396d1 AQM (v0.2.0-37-g37cbb7d)
 be5d28fd1b60522e6fc98aefeead20e6aac3530b AQM/src/model/CMAQ (CMAQv5.2.1_07Feb2018-198-gbe5d28fd1)
 1f9eaaa142c8b07ed6b788c9f44ea02cc86d0bae CDEPS-interface/CDEPS (cdeps0.4.17-42-g1f9eaaa)
 2ffee5cd48e0c389bdf75c0d910b3f6d53263563 CICE-interface/CICE (CICE6.0.0-451-g2ffee5c)
 f6ff8f7c4d4cb6feabe3651b13204cf43fc948e3 CICE-interface/CICE/icepack (Icepack1.1.0-182-gf6ff8f7)
 663554e1c1724ade6292cf0a28a3c19e59caf980 CMEPS-interface/CMEPS (cmeps_v0.4.1-2309-g663554e)
 cabd7753ae17f7bfcc6dad56daf10868aa51c3f4 CMakeModules (v1.0.0-28-gcabd775)
 40e014f3ec805fc10399b53ad6810bc57a79ce9e FV3 (heads/develop)
 ac3055eff06099d61cd65e18bc4f0353ffd83f46 FV3/atmos_cubed_sphere (201912_public_release-405-gac3055e)
 0f8232724975c13289cad390c9a71fa2c6a9bff4 FV3/ccpp/framework (2024-07-11-dev)
 44700d5e92f00524ade276062e1f7c50e554c0fb FV3/ccpp/physics (EP4-865-g44700d5e)
 74a0e098b2163425e4b5466c2dfcf8ae26d560a5 FV3/ccpp/physics/physics/Radiation/RRTMGP/rte-rrtmgp (v1.6)
 81b38a88d860ce7e34e8507c2246151a54d96a39 FV3/upp (upp_v10.2.0-218-g81b38a88)
-1ba8270870947b583cd51bc72ff8960f4c1fb36e FV3/upp/sorc/libIFI.fd
-567edcc94bc418d0dcd6cdaafed448eeb5aab570 FV3/upp/sorc/ncep_post.fd/post_gtg.fd
 041422934cae1570f2f0e67239d5d89f11c6e1b7 GOCART (sdr_v2.1.2.6-119-g0414229)
 bcf7777bb037ae2feb2a8a8ac51aacb3511b52d9 HYCOM-interface/HYCOM (2.3.00-122-gbcf7777)
 5e0c21f64fa5b20efc8f29f8709766e1e6793a79 MOM6-interface/MOM6 (dev/master/repository_split_2014.10.10-10230-g5e0c21f64)
 9423197f894112edfcb1502245f7d7b873d551f9 MOM6-interface/MOM6/pkg/CVMix-src (9423197)
 29e64d652786e1d076a05128c920f394202bfe10 MOM6-interface/MOM6/pkg/GSW-Fortran (29e64d6)
 3ac32f0db7a2a97d930f44fa5f060c983ff31ee8 NOAHMP-interface/noahmp (v3.7.1-436-g3ac32f0)
 7f548c795a348bbb0fe4967dd25692c79036dc73 WW3 (6.07.1-346-g7f548c79)
 fad2fe9f42f6b7f744b128b4a2a9433f91e4296f stochastic_physics (ufs-v2.0.0-219-gfad2fe9)


NOTES:
[Times](Memory) are at the end of each compile/test in format [MM:SS](Size).
The first time is for the full script (prep+run+finalize).
The second time is specifically for the run phase.
Times/Memory will be empty for failed tests.

BASELINE DIRECTORY: /lfs5/HFIP/hfv3gfs/role.epic/RT/NEMSfv3gfs/develop-20240909
COMPARISON DIRECTORY: /lfs5/HFIP/h-nems/Fernando.Andrade-maldonado/RT_RUNDIRS/Fernando.Andrade-maldonado/FV3_RT/rt_1358374

RT.SH OPTIONS USED:
* (-a) - HPC PROJECT ACCOUNT: h-nems
* (-b) - NEW BASELINES FROM FILE: test_changes.list
* (-e) - USE ECFLOW

PASS -- COMPILE 's2swa_32bit_pdlib_intel' [57:32, 50:44] ( 1 warnings 1427 remarks )
PASS -- TEST 'cpld_control_gfsv17_intel' [03:21, 20:46](1892 MB)
PASS -- TEST 'cpld_restart_gfsv17_intel' [48:00, 11:21](1126 MB)

PASS -- COMPILE 's2sw_pdlib_intel' [54:32, 46:52] ( 1 warnings 1344 remarks )
PASS -- TEST 'cpld_control_pdlib_p8_intel' [05:37, 20:55](1897 MB)
PASS -- TEST 'cpld_restart_pdlib_p8_intel' [48:46, 10:35](1142 MB)

SYNOPSIS:
Starting Date/Time: 20240912 06:38:11
Ending Date/Time: 20240912 12:28:22
Total Time: 05h:50m:38s
Compiles Completed: 2/2
Tests Completed: 4/4

NOTES:
A file 'test_changes.list' was generated but is empty.
If you are using this log as a pull request verification, please commit 'test_changes.list'.

Result: SUCCESS

====END OF JET REGRESSION TESTING LOG====
