====START OF ORION REGRESSION TESTING LOG====

UFSWM hash used in testing:
53ca93c48b032207b4d90354b56c0dbc6c8c4316

Submodule hashes used in testing:
 37cbb7d6840ae7515a9a8f0dfd4d89461b3396d1 AQM (v0.2.0-37-g37cbb7d)
 be5d28fd1b60522e6fc98aefeead20e6aac3530b AQM/src/model/CMAQ (CMAQv5.2.1_07Feb2018-198-gbe5d28fd1)
 3d7067a523b8557058755289e4275f5f5c985daf CDEPS-interface/CDEPS (cdeps0.4.17-40-g3d7067a)
 9c0cd8d3ba5963d01711094a3c81b6358fcb8367 CICE-interface/CICE (CICE6.0.0-448-g9c0cd8d)
 f6ff8f7c4d4cb6feabe3651b13204cf43fc948e3 CICE-interface/CICE/icepack (Icepack1.1.0-182-gf6ff8f7)
 453e59e353794ee8ff57693a64adf2ff49e3406d CMEPS-interface/CMEPS (remotes/origin/combo_20240503)
 cabd7753ae17f7bfcc6dad56daf10868aa51c3f4 CMakeModules (v1.0.0-28-gcabd775)
 0ba946ac691a4bdb104594cc518bd344d1c4a15c FV3 (remotes/origin/combo_20240503)
 cc8afe64b9420dd7379e47cee5e3f30f4ac44b58 FV3/atmos_cubed_sphere (201912_public_release-390-gcc8afe6)
 741212e4962d371520f773e2be9481142f79635e FV3/ccpp/framework (ccpp_transition_to_vlab_master_20190705-718-g741212e)
 be05ec28d5d4968d3e0cb6e6a7fdb47fb8a5fad0 FV3/ccpp/physics (master-tag-before-replacing-with-ipd-setup-step-fast-5209-gbe05ec28)
 74a0e098b2163425e4b5466c2dfcf8ae26d560a5 FV3/ccpp/physics/physics/Radiation/RRTMGP/rte-rrtmgp (v1.6)
 be0410ece28f2b5b9c089f8ca09ce0c80c79fe6c FV3/upp (upp_v10.2.0-191-gbe0410e)
-1ba8270870947b583cd51bc72ff8960f4c1fb36e FV3/upp/sorc/libIFI.fd
-7476b8f2790a47d788f79cebfdbb551567ae7cf8 FV3/upp/sorc/ncep_post.fd/post_gtg.fd
 041422934cae1570f2f0e67239d5d89f11c6e1b7 GOCART (sdr_v2.1.2.6-119-g0414229)
 35789c757766e07f688b4c0c7c5229816f224b09 HYCOM-interface/HYCOM (2.3.00-121-g35789c7)
 3bcfbbea8b865c3f88497049fde044c1145bd202 MOM6-interface/MOM6 (dev/master/repository_split_2014.10.10-10050-g3bcfbbea8)
 9423197f894112edfcb1502245f7d7b873d551f9 MOM6-interface/MOM6/pkg/CVMix-src (9423197)
 29e64d652786e1d076a05128c920f394202bfe10 MOM6-interface/MOM6/pkg/GSW-Fortran (29e64d6)
 1dbf99ab7910e8880e2d6f20f479a3858203d6e2 NOAHMP-interface/noahmp (remotes/origin/combo_20240503)
 d9b3172f4197c65d471662c6952a668152d71230 WW3 (6.07.1-345-gd9b3172f)
 31e4e3e57bad8a7cdaa0ce2d3c4efbca63b5f74a stochastic_physics (ufs-v2.0.0-216-g31e4e3e)


NOTES:
[Times](Memory) are at the end of each compile/test in format [MM:SS](Size).
The first time is for the full script (prep+run+finalize).
The second time is specifically for the run phase.
Times/Memory will be empty for failed tests.

BASELINE DIRECTORY: /work/noaa/epic/UFS-WM_RT/NEMSfv3gfs/develop-20240516
COMPARISON DIRECTORY: /work/noaa/stmp/zshrader/stmp/zshrader/FV3_RT/rt_400334

RT.SH OPTIONS USED:
* (-a) - HPC PROJECT ACCOUNT: epic
* (-l) - USE CONFIG FILE: rt.conf
* (-e) - USE ECFLOW

PASS -- COMPILE 's2swa_32bit_intel' [16:11, 15:50] ( 1 warnings 8 remarks )
PASS -- TEST 'cpld_control_p8_mixedmode_intel' [12:52, 05:32](3179 MB)

PASS -- COMPILE 's2swa_32bit_pdlib_intel' [19:11, 18:49] ( 1 warnings 8 remarks )
PASS -- TEST 'cpld_control_gfsv17_intel' [21:01, 17:16](1750 MB)
PASS -- TEST 'cpld_control_gfsv17_iau_intel' [21:04, 18:25](2023 MB)
PASS -- TEST 'cpld_restart_gfsv17_intel' [10:59, 08:24](1116 MB)
PASS -- TEST 'cpld_mpi_gfsv17_intel' [23:58, 19:37](1639 MB)

PASS -- COMPILE 's2swa_32bit_pdlib_sfs_intel' [18:11, 17:50] ( 1 warnings 8 remarks )
PASS -- TEST 'cpld_control_sfs_intel' [20:44, 17:19](1675 MB)

PASS -- COMPILE 's2swa_32bit_pdlib_debug_intel' [06:10, 05:45] ( 1525 warnings 1998 remarks )
PASS -- TEST 'cpld_debug_gfsv17_intel' [24:56, 22:55](1690 MB)

PASS -- COMPILE 's2swa_intel' [15:11, 14:32] ( 8 remarks )
PASS -- TEST 'cpld_control_p8_intel' [13:46, 05:51](3148 MB)
PASS -- TEST 'cpld_control_p8.v2.sfc_intel' [14:08, 05:43](3211 MB)
PASS -- TEST 'cpld_restart_p8_intel' [05:56, 03:26](3258 MB)
PASS -- TEST 'cpld_control_qr_p8_intel' [13:47, 05:54](3238 MB)
PASS -- TEST 'cpld_restart_qr_p8_intel' [05:54, 03:31](3278 MB)
PASS -- TEST 'cpld_2threads_p8_intel' [13:42, 06:16](3557 MB)
PASS -- TEST 'cpld_decomp_p8_intel' [13:43, 05:50](3205 MB)
PASS -- TEST 'cpld_mpi_p8_intel' [12:50, 04:48](3074 MB)
PASS -- TEST 'cpld_control_ciceC_p8_intel' [14:03, 05:49](3215 MB)
PASS -- TEST 'cpld_control_c192_p8_intel' [15:22, 10:40](3337 MB)
PASS -- TEST 'cpld_restart_c192_p8_intel' [11:20, 06:37](3628 MB)
PASS -- TEST 'cpld_bmark_p8_intel' [22:52, 11:28](4115 MB)
PASS -- TEST 'cpld_restart_bmark_p8_intel' [17:04, 07:18](4368 MB)
PASS -- TEST 'cpld_s2sa_p8_intel' [07:52, 05:35](3174 MB)

PASS -- COMPILE 's2sw_intel' [15:11, 14:24] ( 8 remarks )
PASS -- TEST 'cpld_control_noaero_p8_intel' [06:30, 04:47](1728 MB)
PASS -- TEST 'cpld_control_nowave_noaero_p8_intel' [06:49, 04:27](1782 MB)

PASS -- COMPILE 's2swa_debug_intel' [06:10, 06:07] ( 1450 warnings 1228 remarks )
PASS -- TEST 'cpld_debug_p8_intel' [10:47, 08:51](3250 MB)

PASS -- COMPILE 's2sw_debug_intel' [06:10, 05:49] ( 1450 warnings 1228 remarks )
PASS -- TEST 'cpld_debug_noaero_p8_intel' [07:18, 05:56](1742 MB)

PASS -- COMPILE 's2s_aoflux_intel' [14:11, 13:34] ( 1 remarks )
PASS -- TEST 'cpld_control_noaero_p8_agrid_intel' [07:29, 04:27](1784 MB)

PASS -- COMPILE 's2s_intel' [14:11, 13:27] ( 1 remarks )
PASS -- TEST 'cpld_control_c48_intel' [10:53, 08:16](2834 MB)
PASS -- TEST 'cpld_warmstart_c48_intel' [05:00, 02:26](2830 MB)
PASS -- TEST 'cpld_restart_c48_intel' [05:05, 01:19](2301 MB)

PASS -- COMPILE 's2swa_faster_intel' [20:11, 19:54] ( 8 remarks )
PASS -- TEST 'cpld_control_p8_faster_intel' [08:50, 05:25](3209 MB)

PASS -- COMPILE 's2sw_pdlib_intel' [19:11, 18:16] ( 8 remarks )
PASS -- TEST 'cpld_control_pdlib_p8_intel' [19:24, 17:19](1756 MB)
PASS -- TEST 'cpld_restart_pdlib_p8_intel' [10:33, 08:59](1173 MB)
PASS -- TEST 'cpld_mpi_pdlib_p8_intel' [21:17, 19:40](1619 MB)

PASS -- COMPILE 's2sw_pdlib_debug_intel' [06:11, 05:12] ( 1560 warnings 1998 remarks )
PASS -- TEST 'cpld_debug_pdlib_p8_intel' [26:07, 24:48](1713 MB)

PASS -- COMPILE 'atm_dyn32_intel' [13:11, 12:16] ( 1 warnings 1 remarks )
PASS -- TEST 'control_flake_intel' [05:26, 03:26](698 MB)
PASS -- TEST 'control_CubedSphereGrid_intel' [05:51, 02:56](1598 MB)
PASS -- TEST 'control_CubedSphereGrid_parallel_intel' [05:58, 03:02](1606 MB)
PASS -- TEST 'control_latlon_intel' [05:46, 03:00](1573 MB)
PASS -- TEST 'control_wrtGauss_netcdf_parallel_intel' [03:58, 02:59](1587 MB)
PASS -- TEST 'control_c48_intel' [08:48, 07:12](1756 MB)
PASS -- TEST 'control_c48.v2.sfc_intel' [06:28, 05:59](881 MB)
PASS -- TEST 'control_c192_intel' [13:03, 10:35](1752 MB)
PASS -- TEST 'control_c384_intel' [15:11, 11:46](1996 MB)
PASS -- TEST 'control_c384gdas_intel' [13:03, 09:12](1352 MB)
PASS -- TEST 'control_stochy_intel' [02:23, 01:39](657 MB)
PASS -- TEST 'control_stochy_restart_intel' [02:25, 01:00](498 MB)
PASS -- TEST 'control_lndp_intel' [02:24, 01:35](658 MB)
PASS -- TEST 'control_iovr4_intel' [03:22, 02:29](652 MB)
PASS -- TEST 'control_iovr5_intel' [03:27, 02:31](653 MB)
PASS -- TEST 'control_p8_intel' [05:10, 02:58](1625 MB)
PASS -- TEST 'control_p8.v2.sfc_intel' [06:16, 03:00](1633 MB)
PASS -- TEST 'control_p8_ugwpv1_intel' [05:34, 02:51](1638 MB)
PASS -- TEST 'control_restart_p8_intel' [03:14, 01:43](893 MB)
PASS -- TEST 'control_noqr_p8_intel' [04:17, 02:58](1624 MB)
PASS -- TEST 'control_restart_noqr_p8_intel' [03:03, 01:37](931 MB)
PASS -- TEST 'control_decomp_p8_intel' [05:16, 03:04](1609 MB)
PASS -- TEST 'control_2threads_p8_intel' [05:15, 03:06](1728 MB)
PASS -- TEST 'control_p8_lndp_intel' [06:48, 05:15](1629 MB)
PASS -- TEST 'control_p8_rrtmgp_intel' [06:33, 04:04](1693 MB)
PASS -- TEST 'control_p8_mynn_intel' [05:27, 03:02](1590 MB)
PASS -- TEST 'merra2_thompson_intel' [05:56, 03:23](1575 MB)
PASS -- TEST 'regional_control_intel' [06:39, 05:10](855 MB)
PASS -- TEST 'regional_restart_intel' [03:42, 02:49](1021 MB)
PASS -- TEST 'regional_decomp_intel' [06:38, 05:33](851 MB)
PASS -- TEST 'regional_2threads_intel' [04:38, 03:42](844 MB)
PASS -- TEST 'regional_noquilt_intel' [06:37, 05:09](1364 MB)
PASS -- TEST 'regional_netcdf_parallel_intel' [06:46, 05:10](860 MB)
PASS -- TEST 'regional_2dwrtdecomp_intel' [06:39, 05:18](850 MB)
PASS -- TEST 'regional_wofs_intel' [07:33, 06:43](1921 MB)

PASS -- COMPILE 'rrfs_intel' [14:10, 11:47] ( 3 warnings 9 remarks )
PASS -- TEST 'rap_control_intel' [09:25, 07:51](1041 MB)
PASS -- TEST 'regional_spp_sppt_shum_skeb_intel' [06:01, 04:47](1239 MB)
PASS -- TEST 'rap_decomp_intel' [10:04, 08:11](1027 MB)
PASS -- TEST 'rap_2threads_intel' [09:11, 07:52](1178 MB)
PASS -- TEST 'rap_restart_intel' [06:27, 04:11](1099 MB)
PASS -- TEST 'rap_sfcdiff_intel' [09:26, 07:50](1099 MB)
PASS -- TEST 'rap_sfcdiff_decomp_intel' [10:03, 08:13](1027 MB)
PASS -- TEST 'rap_sfcdiff_restart_intel' [07:26, 05:54](1129 MB)
PASS -- TEST 'hrrr_control_intel' [06:11, 04:04](1039 MB)
PASS -- TEST 'hrrr_control_decomp_intel' [05:57, 04:06](981 MB)
PASS -- TEST 'hrrr_control_2threads_intel' [04:59, 03:23](1113 MB)
PASS -- TEST 'hrrr_control_restart_intel' [03:23, 02:15](988 MB)
PASS -- TEST 'rrfs_v1beta_intel' [09:20, 07:36](1099 MB)
PASS -- TEST 'rrfs_v1nssl_intel' [10:25, 09:12](1990 MB)
PASS -- TEST 'rrfs_v1nssl_nohailnoccn_intel' [10:24, 08:58](2073 MB)

PASS -- COMPILE 'csawmg_intel' [13:10, 11:18] ( 1 warnings )
PASS -- TEST 'control_csawmg_intel' [06:44, 06:02](747 MB)
PASS -- TEST 'control_ras_intel' [04:22, 03:21](742 MB)

PASS -- COMPILE 'wam_intel' [11:10, 10:00]
PASS -- TEST 'control_wam_intel' [03:21, 02:08](654 MB)

PASS -- COMPILE 'atm_faster_dyn32_intel' [13:10, 11:58] ( 1 remarks )
PASS -- TEST 'control_p8_faster_intel' [04:29, 02:48](1632 MB)
PASS -- TEST 'regional_control_faster_intel' [06:40, 04:42](850 MB)

PASS -- COMPILE 'atm_debug_dyn32_intel' [06:11, 04:40] ( 885 warnings 9 remarks )
PASS -- TEST 'control_CubedSphereGrid_debug_intel' [10:55, 02:47](1613 MB)
PASS -- TEST 'control_wrtGauss_netcdf_parallel_debug_intel' [08:59, 02:42](1614 MB)
PASS -- TEST 'control_stochy_debug_intel' [09:28, 03:07](813 MB)
PASS -- TEST 'control_lndp_debug_intel' [09:26, 02:48](818 MB)
PASS -- TEST 'control_csawmg_debug_intel' [10:50, 04:09](864 MB)
PASS -- TEST 'control_ras_debug_intel' [09:27, 02:57](810 MB)
PASS -- TEST 'control_diag_debug_intel' [08:57, 02:51](1673 MB)
PASS -- TEST 'control_debug_p8_intel' [08:57, 02:58](1637 MB)
PASS -- TEST 'regional_debug_intel' [24:51, 17:22](846 MB)
PASS -- TEST 'rap_control_debug_intel' [11:25, 05:05](1200 MB)
PASS -- TEST 'hrrr_control_debug_intel' [11:28, 05:00](1189 MB)
PASS -- TEST 'hrrr_gf_debug_intel' [11:28, 05:04](1199 MB)
PASS -- TEST 'hrrr_c3_debug_intel' [12:24, 04:57](1198 MB)
PASS -- TEST 'rap_unified_drag_suite_debug_intel' [11:22, 04:53](1204 MB)
PASS -- TEST 'rap_diag_debug_intel' [10:36, 05:03](1293 MB)
PASS -- TEST 'rap_cires_ugwp_debug_intel' [06:23, 05:03](1200 MB)
PASS -- TEST 'rap_unified_ugwp_debug_intel' [06:21, 05:09](1192 MB)
PASS -- TEST 'rap_lndp_debug_intel' [05:22, 05:01](1199 MB)
PASS -- TEST 'rap_progcld_thompson_debug_intel' [05:23, 04:58](1202 MB)
FAILED: UNABLE TO RUN COMPARISON -- TEST 'rap_noah_debug_intel' [, ]( MB)
PASS -- TEST 'rap_sfcdiff_debug_intel' [06:22, 05:15](1206 MB)
PASS -- TEST 'rap_noah_sfcdiff_cires_ugwp_debug_intel' [09:22, 08:17](1202 MB)
PASS -- TEST 'rrfs_v1beta_debug_intel' [05:23, 04:48](1158 MB)
PASS -- TEST 'rap_clm_lake_debug_intel' [07:23, 06:16](1202 MB)
PASS -- TEST 'rap_flake_debug_intel' [06:21, 05:22](1199 MB)
PASS -- TEST 'gnv1_c96_no_nest_debug_intel' [10:36, 08:29](1183 MB)

PASS -- COMPILE 'wam_debug_intel' [07:11, 03:10] ( 855 warnings )
PASS -- TEST 'control_wam_debug_intel' [05:21, 04:56](509 MB)

PASS -- COMPILE 'rrfs_dyn32_phy32_intel' [14:10, 11:04] ( 3 warnings 8 remarks )
PASS -- TEST 'regional_spp_sppt_shum_skeb_dyn32_phy32_intel' [05:57, 04:49](1173 MB)
PASS -- TEST 'rap_control_dyn32_phy32_intel' [08:27, 06:29](1053 MB)
PASS -- TEST 'hrrr_control_dyn32_phy32_intel' [05:52, 03:27](979 MB)
PASS -- TEST 'rap_2threads_dyn32_phy32_intel' [08:25, 06:51](1099 MB)
PASS -- TEST 'hrrr_control_2threads_dyn32_phy32_intel' [04:24, 03:02](962 MB)
PASS -- TEST 'hrrr_control_decomp_dyn32_phy32_intel' [05:41, 03:48](913 MB)
PASS -- TEST 'rap_restart_dyn32_phy32_intel' [06:16, 05:00](1032 MB)
PASS -- TEST 'hrrr_control_restart_dyn32_phy32_intel' [02:25, 01:57](929 MB)

PASS -- COMPILE 'rrfs_dyn32_phy32_faster_intel' [19:11, 14:29] ( 3 warnings 8 remarks )
PASS -- TEST 'conus13km_control_intel' [03:58, 02:12](1200 MB)
PASS -- TEST 'conus13km_2threads_intel' [01:51, 01:00](1117 MB)
PASS -- TEST 'conus13km_restart_mismatch_intel' [02:46, 01:19](1111 MB)

PASS -- COMPILE 'rrfs_dyn64_phy32_intel' [13:11, 11:16] ( 3 warnings 8 remarks )
PASS -- TEST 'rap_control_dyn64_phy32_intel' [05:46, 04:23](985 MB)

PASS -- COMPILE 'rrfs_dyn32_phy32_debug_intel' [05:11, 03:24] ( 787 warnings 8 remarks )
PASS -- TEST 'rap_control_debug_dyn32_phy32_intel' [05:23, 05:01](1079 MB)
PASS -- TEST 'hrrr_control_debug_dyn32_phy32_intel' [05:22, 05:00](1078 MB)
PASS -- TEST 'conus13km_debug_intel' [15:50, 14:18](1221 MB)
PASS -- TEST 'conus13km_debug_qr_intel' [15:45, 14:21](926 MB)
PASS -- TEST 'conus13km_debug_2threads_intel' [09:48, 08:16](1152 MB)
PASS -- TEST 'conus13km_radar_tten_debug_intel' [15:56, 14:12](1298 MB)

PASS -- COMPILE 'rrfs_dyn64_phy32_debug_intel' [05:11, 03:20] ( 787 warnings 8 remarks )
PASS -- TEST 'rap_control_dyn64_phy32_debug_intel' [05:41, 04:53](1125 MB)

PASS -- COMPILE 'hafsw_intel' [14:11, 13:05] ( 1 warnings 8 remarks )
PASS -- TEST 'hafs_regional_atm_intel' [07:14, 05:55](741 MB)
FAILED: UNABLE TO RUN COMPARISON -- TEST 'hafs_regional_atm_thompson_gfdlsf_intel' [, ]( MB)
PASS -- TEST 'hafs_regional_atm_ocn_intel' [08:29, 06:58](832 MB)
PASS -- TEST 'hafs_regional_atm_wav_intel' [15:10, 13:23](812 MB)
PASS -- TEST 'hafs_regional_atm_ocn_wav_intel' [17:22, 15:16](886 MB)
PASS -- TEST 'hafs_regional_1nest_atm_intel' [07:59, 06:37](501 MB)
PASS -- TEST 'hafs_regional_telescopic_2nests_atm_intel' [09:27, 07:44](515 MB)
PASS -- TEST 'hafs_global_1nest_atm_intel' [04:51, 03:10](372 MB)
FAILED: RUN DID NOT COMPLETE -- TEST 'hafs_global_multiple_4nests_atm_intel' [, ]( MB)
PASS -- TEST 'hafs_regional_specified_moving_1nest_atm_intel' [05:50, 04:17](526 MB)
PASS -- TEST 'hafs_regional_storm_following_1nest_atm_intel' [04:49, 03:58](527 MB)
PASS -- TEST 'hafs_regional_storm_following_1nest_atm_ocn_intel' [06:51, 05:27](585 MB)
FAILED: RUN DID NOT COMPLETE -- TEST 'hafs_global_storm_following_1nest_atm_intel' [, ]( MB)
PASS -- TEST 'gnv1_nested_intel' [05:55, 04:34](803 MB)

PASS -- COMPILE 'hafsw_debug_intel' [05:11, 04:01] ( 1467 warnings 1501 remarks )
PASS -- TEST 'hafs_regional_storm_following_1nest_atm_ocn_debug_intel' [14:51, 13:22](633 MB)

PASS -- COMPILE 'hafsw_faster_intel' [17:11, 13:51] ( 7 remarks )
PASS -- TEST 'hafs_regional_storm_following_1nest_atm_ocn_wav_intel' [11:58, 09:43](672 MB)
FAILED: UNABLE TO RUN COMPARISON -- TEST 'hafs_regional_storm_following_1nest_atm_ocn_wav_inline_intel' [, ]( MB)

PASS -- COMPILE 'hafs_mom6w_intel' [16:11, 13:05] ( 7 remarks )
PASS -- TEST 'hafs_regional_storm_following_1nest_atm_ocn_wav_mom6_intel' [08:03, 07:07](735 MB)

PASS -- COMPILE 'hafs_all_intel' [16:11, 12:34] ( 7 remarks )
PASS -- TEST 'hafs_regional_docn_intel' [09:13, 06:53](828 MB)
FAILED: UNABLE TO RUN COMPARISON -- TEST 'hafs_regional_docn_oisst_intel' [, ]( MB)
PASS -- TEST 'hafs_regional_datm_cdeps_intel' [18:00, 15:56](1210 MB)

PASS -- COMPILE 'datm_cdeps_intel' [08:10, 07:03]
PASS -- TEST 'datm_cdeps_control_cfsr_intel' [04:20, 02:38](1136 MB)
PASS -- TEST 'datm_cdeps_restart_cfsr_intel' [02:19, 01:38](1094 MB)
PASS -- TEST 'datm_cdeps_control_gefs_intel' [04:19, 02:29](1014 MB)
PASS -- TEST 'datm_cdeps_iau_gefs_intel' [04:20, 02:34](1013 MB)
PASS -- TEST 'datm_cdeps_stochy_gefs_intel' [04:18, 02:34](1022 MB)
PASS -- TEST 'datm_cdeps_ciceC_cfsr_intel' [03:18, 02:41](1132 MB)
PASS -- TEST 'datm_cdeps_bulk_cfsr_intel' [03:17, 02:39](1142 MB)
PASS -- TEST 'datm_cdeps_bulk_gefs_intel' [03:18, 02:36](1014 MB)
PASS -- TEST 'datm_cdeps_mx025_cfsr_intel' [07:16, 05:56](1060 MB)
PASS -- TEST 'datm_cdeps_mx025_gefs_intel' [07:11, 06:02](1040 MB)
PASS -- TEST 'datm_cdeps_multiple_files_cfsr_intel' [03:15, 02:40](1128 MB)
PASS -- TEST 'datm_cdeps_3072x1536_cfsr_intel' [04:19, 03:43](2431 MB)
PASS -- TEST 'datm_cdeps_gfs_intel' [04:17, 03:39](2434 MB)

PASS -- COMPILE 'datm_cdeps_debug_intel' [05:10, 04:02] ( 2 warnings )
PASS -- TEST 'datm_cdeps_debug_cfsr_intel' [07:17, 06:17](1056 MB)

PASS -- COMPILE 'datm_cdeps_faster_intel' [07:11, 07:06]
PASS -- TEST 'datm_cdeps_control_cfsr_faster_intel' [03:17, 02:40](1138 MB)

PASS -- COMPILE 'datm_cdeps_land_intel' [02:11, 01:07] ( 1 remarks )
PASS -- TEST 'datm_cdeps_lnd_gswp3_intel' [01:29, 00:47](261 MB)
PASS -- TEST 'datm_cdeps_lnd_era5_intel' [01:21, 00:48](326 MB)
PASS -- TEST 'datm_cdeps_lnd_era5_rst_intel' [01:24, 00:33](320 MB)

PASS -- COMPILE 'atml_intel' [14:10, 14:07] ( 8 warnings 2 remarks )
PASS -- TEST 'control_p8_atmlnd_sbs_intel' [06:33, 04:16](1610 MB)
PASS -- TEST 'control_p8_atmlnd_intel' [06:29, 04:20](1611 MB)
PASS -- TEST 'control_restart_p8_atmlnd_intel' [03:47, 02:21](900 MB)

PASS -- COMPILE 'atml_debug_intel' [05:11, 04:48] ( 882 warnings 2 remarks )
PASS -- TEST 'control_p8_atmlnd_debug_intel' [07:29, 05:38](1628 MB)

PASS -- COMPILE 'atmw_intel' [13:11, 12:07] ( 8 remarks )
PASS -- TEST 'atmwav_control_noaero_p8_intel' [03:22, 01:51](1664 MB)

PASS -- COMPILE 'atmaero_intel' [13:11, 12:24] ( 1 remarks )
PASS -- TEST 'atmaero_control_p8_intel' [05:21, 04:03](3025 MB)
PASS -- TEST 'atmaero_control_p8_rad_intel' [06:17, 04:57](3094 MB)
PASS -- TEST 'atmaero_control_p8_rad_micro_intel' [06:02, 05:04](3101 MB)

PASS -- COMPILE 'atmaq_debug_intel' [04:10, 03:31] ( 884 warnings 6 remarks )
PASS -- TEST 'regional_atmaq_debug_intel' [22:42, 20:46](4579 MB)

SYNOPSIS:
Starting Date/Time: 20240516 23:25:54
Ending Date/Time: 20240517 00:56:53
Total Time: 01h:31m:46s
Compiles Completed: 39/39
Tests Completed: 177/183
Failed Tests:
* TEST rap_noah_debug_intel: FAILED: UNABLE TO RUN COMPARISON
-- LOG: /work2/noaa/stmp/zshrader/orion/rt-2264/tests/logs/log_orion/run_rap_noah_debug_intel.log
* TEST hafs_regional_atm_thompson_gfdlsf_intel: FAILED: UNABLE TO RUN COMPARISON
-- LOG: /work2/noaa/stmp/zshrader/orion/rt-2264/tests/logs/log_orion/run_hafs_regional_atm_thompson_gfdlsf_intel.log
* TEST hafs_global_multiple_4nests_atm_intel: FAILED: RUN DID NOT COMPLETE
-- LOG: /work2/noaa/stmp/zshrader/orion/rt-2264/tests/logs/log_orion/run_hafs_global_multiple_4nests_atm_intel.log
* TEST hafs_global_storm_following_1nest_atm_intel: FAILED: RUN DID NOT COMPLETE
-- LOG: /work2/noaa/stmp/zshrader/orion/rt-2264/tests/logs/log_orion/run_hafs_global_storm_following_1nest_atm_intel.log
* TEST hafs_regional_storm_following_1nest_atm_ocn_wav_inline_intel: FAILED: UNABLE TO RUN COMPARISON
-- LOG: /work2/noaa/stmp/zshrader/orion/rt-2264/tests/logs/log_orion/run_hafs_regional_storm_following_1nest_atm_ocn_wav_inline_intel.log
* TEST hafs_regional_docn_oisst_intel: FAILED: UNABLE TO RUN COMPARISON
-- LOG: /work2/noaa/stmp/zshrader/orion/rt-2264/tests/logs/log_orion/run_hafs_regional_docn_oisst_intel.log

NOTES:
A file 'test_changes.list' was generated with list of all failed tests.
You can use './rt.sh -c -b test_changes.list' to create baselines for the failed tests.
If you are using this log as a pull request verification, please commit 'test_changes.list'.

Result: FAILURE

====END OF ORION REGRESSION TESTING LOG====
====START OF ORION REGRESSION TESTING LOG====

UFSWM hash used in testing:
53ca93c48b032207b4d90354b56c0dbc6c8c4316

Submodule hashes used in testing:
 37cbb7d6840ae7515a9a8f0dfd4d89461b3396d1 AQM (v0.2.0-37-g37cbb7d)
 be5d28fd1b60522e6fc98aefeead20e6aac3530b AQM/src/model/CMAQ (CMAQv5.2.1_07Feb2018-198-gbe5d28fd1)
 3d7067a523b8557058755289e4275f5f5c985daf CDEPS-interface/CDEPS (cdeps0.4.17-40-g3d7067a)
 9c0cd8d3ba5963d01711094a3c81b6358fcb8367 CICE-interface/CICE (CICE6.0.0-448-g9c0cd8d)
 f6ff8f7c4d4cb6feabe3651b13204cf43fc948e3 CICE-interface/CICE/icepack (Icepack1.1.0-182-gf6ff8f7)
 453e59e353794ee8ff57693a64adf2ff49e3406d CMEPS-interface/CMEPS (remotes/origin/combo_20240503)
 cabd7753ae17f7bfcc6dad56daf10868aa51c3f4 CMakeModules (v1.0.0-28-gcabd775)
 0ba946ac691a4bdb104594cc518bd344d1c4a15c FV3 (remotes/origin/combo_20240503)
 cc8afe64b9420dd7379e47cee5e3f30f4ac44b58 FV3/atmos_cubed_sphere (201912_public_release-390-gcc8afe6)
 741212e4962d371520f773e2be9481142f79635e FV3/ccpp/framework (ccpp_transition_to_vlab_master_20190705-718-g741212e)
 be05ec28d5d4968d3e0cb6e6a7fdb47fb8a5fad0 FV3/ccpp/physics (master-tag-before-replacing-with-ipd-setup-step-fast-5209-gbe05ec28)
 74a0e098b2163425e4b5466c2dfcf8ae26d560a5 FV3/ccpp/physics/physics/Radiation/RRTMGP/rte-rrtmgp (v1.6)
 be0410ece28f2b5b9c089f8ca09ce0c80c79fe6c FV3/upp (upp_v10.2.0-191-gbe0410e)
-1ba8270870947b583cd51bc72ff8960f4c1fb36e FV3/upp/sorc/libIFI.fd
-7476b8f2790a47d788f79cebfdbb551567ae7cf8 FV3/upp/sorc/ncep_post.fd/post_gtg.fd
 041422934cae1570f2f0e67239d5d89f11c6e1b7 GOCART (sdr_v2.1.2.6-119-g0414229)
 35789c757766e07f688b4c0c7c5229816f224b09 HYCOM-interface/HYCOM (2.3.00-121-g35789c7)
 3bcfbbea8b865c3f88497049fde044c1145bd202 MOM6-interface/MOM6 (dev/master/repository_split_2014.10.10-10050-g3bcfbbea8)
 9423197f894112edfcb1502245f7d7b873d551f9 MOM6-interface/MOM6/pkg/CVMix-src (9423197)
 29e64d652786e1d076a05128c920f394202bfe10 MOM6-interface/MOM6/pkg/GSW-Fortran (29e64d6)
 1dbf99ab7910e8880e2d6f20f479a3858203d6e2 NOAHMP-interface/noahmp (remotes/origin/combo_20240503)
 d9b3172f4197c65d471662c6952a668152d71230 WW3 (6.07.1-345-gd9b3172f)
 31e4e3e57bad8a7cdaa0ce2d3c4efbca63b5f74a stochastic_physics (ufs-v2.0.0-216-g31e4e3e)


NOTES:
[Times](Memory) are at the end of each compile/test in format [MM:SS](Size).
The first time is for the full script (prep+run+finalize).
The second time is specifically for the run phase.
Times/Memory will be empty for failed tests.

BASELINE DIRECTORY: /work/noaa/epic/UFS-WM_RT/NEMSfv3gfs/develop-20240516
COMPARISON DIRECTORY: /work/noaa/stmp/zshrader/stmp/zshrader/FV3_RT/rt_226415

RT.SH OPTIONS USED:
* (-a) - HPC PROJECT ACCOUNT: epic
* (-l) - USE CONFIG FILE: rt.conf
* (-e) - USE ECFLOW

PASS -- COMPILE 'atm_debug_dyn32_intel' [06:11, 05:15] ( 885 warnings 9 remarks )
PASS -- TEST 'rap_noah_debug_intel' [05:29, 04:55](1200 MB)

PASS -- COMPILE 'hafsw_intel' [15:11, 14:28] ( 1 warnings 8 remarks )
PASS -- TEST 'hafs_regional_atm_thompson_gfdlsf_intel' [07:27, 06:22](1122 MB)
PASS -- TEST 'hafs_global_multiple_4nests_atm_intel' [11:21, 08:28](481 MB)
PASS -- TEST 'hafs_global_storm_following_1nest_atm_intel' [02:28, 01:31](402 MB)

PASS -- COMPILE 'hafsw_faster_intel' [15:11, 14:37] ( 7 remarks )
PASS -- TEST 'hafs_regional_storm_following_1nest_atm_ocn_wav_inline_intel' [11:17, 10:03](735 MB)

PASS -- COMPILE 'hafs_all_intel' [13:11, 12:32] ( 7 remarks )
PASS -- TEST 'hafs_regional_docn_oisst_intel' [08:15, 06:45](770 MB)

SYNOPSIS:
Starting Date/Time: 20240517 08:22:40
Ending Date/Time: 20240517 08:50:39
Total Time: 00h:28m:14s
Compiles Completed: 4/4
Tests Completed: 6/6

NOTES:
A file 'test_changes.list' was generated but is empty.
If you are using this log as a pull request verification, please commit 'test_changes.list'.

Result: SUCCESS

====END OF ORION REGRESSION TESTING LOG====
