====START OF HERA REGRESSION TESTING LOG====

UFSWM hash used in testing:
7485a1933204aef947746272a68249c479335c38

Submodule hashes used in testing:
 37cbb7d6840ae7515a9a8f0dfd4d89461b3396d1 AQM (v0.2.0-37-g37cbb7d)
 fbdf6843d6bde852d97f1547591d90136103f669 CDEPS-interface/CDEPS (cdeps0.4.17-41-gfbdf684)
 9452de8c3cb43fb2628f0722e6a51f79429d2160 CICE-interface/CICE (CICE6.0.0-450-g9452de8)
 2d837b16af326b09ff4018daab4de84f4deff7ec CMEPS-interface/CMEPS (cmeps_v0.4.1-2307-g2d837b1)
 cabd7753ae17f7bfcc6dad56daf10868aa51c3f4 CMakeModules (v1.0.0-28-gcabd775)
 437ea03100e44ac67826bb3879df89108de25a16 FV3 (remotes/origin/land_upgrade_hr4)
 041422934cae1570f2f0e67239d5d89f11c6e1b7 GOCART (sdr_v2.1.2.6-119-g0414229)
 bcf7777bb037ae2feb2a8a8ac51aacb3511b52d9 HYCOM-interface/HYCOM (2.3.00-122-gbcf7777)
 b32aea7bf3f9e2a774afa23d3386c88156cd1182 MOM6-interface/MOM6 (dev/master/repository_split_2014.10.10-10051-gb32aea7bf)
 d696ac55551e850e564640897de1d5159b3db5a3 NOAHMP-interface/noahmp (v3.7.1-435-gd696ac5)
 d9b3172f4197c65d471662c6952a668152d71230 WW3 (6.07.1-345-gd9b3172f)
 fad2fe9f42f6b7f744b128b4a2a9433f91e4296f stochastic_physics (ufs-v2.0.0-219-gfad2fe9)


NOTES:
[Times](Memory) are at the end of each compile/test in format [MM:SS](Size).
The first time is for the full script (prep+run+finalize).
The second time is specifically for the run phase.
Times/Memory will be empty for failed tests.

BASELINE DIRECTORY: /scratch2/NAGAPE/epic/UFS-WM_RT/NEMSfv3gfs/develop-20240718
COMPARISON DIRECTORY: /scratch1/NCEPDEV/stmp2/Jong.Kim/FV3_RT/rt_2022445

RT.SH OPTIONS USED:
* (-a) - HPC PROJECT ACCOUNT: epic
* (-e) - USE ECFLOW

PASS -- COMPILE 's2swa_32bit_intel' [14:10, 13:43] ( 1 warnings 8 remarks )
FAILED: UNABLE TO COMPLETE COMPARISON -- TEST 'cpld_control_p8_mixedmode_intel' [, ]( MB)

PASS -- COMPILE 's2swa_32bit_pdlib_intel' [16:11, 15:12] ( 1 warnings 8 remarks )
FAILED: UNABLE TO COMPLETE COMPARISON -- TEST 'cpld_control_gfsv17_intel' [, ]( MB)
FAILED: UNABLE TO COMPLETE COMPARISON -- TEST 'cpld_control_gfsv17_iau_intel' [, ]( MB)
FAILED: UNABLE TO COMPLETE COMPARISON -- TEST 'cpld_restart_gfsv17_intel' [, ]( MB)
FAILED: UNABLE TO COMPLETE COMPARISON -- TEST 'cpld_mpi_gfsv17_intel' [, ]( MB)

PASS -- COMPILE 's2swa_32bit_pdlib_sfs_intel' [16:10, 15:56] ( 1 warnings 8 remarks )
FAILED: UNABLE TO COMPLETE COMPARISON -- TEST 'cpld_control_sfs_intel' [, ]( MB)

PASS -- COMPILE 's2swa_32bit_pdlib_debug_intel' [06:10, 05:13] ( 1525 warnings 1998 remarks )
FAILED: UNABLE TO COMPLETE COMPARISON -- TEST 'cpld_debug_gfsv17_intel' [, ]( MB)

PASS -- COMPILE 's2swa_intel' [14:11, 13:22] ( 8 remarks )
FAILED: UNABLE TO COMPLETE COMPARISON -- TEST 'cpld_control_p8_intel' [, ]( MB)
FAILED: UNABLE TO COMPLETE COMPARISON -- TEST 'cpld_control_p8.v2.sfc_intel' [, ]( MB)
FAILED: UNABLE TO COMPLETE COMPARISON -- TEST 'cpld_restart_p8_intel' [, ]( MB)
FAILED: UNABLE TO COMPLETE COMPARISON -- TEST 'cpld_control_qr_p8_intel' [, ]( MB)
FAILED: UNABLE TO COMPLETE COMPARISON -- TEST 'cpld_restart_qr_p8_intel' [, ]( MB)
FAILED: UNABLE TO COMPLETE COMPARISON -- TEST 'cpld_2threads_p8_intel' [, ]( MB)
FAILED: UNABLE TO COMPLETE COMPARISON -- TEST 'cpld_decomp_p8_intel' [, ]( MB)
FAILED: UNABLE TO COMPLETE COMPARISON -- TEST 'cpld_mpi_p8_intel' [, ]( MB)
FAILED: UNABLE TO COMPLETE COMPARISON -- TEST 'cpld_control_ciceC_p8_intel' [, ]( MB)
FAILED: UNABLE TO COMPLETE COMPARISON -- TEST 'cpld_control_c192_p8_intel' [, ]( MB)
FAILED: UNABLE TO COMPLETE COMPARISON -- TEST 'cpld_restart_c192_p8_intel' [, ]( MB)
FAILED: UNABLE TO COMPLETE COMPARISON -- TEST 'cpld_bmark_p8_intel' [, ]( MB)
FAILED: UNABLE TO COMPLETE COMPARISON -- TEST 'cpld_restart_bmark_p8_intel' [, ]( MB)
FAILED: UNABLE TO COMPLETE COMPARISON -- TEST 'cpld_s2sa_p8_intel' [, ]( MB)

PASS -- COMPILE 's2sw_intel' [13:10, 12:49] ( 8 remarks )
FAILED: UNABLE TO COMPLETE COMPARISON -- TEST 'cpld_control_noaero_p8_intel' [, ]( MB)
FAILED: UNABLE TO COMPLETE COMPARISON -- TEST 'cpld_control_nowave_noaero_p8_intel' [, ]( MB)

PASS -- COMPILE 's2swa_debug_intel' [06:10, 05:12] ( 1450 warnings 1228 remarks )
FAILED: UNABLE TO COMPLETE COMPARISON -- TEST 'cpld_debug_p8_intel' [, ]( MB)

PASS -- COMPILE 's2sw_debug_intel' [05:10, 04:58] ( 1450 warnings 1228 remarks )
FAILED: UNABLE TO COMPLETE COMPARISON -- TEST 'cpld_debug_noaero_p8_intel' [, ]( MB)

PASS -- COMPILE 's2s_aoflux_intel' [12:10, 12:05] ( 1 remarks )
FAILED: UNABLE TO COMPLETE COMPARISON -- TEST 'cpld_control_noaero_p8_agrid_intel' [, ]( MB)

PASS -- COMPILE 's2s_intel' [13:10, 12:10] ( 1 remarks )
FAILED: UNABLE TO COMPLETE COMPARISON -- TEST 'cpld_control_c48_intel' [, ]( MB)
FAILED: UNABLE TO COMPLETE COMPARISON -- TEST 'cpld_warmstart_c48_intel' [, ]( MB)
FAILED: UNABLE TO COMPLETE COMPARISON -- TEST 'cpld_restart_c48_intel' [, ]( MB)

PASS -- COMPILE 's2swa_faster_intel' [18:11, 17:46] ( 8 remarks )
FAILED: UNABLE TO COMPLETE COMPARISON -- TEST 'cpld_control_p8_faster_intel' [, ]( MB)

PASS -- COMPILE 's2sw_pdlib_intel' [17:11, 16:27] ( 8 remarks )
FAILED: UNABLE TO COMPLETE COMPARISON -- TEST 'cpld_control_pdlib_p8_intel' [, ]( MB)
FAILED: UNABLE TO COMPLETE COMPARISON -- TEST 'cpld_restart_pdlib_p8_intel' [, ]( MB)
FAILED: UNABLE TO COMPLETE COMPARISON -- TEST 'cpld_mpi_pdlib_p8_intel' [, ]( MB)

PASS -- COMPILE 's2sw_pdlib_debug_intel' [05:10, 04:55] ( 1560 warnings 1998 remarks )
FAILED: UNABLE TO COMPLETE COMPARISON -- TEST 'cpld_debug_pdlib_p8_intel' [, ]( MB)

PASS -- COMPILE 'atm_dyn32_intel' [12:11, 12:01] ( 1 warnings 1 remarks )
PASS -- TEST 'control_flake_intel' [04:21, 03:20](710 MB)
FAILED: UNABLE TO COMPLETE COMPARISON -- TEST 'control_CubedSphereGrid_intel' [, ]( MB)
FAILED: UNABLE TO COMPLETE COMPARISON -- TEST 'control_CubedSphereGrid_parallel_intel' [, ]( MB)
FAILED: UNABLE TO COMPLETE COMPARISON -- TEST 'control_latlon_intel' [, ]( MB)
FAILED: UNABLE TO COMPLETE COMPARISON -- TEST 'control_wrtGauss_netcdf_parallel_intel' [, ]( MB)
FAILED: UNABLE TO COMPLETE COMPARISON -- TEST 'control_c48_intel' [, ]( MB)
PASS -- TEST 'control_c48.v2.sfc_intel' [07:26, 06:23](873 MB)
FAILED: UNABLE TO COMPLETE COMPARISON -- TEST 'control_c192_intel' [, ]( MB)
FAILED: UNABLE TO COMPLETE COMPARISON -- TEST 'control_c384_intel' [, ]( MB)
PASS -- TEST 'control_c384gdas_intel' [11:06, 07:55](1406 MB)
PASS -- TEST 'control_stochy_intel' [02:24, 01:37](661 MB)
PASS -- TEST 'control_stochy_restart_intel' [01:30, 00:59](504 MB)
PASS -- TEST 'control_lndp_intel' [02:22, 01:34](665 MB)
PASS -- TEST 'control_iovr4_intel' [03:26, 02:29](659 MB)
PASS -- TEST 'control_iovr5_intel' [03:26, 02:27](660 MB)
FAILED: UNABLE TO COMPLETE COMPARISON -- TEST 'control_p8_intel' [, ]( MB)
FAILED: UNABLE TO COMPLETE COMPARISON -- TEST 'control_p8.v2.sfc_intel' [, ]( MB)
FAILED: UNABLE TO COMPLETE COMPARISON -- TEST 'control_p8_ugwpv1_intel' [, ]( MB)
FAILED: UNABLE TO COMPLETE COMPARISON -- TEST 'control_restart_p8_intel' [, ]( MB)
FAILED: UNABLE TO COMPLETE COMPARISON -- TEST 'control_noqr_p8_intel' [, ]( MB)
FAILED: UNABLE TO COMPLETE COMPARISON -- TEST 'control_restart_noqr_p8_intel' [, ]( MB)
FAILED: UNABLE TO COMPLETE COMPARISON -- TEST 'control_decomp_p8_intel' [, ]( MB)
FAILED: UNABLE TO COMPLETE COMPARISON -- TEST 'control_2threads_p8_intel' [, ]( MB)
FAILED: UNABLE TO COMPLETE COMPARISON -- TEST 'control_p8_lndp_intel' [, ]( MB)
FAILED: UNABLE TO COMPLETE COMPARISON -- TEST 'control_p8_rrtmgp_intel' [, ]( MB)
FAILED: UNABLE TO COMPLETE COMPARISON -- TEST 'control_p8_mynn_intel' [, ]( MB)
FAILED: UNABLE TO COMPLETE COMPARISON -- TEST 'merra2_thompson_intel' [, ]( MB)
PASS -- TEST 'regional_control_intel' [06:39, 05:22](1100 MB)
PASS -- TEST 'regional_restart_intel' [03:41, 02:53](1100 MB)
PASS -- TEST 'regional_decomp_intel' [06:39, 05:37](1096 MB)
PASS -- TEST 'regional_2threads_intel' [04:38, 03:24](1095 MB)
PASS -- TEST 'regional_noquilt_intel' [06:41, 05:18](1399 MB)
PASS -- TEST 'regional_netcdf_parallel_intel' [06:40, 05:16](1109 MB)
PASS -- TEST 'regional_2dwrtdecomp_intel' [06:34, 05:18](1104 MB)
PASS -- TEST 'regional_wofs_intel' [07:42, 06:52](1916 MB)

PASS -- COMPILE 'rrfs_intel' [12:11, 11:09] ( 3 warnings 9 remarks )
PASS -- TEST 'rap_control_intel' [08:40, 07:44](1107 MB)
PASS -- TEST 'regional_spp_sppt_shum_skeb_intel' [06:20, 04:07](1300 MB)
PASS -- TEST 'rap_decomp_intel' [09:38, 08:11](1044 MB)
PASS -- TEST 'rap_2threads_intel' [08:36, 07:14](1187 MB)
PASS -- TEST 'rap_restart_intel' [04:43, 04:04](1104 MB)
PASS -- TEST 'rap_sfcdiff_intel' [08:40, 07:41](1109 MB)
PASS -- TEST 'rap_sfcdiff_decomp_intel' [09:36, 08:07](1034 MB)
PASS -- TEST 'rap_sfcdiff_restart_intel' [06:43, 05:50](1135 MB)
PASS -- TEST 'hrrr_control_intel' [04:41, 04:05](1050 MB)
PASS -- TEST 'hrrr_control_decomp_intel' [05:34, 04:09](1035 MB)
PASS -- TEST 'hrrr_control_2threads_intel' [04:36, 03:40](1118 MB)
PASS -- TEST 'hrrr_control_restart_intel' [03:35, 02:10](993 MB)
FAILED: UNABLE TO COMPLETE COMPARISON -- TEST 'rrfs_v1beta_intel' [, ]( MB)
FAILED: UNABLE TO COMPLETE COMPARISON -- TEST 'rrfs_v1nssl_intel' [, ]( MB)
FAILED: UNABLE TO COMPLETE COMPARISON -- TEST 'rrfs_v1nssl_nohailnoccn_intel' [, ]( MB)

PASS -- COMPILE 'csawmg_intel' [11:11, 10:37]
PASS -- TEST 'control_csawmg_intel' [08:00, 06:07](1025 MB)
PASS -- TEST 'control_ras_intel' [04:23, 03:14](753 MB)

PASS -- COMPILE 'csawmg_gnu' [05:10, 04:18]
PASS -- TEST 'control_csawmg_gnu' [09:39, 08:24](757 MB)

PASS -- COMPILE 'wam_intel' [11:11, 10:35] ( 1 remarks )
FAILED: UNABLE TO COMPLETE COMPARISON -- TEST 'control_wam_intel' [, ]( MB)

PASS -- COMPILE 'atm_faster_dyn32_intel' [15:11, 14:39] ( 1 remarks )
FAILED: UNABLE TO COMPLETE COMPARISON -- TEST 'control_p8_faster_intel' [, ]( MB)
PASS -- TEST 'regional_control_faster_intel' [05:40, 04:48](1112 MB)

PASS -- COMPILE 'atm_debug_dyn32_intel' [07:11, 06:34] ( 884 warnings 9 remarks )
FAILED: UNABLE TO COMPLETE COMPARISON -- TEST 'control_CubedSphereGrid_debug_intel' [, ]( MB)
FAILED: UNABLE TO COMPLETE COMPARISON -- TEST 'control_wrtGauss_netcdf_parallel_debug_intel' [, ]( MB)
PASS -- TEST 'control_stochy_debug_intel' [03:27, 03:02](832 MB)
PASS -- TEST 'control_lndp_debug_intel' [03:28, 02:48](828 MB)
PASS -- TEST 'control_csawmg_debug_intel' [05:50, 04:21](1150 MB)
PASS -- TEST 'control_ras_debug_intel' [03:27, 02:49](845 MB)
FAILED: UNABLE TO COMPLETE COMPARISON -- TEST 'control_diag_debug_intel' [, ]( MB)
FAILED: UNABLE TO COMPLETE COMPARISON -- TEST 'control_debug_p8_intel' [, ]( MB)
PASS -- TEST 'regional_debug_intel' [18:48, 17:42](1100 MB)
PASS -- TEST 'rap_control_debug_intel' [05:29, 05:00](1225 MB)
PASS -- TEST 'hrrr_control_debug_intel' [05:30, 04:52](1218 MB)
PASS -- TEST 'hrrr_gf_debug_intel' [05:31, 05:00](1197 MB)
PASS -- TEST 'hrrr_c3_debug_intel' [05:31, 05:03](1217 MB)
PASS -- TEST 'rap_unified_drag_suite_debug_intel' [05:29, 04:55](1211 MB)
PASS -- TEST 'rap_diag_debug_intel' [06:45, 05:18](1301 MB)
PASS -- TEST 'rap_cires_ugwp_debug_intel' [05:30, 05:03](1226 MB)
PASS -- TEST 'rap_unified_ugwp_debug_intel' [05:25, 05:06](1226 MB)
PASS -- TEST 'rap_lndp_debug_intel' [05:25, 04:59](1218 MB)
PASS -- TEST 'rap_progcld_thompson_debug_intel' [05:23, 05:04](1215 MB)
PASS -- TEST 'rap_noah_debug_intel' [05:23, 04:47](1217 MB)
PASS -- TEST 'rap_sfcdiff_debug_intel' [05:24, 05:05](1218 MB)
PASS -- TEST 'rap_noah_sfcdiff_cires_ugwp_debug_intel' [09:24, 08:15](1221 MB)
FAILED: UNABLE TO COMPLETE COMPARISON -- TEST 'rrfs_v1beta_debug_intel' [, ]( MB)
PASS -- TEST 'rap_clm_lake_debug_intel' [06:25, 06:03](1222 MB)
PASS -- TEST 'rap_flake_debug_intel' [05:21, 04:58](1229 MB)
FAILED: UNABLE TO COMPLETE COMPARISON -- TEST 'gnv1_c96_no_nest_debug_intel' [, ]( MB)

PASS -- COMPILE 'atm_debug_dyn32_gnu' [05:11, 04:30]
PASS -- TEST 'control_csawmg_debug_gnu' [03:47, 02:23](736 MB)

PASS -- COMPILE 'wam_debug_intel' [05:10, 04:12] ( 839 warnings 1 remarks )
FAILED: UNABLE TO COMPLETE COMPARISON -- TEST 'control_wam_debug_intel' [, ]( MB)

PASS -- COMPILE 'rrfs_dyn32_phy32_intel' [12:11, 11:10] ( 3 warnings 8 remarks )
PASS -- TEST 'regional_spp_sppt_shum_skeb_dyn32_phy32_intel' [05:01, 03:54](1167 MB)
PASS -- TEST 'rap_control_dyn32_phy32_intel' [07:33, 06:26](1053 MB)
PASS -- TEST 'hrrr_control_dyn32_phy32_intel' [04:37, 03:33](996 MB)
PASS -- TEST 'rap_2threads_dyn32_phy32_intel' [06:37, 06:04](1103 MB)
PASS -- TEST 'hrrr_control_2threads_dyn32_phy32_intel' [04:31, 03:08](965 MB)
PASS -- TEST 'hrrr_control_decomp_dyn32_phy32_intel' [04:29, 03:35](944 MB)
PASS -- TEST 'rap_restart_dyn32_phy32_intel' [05:43, 04:53](1042 MB)
PASS -- TEST 'hrrr_control_restart_dyn32_phy32_intel' [02:28, 01:52](931 MB)

PASS -- COMPILE 'rrfs_dyn32_phy32_faster_intel' [14:11, 13:54] ( 3 warnings 8 remarks )
PASS -- TEST 'conus13km_control_intel' [02:54, 02:06](1202 MB)
PASS -- TEST 'conus13km_2threads_intel' [01:43, 00:56](1126 MB)
PASS -- TEST 'conus13km_restart_mismatch_intel' [02:45, 01:15](1115 MB)

PASS -- COMPILE 'rrfs_dyn64_phy32_intel' [11:11, 10:42] ( 3 warnings 8 remarks )
PASS -- TEST 'rap_control_dyn64_phy32_intel' [05:43, 04:10](996 MB)

PASS -- COMPILE 'rrfs_dyn32_phy32_debug_intel' [04:10, 03:56] ( 787 warnings 8 remarks )
PASS -- TEST 'rap_control_debug_dyn32_phy32_intel' [05:23, 04:57](1097 MB)
PASS -- TEST 'hrrr_control_debug_dyn32_phy32_intel' [05:21, 04:47](1099 MB)
PASS -- TEST 'conus13km_debug_intel' [15:50, 14:46](1214 MB)
PASS -- TEST 'conus13km_debug_qr_intel' [15:45, 14:42](946 MB)
PASS -- TEST 'conus13km_debug_2threads_intel' [09:43, 08:28](1178 MB)
PASS -- TEST 'conus13km_radar_tten_debug_intel' [15:44, 14:44](1323 MB)

PASS -- COMPILE 'rrfs_dyn64_phy32_debug_intel' [04:11, 03:56] ( 787 warnings 8 remarks )
PASS -- TEST 'rap_control_dyn64_phy32_debug_intel' [05:24, 05:07](1142 MB)

PASS -- COMPILE 'hafsw_intel' [13:11, 12:27] ( 1 warnings 8 remarks )
PASS -- TEST 'hafs_regional_atm_intel' [07:16, 05:07](741 MB)
PASS -- TEST 'hafs_regional_atm_thompson_gfdlsf_intel' [07:29, 06:13](1110 MB)
PASS -- TEST 'hafs_regional_atm_ocn_intel' [08:29, 06:57](835 MB)
PASS -- TEST 'hafs_regional_atm_wav_intel' [15:17, 13:32](863 MB)
PASS -- TEST 'hafs_regional_atm_ocn_wav_intel' [17:36, 15:25](882 MB)
PASS -- TEST 'hafs_regional_1nest_atm_intel' [06:57, 05:31](508 MB)
PASS -- TEST 'hafs_regional_telescopic_2nests_atm_intel' [08:30, 06:50](523 MB)
PASS -- TEST 'hafs_global_1nest_atm_intel' [03:41, 02:41](376 MB)
PASS -- TEST 'hafs_global_multiple_4nests_atm_intel' [10:38, 07:17](485 MB)
PASS -- TEST 'hafs_regional_specified_moving_1nest_atm_intel' [04:46, 03:43](535 MB)
PASS -- TEST 'hafs_regional_storm_following_1nest_atm_intel' [04:49, 03:32](528 MB)
PASS -- TEST 'hafs_regional_storm_following_1nest_atm_ocn_intel' [05:57, 04:09](600 MB)
PASS -- TEST 'hafs_global_storm_following_1nest_atm_intel' [02:29, 01:10](408 MB)
FAILED: UNABLE TO COMPLETE COMPARISON -- TEST 'gnv1_nested_intel' [, ]( MB)

PASS -- COMPILE 'hafsw_debug_intel' [05:10, 04:22] ( 1467 warnings 1501 remarks )
PASS -- TEST 'hafs_regional_storm_following_1nest_atm_ocn_debug_intel' [13:53, 12:59](599 MB)

PASS -- COMPILE 'hafsw_faster_intel' [17:11, 16:18] ( 7 remarks )
PASS -- TEST 'hafs_regional_storm_following_1nest_atm_ocn_wav_intel' [10:03, 08:53](674 MB)
PASS -- TEST 'hafs_regional_storm_following_1nest_atm_ocn_wav_inline_intel' [10:10, 08:56](751 MB)

PASS -- COMPILE 'hafs_mom6w_intel' [13:11, 12:20] ( 7 remarks )
PASS -- TEST 'hafs_regional_storm_following_1nest_atm_ocn_wav_mom6_intel' [08:04, 06:32](736 MB)

PASS -- COMPILE 'hafs_all_intel' [12:11, 11:56] ( 7 remarks )
PASS -- TEST 'hafs_regional_docn_intel' [08:14, 06:43](804 MB)
PASS -- TEST 'hafs_regional_docn_oisst_intel' [09:17, 06:54](822 MB)
PASS -- TEST 'hafs_regional_datm_cdeps_intel' [18:00, 16:10](1227 MB)

PASS -- COMPILE 'datm_cdeps_intel' [07:11, 06:40]
PASS -- TEST 'datm_cdeps_control_cfsr_intel' [04:19, 03:08](1158 MB)
PASS -- TEST 'datm_cdeps_restart_cfsr_intel' [03:20, 01:39](1105 MB)
PASS -- TEST 'datm_cdeps_control_gefs_intel' [03:17, 02:34](1029 MB)
PASS -- TEST 'datm_cdeps_iau_gefs_intel' [03:17, 02:38](1024 MB)
PASS -- TEST 'datm_cdeps_stochy_gefs_intel' [04:17, 02:41](1021 MB)
PASS -- TEST 'datm_cdeps_ciceC_cfsr_intel' [04:17, 02:40](1164 MB)
PASS -- TEST 'datm_cdeps_bulk_cfsr_intel' [03:17, 02:44](1150 MB)
PASS -- TEST 'datm_cdeps_bulk_gefs_intel' [03:17, 02:36](1026 MB)
PASS -- TEST 'datm_cdeps_mx025_cfsr_intel' [08:17, 06:10](1071 MB)
PASS -- TEST 'datm_cdeps_mx025_gefs_intel' [08:15, 06:18](1053 MB)
PASS -- TEST 'datm_cdeps_multiple_files_cfsr_intel' [03:15, 02:40](1149 MB)
PASS -- TEST 'datm_cdeps_3072x1536_cfsr_intel' [04:20, 03:49](2454 MB)
PASS -- TEST 'datm_cdeps_gfs_intel' [05:19, 03:54](2497 MB)

PASS -- COMPILE 'datm_cdeps_debug_intel' [04:11, 03:14] ( 2 warnings )
PASS -- TEST 'datm_cdeps_debug_cfsr_intel' [07:18, 06:16](1073 MB)

PASS -- COMPILE 'datm_cdeps_faster_intel' [07:11, 06:39]
PASS -- TEST 'datm_cdeps_control_cfsr_faster_intel' [04:18, 02:43](1153 MB)

PASS -- COMPILE 'datm_cdeps_land_intel' [01:10, 01:05] ( 1 remarks )
FAILED: UNABLE TO COMPLETE COMPARISON -- TEST 'datm_cdeps_lnd_gswp3_intel' [, ]( MB)
FAILED: UNABLE TO COMPLETE COMPARISON -- TEST 'datm_cdeps_lnd_era5_intel' [, ]( MB)
FAILED: UNABLE TO COMPLETE COMPARISON -- TEST 'datm_cdeps_lnd_era5_rst_intel' [, ]( MB)

PASS -- COMPILE 'atm_ds2s_docn_pcice_intel' [12:11, 11:29] ( 1 remarks )
FAILED: UNABLE TO COMPLETE COMPARISON -- TEST 'atm_ds2s_docn_pcice_intel' [, ]( MB)

PASS -- COMPILE 'atm_ds2s_docn_dice_intel' [12:11, 11:16] ( 1 remarks )
FAILED: UNABLE TO COMPLETE COMPARISON -- TEST 'atm_ds2s_docn_dice_intel' [, ]( MB)

PASS -- COMPILE 'atml_intel' [13:12, 12:50] ( 8 warnings 2 remarks )
FAILED: UNABLE TO COMPLETE COMPARISON -- TEST 'control_p8_atmlnd_sbs_intel' [, ]( MB)
FAILED: UNABLE TO COMPLETE COMPARISON -- TEST 'control_p8_atmlnd_intel' [, ]( MB)
FAILED: UNABLE TO COMPLETE COMPARISON -- TEST 'control_restart_p8_atmlnd_intel' [, ]( MB)

PASS -- COMPILE 'atml_debug_intel' [05:11, 05:01] ( 882 warnings 2 remarks )
FAILED: UNABLE TO COMPLETE COMPARISON -- TEST 'control_p8_atmlnd_debug_intel' [, ]( MB)

PASS -- COMPILE 'atmw_intel' [12:12, 11:24] ( 8 remarks )
FAILED: UNABLE TO COMPLETE COMPARISON -- TEST 'atmwav_control_noaero_p8_intel' [, ]( MB)

PASS -- COMPILE 'atmaero_intel' [12:12, 11:12] ( 1 remarks )
FAILED: UNABLE TO COMPLETE COMPARISON -- TEST 'atmaero_control_p8_intel' [, ]( MB)
FAILED: UNABLE TO COMPLETE COMPARISON -- TEST 'atmaero_control_p8_rad_intel' [, ]( MB)
FAILED: UNABLE TO COMPLETE COMPARISON -- TEST 'atmaero_control_p8_rad_micro_intel' [, ]( MB)

PASS -- COMPILE 'atmaq_debug_intel' [04:11, 04:02] ( 884 warnings 6 remarks )
FAILED: TEST TIMED OUT -- TEST 'regional_atmaq_debug_intel' [, ]( MB)

PASS -- COMPILE 'atm_gnu' [05:11, 04:40]
FAILED: UNABLE TO COMPLETE COMPARISON -- TEST 'control_c48_gnu' [, ]( MB)
PASS -- TEST 'control_stochy_gnu' [04:24, 03:21](500 MB)
PASS -- TEST 'control_ras_gnu' [06:23, 04:49](507 MB)
FAILED: UNABLE TO COMPLETE COMPARISON -- TEST 'control_p8_gnu' [, ]( MB)
FAILED: UNABLE TO COMPLETE COMPARISON -- TEST 'control_p8_ugwpv1_gnu' [, ]( MB)
PASS -- TEST 'control_flake_gnu' [11:25, 10:25](539 MB)

PASS -- COMPILE 'rrfs_gnu' [05:10, 04:19]
PASS -- TEST 'rap_control_gnu' [12:32, 11:02](859 MB)
PASS -- TEST 'rap_decomp_gnu' [12:33, 10:53](857 MB)
PASS -- TEST 'rap_2threads_gnu' [11:36, 09:42](931 MB)
PASS -- TEST 'rap_restart_gnu' [06:44, 05:28](582 MB)
PASS -- TEST 'rap_sfcdiff_gnu' [12:42, 10:45](819 MB)
PASS -- TEST 'rap_sfcdiff_decomp_gnu' [12:40, 10:54](853 MB)
PASS -- TEST 'rap_sfcdiff_restart_gnu' [09:43, 07:57](580 MB)
PASS -- TEST 'hrrr_control_gnu' [06:36, 05:35](815 MB)
PASS -- TEST 'hrrr_control_noqr_gnu' [07:34, 05:35](806 MB)
PASS -- TEST 'hrrr_control_2threads_gnu' [06:33, 04:59](927 MB)
PASS -- TEST 'hrrr_control_decomp_gnu' [06:33, 05:34](850 MB)
PASS -- TEST 'hrrr_control_restart_gnu' [04:30, 02:51](568 MB)
PASS -- TEST 'hrrr_control_restart_noqr_gnu' [03:30, 02:50](659 MB)
FAILED: UNABLE TO COMPLETE COMPARISON -- TEST 'rrfs_v1beta_gnu' [, ]( MB)

PASS -- COMPILE 'atm_dyn32_debug_gnu' [08:10, 07:34]
FAILED: UNABLE TO COMPLETE COMPARISON -- TEST 'control_diag_debug_gnu' [, ]( MB)
PASS -- TEST 'regional_debug_gnu' [12:37, 11:33](734 MB)
PASS -- TEST 'rap_control_debug_gnu' [03:22, 02:39](825 MB)
PASS -- TEST 'hrrr_control_debug_gnu' [04:23, 02:33](824 MB)
PASS -- TEST 'hrrr_gf_debug_gnu' [04:23, 02:37](828 MB)
PASS -- TEST 'hrrr_c3_debug_gnu' [03:23, 02:45](833 MB)
PASS -- TEST 'rap_diag_debug_gnu' [03:38, 02:51](906 MB)
PASS -- TEST 'rap_noah_sfcdiff_cires_ugwp_debug_gnu' [05:23, 04:10](824 MB)
PASS -- TEST 'rap_progcld_thompson_debug_gnu' [04:22, 02:39](828 MB)
FAILED: UNABLE TO COMPLETE COMPARISON -- TEST 'rrfs_v1beta_debug_gnu' [, ]( MB)
PASS -- TEST 'control_ras_debug_gnu' [03:21, 01:52](458 MB)
PASS -- TEST 'control_stochy_debug_gnu' [03:22, 02:01](450 MB)
FAILED: UNABLE TO COMPLETE COMPARISON -- TEST 'control_debug_p8_gnu' [, ]( MB)
PASS -- TEST 'rap_flake_debug_gnu' [04:24, 02:53](826 MB)
PASS -- TEST 'rap_clm_lake_debug_gnu' [04:25, 03:13](828 MB)
FAILED: UNABLE TO COMPLETE COMPARISON -- TEST 'gnv1_c96_no_nest_debug_gnu' [, ]( MB)

PASS -- COMPILE 'wam_debug_gnu' [03:10, 02:33]

PASS -- COMPILE 'rrfs_dyn32_phy32_gnu' [05:10, 04:09]
PASS -- TEST 'rap_control_dyn32_phy32_gnu' [11:38, 09:23](710 MB)
PASS -- TEST 'hrrr_control_dyn32_phy32_gnu' [06:32, 04:55](706 MB)
PASS -- TEST 'rap_2threads_dyn32_phy32_gnu' [10:38, 08:28](760 MB)
PASS -- TEST 'hrrr_control_2threads_dyn32_phy32_gnu' [05:38, 04:30](747 MB)
PASS -- TEST 'hrrr_control_decomp_dyn32_phy32_gnu' [06:33, 05:03](703 MB)
PASS -- TEST 'rap_restart_dyn32_phy32_gnu' [07:37, 06:55](556 MB)
PASS -- TEST 'hrrr_control_restart_dyn32_phy32_gnu' [03:25, 02:30](540 MB)
PASS -- TEST 'conus13km_control_gnu' [04:59, 03:07](877 MB)
PASS -- TEST 'conus13km_2threads_gnu' [06:46, 05:51](884 MB)
PASS -- TEST 'conus13km_restart_mismatch_gnu' [02:46, 01:45](549 MB)

PASS -- COMPILE 'atm_dyn64_phy32_gnu' [11:10, 10:52]
PASS -- TEST 'rap_control_dyn64_phy32_gnu' [06:41, 05:38](730 MB)

PASS -- COMPILE 'atm_dyn32_phy32_debug_gnu' [08:10, 07:40]
PASS -- TEST 'rap_control_debug_dyn32_phy32_gnu' [04:23, 02:33](719 MB)
PASS -- TEST 'hrrr_control_debug_dyn32_phy32_gnu' [03:23, 02:29](715 MB)
PASS -- TEST 'conus13km_debug_gnu' [08:49, 07:00](897 MB)
PASS -- TEST 'conus13km_debug_qr_gnu' [08:45, 07:06](585 MB)
PASS -- TEST 'conus13km_debug_2threads_gnu' [09:42, 07:39](900 MB)
PASS -- TEST 'conus13km_radar_tten_debug_gnu' [08:43, 07:04](962 MB)

PASS -- COMPILE 'atm_dyn64_phy32_debug_gnu' [08:11, 07:37]
PASS -- TEST 'rap_control_dyn64_phy32_debug_gnu' [03:25, 02:35](735 MB)

PASS -- COMPILE 's2swa_gnu' [17:11, 16:25]

PASS -- COMPILE 's2s_gnu' [17:11, 16:23]
FAILED: UNABLE TO COMPLETE COMPARISON -- TEST 'cpld_control_nowave_noaero_p8_gnu' [, ]( MB)

PASS -- COMPILE 's2swa_debug_gnu' [04:10, 03:15]

PASS -- COMPILE 's2sw_pdlib_gnu' [16:13, 16:01]
FAILED: UNABLE TO COMPLETE COMPARISON -- TEST 'cpld_control_pdlib_p8_gnu' [, ]( MB)

PASS -- COMPILE 's2sw_pdlib_debug_gnu' [04:10, 03:08]
FAILED: TEST TIMED OUT -- TEST 'cpld_debug_pdlib_p8_gnu' [, ]( MB)

PASS -- COMPILE 'datm_cdeps_gnu' [16:13, 15:39]
PASS -- TEST 'datm_cdeps_control_cfsr_gnu' [03:19, 02:56](688 MB)

SYNOPSIS:
Starting Date/Time: 20240720 22:54:19
Ending Date/Time: 20240721 00:58:31
Total Time: 02h:04m:41s
Compiles Completed: 57/57
Tests Completed: 154/245
Failed Tests:
* TEST cpld_control_p8_mixedmode_intel: FAILED: UNABLE TO COMPLETE COMPARISON
-- LOG: /scratch2/NCEPDEV/marine/Jong.Kim/UFS-RT/rt-2354/tests/logs/log_hera/run_cpld_control_p8_mixedmode_intel.log
* TEST cpld_control_gfsv17_intel: FAILED: UNABLE TO COMPLETE COMPARISON
-- LOG: /scratch2/NCEPDEV/marine/Jong.Kim/UFS-RT/rt-2354/tests/logs/log_hera/run_cpld_control_gfsv17_intel.log
* TEST cpld_control_gfsv17_iau_intel: FAILED: UNABLE TO COMPLETE COMPARISON
-- LOG: /scratch2/NCEPDEV/marine/Jong.Kim/UFS-RT/rt-2354/tests/logs/log_hera/run_cpld_control_gfsv17_iau_intel.log
* TEST cpld_restart_gfsv17_intel: FAILED: UNABLE TO COMPLETE COMPARISON
-- LOG: /scratch2/NCEPDEV/marine/Jong.Kim/UFS-RT/rt-2354/tests/logs/log_hera/run_cpld_restart_gfsv17_intel.log
* TEST cpld_mpi_gfsv17_intel: FAILED: UNABLE TO COMPLETE COMPARISON
-- LOG: /scratch2/NCEPDEV/marine/Jong.Kim/UFS-RT/rt-2354/tests/logs/log_hera/run_cpld_mpi_gfsv17_intel.log
* TEST cpld_control_sfs_intel: FAILED: UNABLE TO COMPLETE COMPARISON
-- LOG: /scratch2/NCEPDEV/marine/Jong.Kim/UFS-RT/rt-2354/tests/logs/log_hera/run_cpld_control_sfs_intel.log
* TEST cpld_debug_gfsv17_intel: FAILED: UNABLE TO COMPLETE COMPARISON
-- LOG: /scratch2/NCEPDEV/marine/Jong.Kim/UFS-RT/rt-2354/tests/logs/log_hera/run_cpld_debug_gfsv17_intel.log
* TEST cpld_control_p8_intel: FAILED: UNABLE TO COMPLETE COMPARISON
-- LOG: /scratch2/NCEPDEV/marine/Jong.Kim/UFS-RT/rt-2354/tests/logs/log_hera/run_cpld_control_p8_intel.log
* TEST cpld_control_p8.v2.sfc_intel: FAILED: UNABLE TO COMPLETE COMPARISON
-- LOG: /scratch2/NCEPDEV/marine/Jong.Kim/UFS-RT/rt-2354/tests/logs/log_hera/run_cpld_control_p8.v2.sfc_intel.log
* TEST cpld_restart_p8_intel: FAILED: UNABLE TO COMPLETE COMPARISON
-- LOG: /scratch2/NCEPDEV/marine/Jong.Kim/UFS-RT/rt-2354/tests/logs/log_hera/run_cpld_restart_p8_intel.log
* TEST cpld_control_qr_p8_intel: FAILED: UNABLE TO COMPLETE COMPARISON
-- LOG: /scratch2/NCEPDEV/marine/Jong.Kim/UFS-RT/rt-2354/tests/logs/log_hera/run_cpld_control_qr_p8_intel.log
* TEST cpld_restart_qr_p8_intel: FAILED: UNABLE TO COMPLETE COMPARISON
-- LOG: /scratch2/NCEPDEV/marine/Jong.Kim/UFS-RT/rt-2354/tests/logs/log_hera/run_cpld_restart_qr_p8_intel.log
* TEST cpld_2threads_p8_intel: FAILED: UNABLE TO COMPLETE COMPARISON
-- LOG: /scratch2/NCEPDEV/marine/Jong.Kim/UFS-RT/rt-2354/tests/logs/log_hera/run_cpld_2threads_p8_intel.log
* TEST cpld_decomp_p8_intel: FAILED: UNABLE TO COMPLETE COMPARISON
-- LOG: /scratch2/NCEPDEV/marine/Jong.Kim/UFS-RT/rt-2354/tests/logs/log_hera/run_cpld_decomp_p8_intel.log
* TEST cpld_mpi_p8_intel: FAILED: UNABLE TO COMPLETE COMPARISON
-- LOG: /scratch2/NCEPDEV/marine/Jong.Kim/UFS-RT/rt-2354/tests/logs/log_hera/run_cpld_mpi_p8_intel.log
* TEST cpld_control_ciceC_p8_intel: FAILED: UNABLE TO COMPLETE COMPARISON
-- LOG: /scratch2/NCEPDEV/marine/Jong.Kim/UFS-RT/rt-2354/tests/logs/log_hera/run_cpld_control_ciceC_p8_intel.log
* TEST cpld_control_c192_p8_intel: FAILED: UNABLE TO COMPLETE COMPARISON
-- LOG: /scratch2/NCEPDEV/marine/Jong.Kim/UFS-RT/rt-2354/tests/logs/log_hera/run_cpld_control_c192_p8_intel.log
* TEST cpld_restart_c192_p8_intel: FAILED: UNABLE TO COMPLETE COMPARISON
-- LOG: /scratch2/NCEPDEV/marine/Jong.Kim/UFS-RT/rt-2354/tests/logs/log_hera/run_cpld_restart_c192_p8_intel.log
* TEST cpld_bmark_p8_intel: FAILED: UNABLE TO COMPLETE COMPARISON
-- LOG: /scratch2/NCEPDEV/marine/Jong.Kim/UFS-RT/rt-2354/tests/logs/log_hera/run_cpld_bmark_p8_intel.log
* TEST cpld_restart_bmark_p8_intel: FAILED: UNABLE TO COMPLETE COMPARISON
-- LOG: /scratch2/NCEPDEV/marine/Jong.Kim/UFS-RT/rt-2354/tests/logs/log_hera/run_cpld_restart_bmark_p8_intel.log
* TEST cpld_s2sa_p8_intel: FAILED: UNABLE TO COMPLETE COMPARISON
-- LOG: /scratch2/NCEPDEV/marine/Jong.Kim/UFS-RT/rt-2354/tests/logs/log_hera/run_cpld_s2sa_p8_intel.log
* TEST cpld_control_noaero_p8_intel: FAILED: UNABLE TO COMPLETE COMPARISON
-- LOG: /scratch2/NCEPDEV/marine/Jong.Kim/UFS-RT/rt-2354/tests/logs/log_hera/run_cpld_control_noaero_p8_intel.log
* TEST cpld_control_nowave_noaero_p8_intel: FAILED: UNABLE TO COMPLETE COMPARISON
-- LOG: /scratch2/NCEPDEV/marine/Jong.Kim/UFS-RT/rt-2354/tests/logs/log_hera/run_cpld_control_nowave_noaero_p8_intel.log
* TEST cpld_debug_p8_intel: FAILED: UNABLE TO COMPLETE COMPARISON
-- LOG: /scratch2/NCEPDEV/marine/Jong.Kim/UFS-RT/rt-2354/tests/logs/log_hera/run_cpld_debug_p8_intel.log
* TEST cpld_debug_noaero_p8_intel: FAILED: UNABLE TO COMPLETE COMPARISON
-- LOG: /scratch2/NCEPDEV/marine/Jong.Kim/UFS-RT/rt-2354/tests/logs/log_hera/run_cpld_debug_noaero_p8_intel.log
* TEST cpld_control_noaero_p8_agrid_intel: FAILED: UNABLE TO COMPLETE COMPARISON
-- LOG: /scratch2/NCEPDEV/marine/Jong.Kim/UFS-RT/rt-2354/tests/logs/log_hera/run_cpld_control_noaero_p8_agrid_intel.log
* TEST cpld_control_c48_intel: FAILED: UNABLE TO COMPLETE COMPARISON
-- LOG: /scratch2/NCEPDEV/marine/Jong.Kim/UFS-RT/rt-2354/tests/logs/log_hera/run_cpld_control_c48_intel.log
* TEST cpld_warmstart_c48_intel: FAILED: UNABLE TO COMPLETE COMPARISON
-- LOG: /scratch2/NCEPDEV/marine/Jong.Kim/UFS-RT/rt-2354/tests/logs/log_hera/run_cpld_warmstart_c48_intel.log
* TEST cpld_restart_c48_intel: FAILED: UNABLE TO COMPLETE COMPARISON
-- LOG: /scratch2/NCEPDEV/marine/Jong.Kim/UFS-RT/rt-2354/tests/logs/log_hera/run_cpld_restart_c48_intel.log
* TEST cpld_control_p8_faster_intel: FAILED: UNABLE TO COMPLETE COMPARISON
-- LOG: /scratch2/NCEPDEV/marine/Jong.Kim/UFS-RT/rt-2354/tests/logs/log_hera/run_cpld_control_p8_faster_intel.log
* TEST cpld_control_pdlib_p8_intel: FAILED: UNABLE TO COMPLETE COMPARISON
-- LOG: /scratch2/NCEPDEV/marine/Jong.Kim/UFS-RT/rt-2354/tests/logs/log_hera/run_cpld_control_pdlib_p8_intel.log
* TEST cpld_restart_pdlib_p8_intel: FAILED: UNABLE TO COMPLETE COMPARISON
-- LOG: /scratch2/NCEPDEV/marine/Jong.Kim/UFS-RT/rt-2354/tests/logs/log_hera/run_cpld_restart_pdlib_p8_intel.log
* TEST cpld_mpi_pdlib_p8_intel: FAILED: UNABLE TO COMPLETE COMPARISON
-- LOG: /scratch2/NCEPDEV/marine/Jong.Kim/UFS-RT/rt-2354/tests/logs/log_hera/run_cpld_mpi_pdlib_p8_intel.log
* TEST cpld_debug_pdlib_p8_intel: FAILED: UNABLE TO COMPLETE COMPARISON
-- LOG: /scratch2/NCEPDEV/marine/Jong.Kim/UFS-RT/rt-2354/tests/logs/log_hera/run_cpld_debug_pdlib_p8_intel.log
* TEST control_CubedSphereGrid_intel: FAILED: UNABLE TO COMPLETE COMPARISON
-- LOG: /scratch2/NCEPDEV/marine/Jong.Kim/UFS-RT/rt-2354/tests/logs/log_hera/run_control_CubedSphereGrid_intel.log
* TEST control_CubedSphereGrid_parallel_intel: FAILED: UNABLE TO COMPLETE COMPARISON
-- LOG: /scratch2/NCEPDEV/marine/Jong.Kim/UFS-RT/rt-2354/tests/logs/log_hera/run_control_CubedSphereGrid_parallel_intel.log
* TEST control_latlon_intel: FAILED: UNABLE TO COMPLETE COMPARISON
-- LOG: /scratch2/NCEPDEV/marine/Jong.Kim/UFS-RT/rt-2354/tests/logs/log_hera/run_control_latlon_intel.log
* TEST control_wrtGauss_netcdf_parallel_intel: FAILED: UNABLE TO COMPLETE COMPARISON
-- LOG: /scratch2/NCEPDEV/marine/Jong.Kim/UFS-RT/rt-2354/tests/logs/log_hera/run_control_wrtGauss_netcdf_parallel_intel.log
* TEST control_c48_intel: FAILED: UNABLE TO COMPLETE COMPARISON
-- LOG: /scratch2/NCEPDEV/marine/Jong.Kim/UFS-RT/rt-2354/tests/logs/log_hera/run_control_c48_intel.log
* TEST control_c192_intel: FAILED: UNABLE TO COMPLETE COMPARISON
-- LOG: /scratch2/NCEPDEV/marine/Jong.Kim/UFS-RT/rt-2354/tests/logs/log_hera/run_control_c192_intel.log
* TEST control_c384_intel: FAILED: UNABLE TO COMPLETE COMPARISON
-- LOG: /scratch2/NCEPDEV/marine/Jong.Kim/UFS-RT/rt-2354/tests/logs/log_hera/run_control_c384_intel.log
* TEST control_p8_intel: FAILED: UNABLE TO COMPLETE COMPARISON
-- LOG: /scratch2/NCEPDEV/marine/Jong.Kim/UFS-RT/rt-2354/tests/logs/log_hera/run_control_p8_intel.log
* TEST control_p8.v2.sfc_intel: FAILED: UNABLE TO COMPLETE COMPARISON
-- LOG: /scratch2/NCEPDEV/marine/Jong.Kim/UFS-RT/rt-2354/tests/logs/log_hera/run_control_p8.v2.sfc_intel.log
* TEST control_p8_ugwpv1_intel: FAILED: UNABLE TO COMPLETE COMPARISON
-- LOG: /scratch2/NCEPDEV/marine/Jong.Kim/UFS-RT/rt-2354/tests/logs/log_hera/run_control_p8_ugwpv1_intel.log
* TEST control_restart_p8_intel: FAILED: UNABLE TO COMPLETE COMPARISON
-- LOG: /scratch2/NCEPDEV/marine/Jong.Kim/UFS-RT/rt-2354/tests/logs/log_hera/run_control_restart_p8_intel.log
* TEST control_noqr_p8_intel: FAILED: UNABLE TO COMPLETE COMPARISON
-- LOG: /scratch2/NCEPDEV/marine/Jong.Kim/UFS-RT/rt-2354/tests/logs/log_hera/run_control_noqr_p8_intel.log
* TEST control_restart_noqr_p8_intel: FAILED: UNABLE TO COMPLETE COMPARISON
-- LOG: /scratch2/NCEPDEV/marine/Jong.Kim/UFS-RT/rt-2354/tests/logs/log_hera/run_control_restart_noqr_p8_intel.log
* TEST control_decomp_p8_intel: FAILED: UNABLE TO COMPLETE COMPARISON
-- LOG: /scratch2/NCEPDEV/marine/Jong.Kim/UFS-RT/rt-2354/tests/logs/log_hera/run_control_decomp_p8_intel.log
* TEST control_2threads_p8_intel: FAILED: UNABLE TO COMPLETE COMPARISON
-- LOG: /scratch2/NCEPDEV/marine/Jong.Kim/UFS-RT/rt-2354/tests/logs/log_hera/run_control_2threads_p8_intel.log
* TEST control_p8_lndp_intel: FAILED: UNABLE TO COMPLETE COMPARISON
-- LOG: /scratch2/NCEPDEV/marine/Jong.Kim/UFS-RT/rt-2354/tests/logs/log_hera/run_control_p8_lndp_intel.log
* TEST control_p8_rrtmgp_intel: FAILED: UNABLE TO COMPLETE COMPARISON
-- LOG: /scratch2/NCEPDEV/marine/Jong.Kim/UFS-RT/rt-2354/tests/logs/log_hera/run_control_p8_rrtmgp_intel.log
* TEST control_p8_mynn_intel: FAILED: UNABLE TO COMPLETE COMPARISON
-- LOG: /scratch2/NCEPDEV/marine/Jong.Kim/UFS-RT/rt-2354/tests/logs/log_hera/run_control_p8_mynn_intel.log
* TEST merra2_thompson_intel: FAILED: UNABLE TO COMPLETE COMPARISON
-- LOG: /scratch2/NCEPDEV/marine/Jong.Kim/UFS-RT/rt-2354/tests/logs/log_hera/run_merra2_thompson_intel.log
* TEST rrfs_v1beta_intel: FAILED: UNABLE TO COMPLETE COMPARISON
-- LOG: /scratch2/NCEPDEV/marine/Jong.Kim/UFS-RT/rt-2354/tests/logs/log_hera/run_rrfs_v1beta_intel.log
* TEST rrfs_v1nssl_intel: FAILED: UNABLE TO COMPLETE COMPARISON
-- LOG: /scratch2/NCEPDEV/marine/Jong.Kim/UFS-RT/rt-2354/tests/logs/log_hera/run_rrfs_v1nssl_intel.log
* TEST rrfs_v1nssl_nohailnoccn_intel: FAILED: UNABLE TO COMPLETE COMPARISON
-- LOG: /scratch2/NCEPDEV/marine/Jong.Kim/UFS-RT/rt-2354/tests/logs/log_hera/run_rrfs_v1nssl_nohailnoccn_intel.log
* TEST control_wam_intel: FAILED: UNABLE TO COMPLETE COMPARISON
-- LOG: /scratch2/NCEPDEV/marine/Jong.Kim/UFS-RT/rt-2354/tests/logs/log_hera/run_control_wam_intel.log
* TEST control_p8_faster_intel: FAILED: UNABLE TO COMPLETE COMPARISON
-- LOG: /scratch2/NCEPDEV/marine/Jong.Kim/UFS-RT/rt-2354/tests/logs/log_hera/run_control_p8_faster_intel.log
* TEST control_CubedSphereGrid_debug_intel: FAILED: UNABLE TO COMPLETE COMPARISON
-- LOG: /scratch2/NCEPDEV/marine/Jong.Kim/UFS-RT/rt-2354/tests/logs/log_hera/run_control_CubedSphereGrid_debug_intel.log
* TEST control_wrtGauss_netcdf_parallel_debug_intel: FAILED: UNABLE TO COMPLETE COMPARISON
-- LOG: /scratch2/NCEPDEV/marine/Jong.Kim/UFS-RT/rt-2354/tests/logs/log_hera/run_control_wrtGauss_netcdf_parallel_debug_intel.log
* TEST control_diag_debug_intel: FAILED: UNABLE TO COMPLETE COMPARISON
-- LOG: /scratch2/NCEPDEV/marine/Jong.Kim/UFS-RT/rt-2354/tests/logs/log_hera/run_control_diag_debug_intel.log
* TEST control_debug_p8_intel: FAILED: UNABLE TO COMPLETE COMPARISON
-- LOG: /scratch2/NCEPDEV/marine/Jong.Kim/UFS-RT/rt-2354/tests/logs/log_hera/run_control_debug_p8_intel.log
* TEST rrfs_v1beta_debug_intel: FAILED: UNABLE TO COMPLETE COMPARISON
-- LOG: /scratch2/NCEPDEV/marine/Jong.Kim/UFS-RT/rt-2354/tests/logs/log_hera/run_rrfs_v1beta_debug_intel.log
* TEST gnv1_c96_no_nest_debug_intel: FAILED: UNABLE TO COMPLETE COMPARISON
-- LOG: /scratch2/NCEPDEV/marine/Jong.Kim/UFS-RT/rt-2354/tests/logs/log_hera/run_gnv1_c96_no_nest_debug_intel.log
* TEST control_wam_debug_intel: FAILED: UNABLE TO COMPLETE COMPARISON
-- LOG: /scratch2/NCEPDEV/marine/Jong.Kim/UFS-RT/rt-2354/tests/logs/log_hera/run_control_wam_debug_intel.log
* TEST gnv1_nested_intel: FAILED: UNABLE TO COMPLETE COMPARISON
-- LOG: /scratch2/NCEPDEV/marine/Jong.Kim/UFS-RT/rt-2354/tests/logs/log_hera/run_gnv1_nested_intel.log
* TEST datm_cdeps_lnd_gswp3_intel: FAILED: UNABLE TO COMPLETE COMPARISON
-- LOG: /scratch2/NCEPDEV/marine/Jong.Kim/UFS-RT/rt-2354/tests/logs/log_hera/run_datm_cdeps_lnd_gswp3_intel.log
* TEST datm_cdeps_lnd_era5_intel: FAILED: UNABLE TO COMPLETE COMPARISON
-- LOG: /scratch2/NCEPDEV/marine/Jong.Kim/UFS-RT/rt-2354/tests/logs/log_hera/run_datm_cdeps_lnd_era5_intel.log
* TEST datm_cdeps_lnd_era5_rst_intel: FAILED: UNABLE TO COMPLETE COMPARISON
-- LOG: /scratch2/NCEPDEV/marine/Jong.Kim/UFS-RT/rt-2354/tests/logs/log_hera/run_datm_cdeps_lnd_era5_rst_intel.log
* TEST atm_ds2s_docn_pcice_intel: FAILED: UNABLE TO COMPLETE COMPARISON
-- LOG: /scratch2/NCEPDEV/marine/Jong.Kim/UFS-RT/rt-2354/tests/logs/log_hera/run_atm_ds2s_docn_pcice_intel.log
* TEST atm_ds2s_docn_dice_intel: FAILED: UNABLE TO COMPLETE COMPARISON
-- LOG: /scratch2/NCEPDEV/marine/Jong.Kim/UFS-RT/rt-2354/tests/logs/log_hera/run_atm_ds2s_docn_dice_intel.log
* TEST control_p8_atmlnd_sbs_intel: FAILED: UNABLE TO COMPLETE COMPARISON
-- LOG: /scratch2/NCEPDEV/marine/Jong.Kim/UFS-RT/rt-2354/tests/logs/log_hera/run_control_p8_atmlnd_sbs_intel.log
* TEST control_p8_atmlnd_intel: FAILED: UNABLE TO COMPLETE COMPARISON
-- LOG: /scratch2/NCEPDEV/marine/Jong.Kim/UFS-RT/rt-2354/tests/logs/log_hera/run_control_p8_atmlnd_intel.log
* TEST control_restart_p8_atmlnd_intel: FAILED: UNABLE TO COMPLETE COMPARISON
-- LOG: /scratch2/NCEPDEV/marine/Jong.Kim/UFS-RT/rt-2354/tests/logs/log_hera/run_control_restart_p8_atmlnd_intel.log
* TEST control_p8_atmlnd_debug_intel: FAILED: UNABLE TO COMPLETE COMPARISON
-- LOG: /scratch2/NCEPDEV/marine/Jong.Kim/UFS-RT/rt-2354/tests/logs/log_hera/run_control_p8_atmlnd_debug_intel.log
* TEST atmwav_control_noaero_p8_intel: FAILED: UNABLE TO COMPLETE COMPARISON
-- LOG: /scratch2/NCEPDEV/marine/Jong.Kim/UFS-RT/rt-2354/tests/logs/log_hera/run_atmwav_control_noaero_p8_intel.log
* TEST atmaero_control_p8_intel: FAILED: UNABLE TO COMPLETE COMPARISON
-- LOG: /scratch2/NCEPDEV/marine/Jong.Kim/UFS-RT/rt-2354/tests/logs/log_hera/run_atmaero_control_p8_intel.log
* TEST atmaero_control_p8_rad_intel: FAILED: UNABLE TO COMPLETE COMPARISON
-- LOG: /scratch2/NCEPDEV/marine/Jong.Kim/UFS-RT/rt-2354/tests/logs/log_hera/run_atmaero_control_p8_rad_intel.log
* TEST atmaero_control_p8_rad_micro_intel: FAILED: UNABLE TO COMPLETE COMPARISON
-- LOG: /scratch2/NCEPDEV/marine/Jong.Kim/UFS-RT/rt-2354/tests/logs/log_hera/run_atmaero_control_p8_rad_micro_intel.log
* TEST regional_atmaq_debug_intel: FAILED: TEST TIMED OUT
-- LOG: /scratch1/NCEPDEV/stmp2/Jong.Kim/FV3_RT/rt_2022445/regional_atmaq_debug_intel/err
* TEST control_c48_gnu: FAILED: UNABLE TO COMPLETE COMPARISON
-- LOG: /scratch2/NCEPDEV/marine/Jong.Kim/UFS-RT/rt-2354/tests/logs/log_hera/run_control_c48_gnu.log
* TEST control_p8_gnu: FAILED: UNABLE TO COMPLETE COMPARISON
-- LOG: /scratch2/NCEPDEV/marine/Jong.Kim/UFS-RT/rt-2354/tests/logs/log_hera/run_control_p8_gnu.log
* TEST control_p8_ugwpv1_gnu: FAILED: UNABLE TO COMPLETE COMPARISON
-- LOG: /scratch2/NCEPDEV/marine/Jong.Kim/UFS-RT/rt-2354/tests/logs/log_hera/run_control_p8_ugwpv1_gnu.log
* TEST rrfs_v1beta_gnu: FAILED: UNABLE TO COMPLETE COMPARISON
-- LOG: /scratch2/NCEPDEV/marine/Jong.Kim/UFS-RT/rt-2354/tests/logs/log_hera/run_rrfs_v1beta_gnu.log
* TEST control_diag_debug_gnu: FAILED: UNABLE TO COMPLETE COMPARISON
-- LOG: /scratch2/NCEPDEV/marine/Jong.Kim/UFS-RT/rt-2354/tests/logs/log_hera/run_control_diag_debug_gnu.log
* TEST rrfs_v1beta_debug_gnu: FAILED: UNABLE TO COMPLETE COMPARISON
-- LOG: /scratch2/NCEPDEV/marine/Jong.Kim/UFS-RT/rt-2354/tests/logs/log_hera/run_rrfs_v1beta_debug_gnu.log
* TEST control_debug_p8_gnu: FAILED: UNABLE TO COMPLETE COMPARISON
-- LOG: /scratch2/NCEPDEV/marine/Jong.Kim/UFS-RT/rt-2354/tests/logs/log_hera/run_control_debug_p8_gnu.log
* TEST gnv1_c96_no_nest_debug_gnu: FAILED: UNABLE TO COMPLETE COMPARISON
-- LOG: /scratch2/NCEPDEV/marine/Jong.Kim/UFS-RT/rt-2354/tests/logs/log_hera/run_gnv1_c96_no_nest_debug_gnu.log
* TEST cpld_control_nowave_noaero_p8_gnu: FAILED: UNABLE TO COMPLETE COMPARISON
-- LOG: /scratch2/NCEPDEV/marine/Jong.Kim/UFS-RT/rt-2354/tests/logs/log_hera/run_cpld_control_nowave_noaero_p8_gnu.log
* TEST cpld_control_pdlib_p8_gnu: FAILED: UNABLE TO COMPLETE COMPARISON
-- LOG: /scratch2/NCEPDEV/marine/Jong.Kim/UFS-RT/rt-2354/tests/logs/log_hera/run_cpld_control_pdlib_p8_gnu.log
* TEST cpld_debug_pdlib_p8_gnu: FAILED: TEST TIMED OUT
-- LOG: /scratch1/NCEPDEV/stmp2/Jong.Kim/FV3_RT/rt_2022445/cpld_debug_pdlib_p8_gnu/err

NOTES:
A file 'test_changes.list' was generated with list of all failed tests.
You can use './rt.sh -c -b test_changes.list' to create baselines for the failed tests.
If you are using this log as a pull request verification, please commit 'test_changes.list'.

Result: FAILURE

====END OF HERA REGRESSION TESTING LOG====
