====START OF WCOSS2 REGRESSION TESTING LOG====

UFSWM hash used in testing:
53ca93c48b032207b4d90354b56c0dbc6c8c4316

Submodule hashes used in testing:
 37cbb7d6840ae7515a9a8f0dfd4d89461b3396d1 AQM (v0.2.0-37-g37cbb7d)
 be5d28fd1b60522e6fc98aefeead20e6aac3530b AQM/src/model/CMAQ (CMAQv5.2.1_07Feb2018-198-gbe5d28fd1)
 3d7067a523b8557058755289e4275f5f5c985daf CDEPS-interface/CDEPS (cdeps0.4.17-40-g3d7067a)
 9c0cd8d3ba5963d01711094a3c81b6358fcb8367 CICE-interface/CICE (CICE6.0.0-448-g9c0cd8d)
 f6ff8f7c4d4cb6feabe3651b13204cf43fc948e3 CICE-interface/CICE/icepack (Icepack1.1.0-182-gf6ff8f7)
 453e59e353794ee8ff57693a64adf2ff49e3406d CMEPS-interface/CMEPS (cmeps_v0.4.1-2307-g453e59e)
 cabd7753ae17f7bfcc6dad56daf10868aa51c3f4 CMakeModules (v1.0.0-28-gcabd775)
 0ba946ac691a4bdb104594cc518bd344d1c4a15c FV3 (remotes/origin/combo_20240503)
 cc8afe64b9420dd7379e47cee5e3f30f4ac44b58 FV3/atmos_cubed_sphere (201912_public_release-390-gcc8afe6)
 741212e4962d371520f773e2be9481142f79635e FV3/ccpp/framework (ccpp_transition_to_vlab_master_20190705-718-g741212e)
 be05ec28d5d4968d3e0cb6e6a7fdb47fb8a5fad0 FV3/ccpp/physics (remotes/origin/HEAD-507-gbe05ec28)
 74a0e098b2163425e4b5466c2dfcf8ae26d560a5 FV3/ccpp/physics/physics/Radiation/RRTMGP/rte-rrtmgp (v1.6)
 be0410ece28f2b5b9c089f8ca09ce0c80c79fe6c FV3/upp (upp_v10.2.0-191-gbe0410e)
-1ba8270870947b583cd51bc72ff8960f4c1fb36e FV3/upp/sorc/libIFI.fd
-7476b8f2790a47d788f79cebfdbb551567ae7cf8 FV3/upp/sorc/ncep_post.fd/post_gtg.fd
 041422934cae1570f2f0e67239d5d89f11c6e1b7 GOCART (sdr_v2.1.2.6-119-g0414229)
 35789c757766e07f688b4c0c7c5229816f224b09 HYCOM-interface/HYCOM (2.3.00-121-g35789c7)
 3bcfbbea8b865c3f88497049fde044c1145bd202 MOM6-interface/MOM6 (dev/master/repository_split_2014.10.10-10050-g3bcfbbea8)
 9423197f894112edfcb1502245f7d7b873d551f9 MOM6-interface/MOM6/pkg/CVMix-src (9423197)
 29e64d652786e1d076a05128c920f394202bfe10 MOM6-interface/MOM6/pkg/GSW-Fortran (29e64d6)
 1dbf99ab7910e8880e2d6f20f479a3858203d6e2 NOAHMP-interface/noahmp (v3.7.1-433-g1dbf99a)
 d9b3172f4197c65d471662c6952a668152d71230 WW3 (6.07.1-345-gd9b3172f)
 31e4e3e57bad8a7cdaa0ce2d3c4efbca63b5f74a stochastic_physics (ufs-v2.0.0-216-g31e4e3e)


NOTES:
[Times](Memory) are at the end of each compile/test in format [MM:SS](Size).
The first time is for the full script (prep+run+finalize).
The second time is specifically for the run phase.
Times/Memory will be empty for failed tests.

BASELINE DIRECTORY: /lfs/h2/emc/nems/noscrub/emc.nems/RT/NEMSfv3gfs/develop-20240516
COMPARISON DIRECTORY: /lfs/h2/emc/ptmp/brian.curtis/FV3_RT/rt_220987

RT.SH OPTIONS USED:
* (-a) - HPC PROJECT ACCOUNT: GFS-DEV
* (-e) - USE ECFLOW

PASS -- COMPILE 's2swa_32bit_intel' [26:45, 26:03] ( 1 warnings 8 remarks )
PASS -- TEST 'cpld_control_p8_mixedmode_intel' [08:33, 01:17](2980 MB)

PASS -- COMPILE 's2swa_32bit_pdlib_intel' [12:29, 11:52] ( 1 warnings 8 remarks )
PASS -- TEST 'cpld_control_gfsv17_intel' [23:32, 01:40](1597 MB)
PASS -- TEST 'cpld_control_gfsv17_iau_intel' [05:26, 01:34](1710 MB)
PASS -- TEST 'cpld_restart_gfsv17_intel' [04:11, 02:03](847 MB)
PASS -- TEST 'cpld_mpi_gfsv17_intel' [23:33, 02:11](1571 MB)

PASS -- COMPILE 's2swa_32bit_pdlib_sfs_intel' [24:43, 23:40] ( 1 warnings 8 remarks )
PASS -- TEST 'cpld_control_sfs_intel' [10:57, 00:28](1591 MB)

PASS -- COMPILE 's2swa_32bit_pdlib_debug_intel' [15:32, 15:00] ( 1505 warnings 1998 remarks )
PASS -- TEST 'cpld_debug_gfsv17_intel' [20:29, 01:28](1600 MB)

PASS -- COMPILE 's2swa_intel' [22:40, 21:35] ( 8 remarks )
PASS -- TEST 'cpld_control_p8_intel' [13:20, 01:23](3008 MB)
PASS -- TEST 'cpld_control_p8.v2.sfc_intel' [13:20, 01:36](3002 MB)
PASS -- TEST 'cpld_restart_p8_intel' [02:55, 01:54](3063 MB)
PASS -- TEST 'cpld_control_qr_p8_intel' [13:20, 01:21](3025 MB)
PASS -- TEST 'cpld_restart_qr_p8_intel' [02:55, 01:50](3080 MB)
PASS -- TEST 'cpld_2threads_p8_intel' [13:20, 01:07](3314 MB)
PASS -- TEST 'cpld_decomp_p8_intel' [13:20, 01:25](2997 MB)
PASS -- TEST 'cpld_mpi_p8_intel' [13:21, 01:26](2929 MB)
PASS -- TEST 'cpld_control_ciceC_p8_intel' [13:20, 01:42](3004 MB)
PASS -- TEST 'cpld_bmark_p8_intel' [13:29, 04:00](3953 MB)
PASS -- TEST 'cpld_restart_bmark_p8_intel' [52:10, 03:59](4253 MB)
PASS -- TEST 'cpld_s2sa_p8_intel' [13:20, 01:55](2971 MB)

PASS -- COMPILE 's2sw_intel' [11:29, 10:35] ( 8 remarks )
PASS -- TEST 'cpld_control_noaero_p8_intel' [24:31, 00:50](1592 MB)
PASS -- TEST 'cpld_control_nowave_noaero_p8_intel' [24:31, 01:02](1638 MB)

PASS -- COMPILE 's2s_aoflux_intel' [10:24, 09:50] ( 1 remarks )
PASS -- TEST 'cpld_control_noaero_p8_agrid_intel' [25:37, 02:00](1632 MB)

PASS -- COMPILE 's2s_intel' [14:31, 13:27] ( 1 remarks )
PASS -- TEST 'cpld_control_c48_intel' [48:40, 00:52](2658 MB)
PASS -- TEST 'cpld_warmstart_c48_intel' [48:34, 00:39](2667 MB)
PASS -- TEST 'cpld_restart_c48_intel' [44:31, 00:52](2109 MB)

PASS -- COMPILE 's2swa_faster_intel' [16:34, 16:03] ( 8 remarks )
PASS -- TEST 'cpld_control_p8_faster_intel' [19:26, 01:39](3004 MB)

PASS -- COMPILE 's2sw_pdlib_intel' [12:30, 11:35] ( 8 remarks )
PASS -- TEST 'cpld_control_pdlib_p8_intel' [23:30, 00:48](1611 MB)
PASS -- TEST 'cpld_restart_pdlib_p8_intel' [06:05, 01:27](902 MB)
PASS -- TEST 'cpld_mpi_pdlib_p8_intel' [06:02, 01:44](1582 MB)

PASS -- COMPILE 's2sw_pdlib_debug_intel' [18:31, 17:49] ( 1541 warnings 1998 remarks )
PASS -- TEST 'cpld_debug_pdlib_p8_intel' [07:03, 01:39](1627 MB)

PASS -- COMPILE 'atm_dyn32_intel' [11:25, 10:39] ( 1 warnings 1 remarks )
PASS -- TEST 'control_flake_intel' [13:05, 00:33](573 MB)
PASS -- TEST 'control_CubedSphereGrid_intel' [13:05, 00:31](1475 MB)
PASS -- TEST 'control_CubedSphereGrid_parallel_intel' [13:05, 00:26](1477 MB)
PASS -- TEST 'control_latlon_intel' [13:05, 00:23](1469 MB)
PASS -- TEST 'control_wrtGauss_netcdf_parallel_intel' [13:05, 00:32](1473 MB)
PASS -- TEST 'control_c48_intel' [13:04, 01:01](1594 MB)
PASS -- TEST 'control_c48.v2.sfc_intel' [13:04, 01:10](719 MB)
PASS -- TEST 'control_c192_intel' [13:05, 00:30](1591 MB)
PASS -- TEST 'control_c384_intel' [13:09, 01:50](1901 MB)
PASS -- TEST 'control_c384gdas_intel' [13:09, 02:38](1096 MB)
PASS -- TEST 'control_stochy_intel' [13:05, 00:33](530 MB)
PASS -- TEST 'control_stochy_restart_intel' [08:32, 01:00](331 MB)
PASS -- TEST 'control_lndp_intel' [13:05, 00:43](527 MB)
PASS -- TEST 'control_iovr4_intel' [13:05, 00:51](523 MB)
PASS -- TEST 'control_iovr5_intel' [13:05, 00:55](523 MB)
PASS -- TEST 'control_p8_intel' [13:05, 02:06](1507 MB)
PASS -- TEST 'control_p8.v2.sfc_intel' [13:05, 01:56](1513 MB)
PASS -- TEST 'control_p8_ugwpv1_intel' [07:29, 01:59](1500 MB)
PASS -- TEST 'control_restart_p8_intel' [05:27, 00:51](695 MB)
PASS -- TEST 'control_noqr_p8_intel' [07:28, 01:48](1495 MB)
PASS -- TEST 'control_restart_noqr_p8_intel' [02:10, 01:04](698 MB)
PASS -- TEST 'control_decomp_p8_intel' [07:12, 01:40](1498 MB)
PASS -- TEST 'control_2threads_p8_intel' [07:09, 01:07](1594 MB)
PASS -- TEST 'control_p8_lndp_intel' [07:06, 01:05](1501 MB)
PASS -- TEST 'control_p8_rrtmgp_intel' [06:30, 02:06](1558 MB)
PASS -- TEST 'control_p8_mynn_intel' [05:28, 01:52](1512 MB)
PASS -- TEST 'merra2_thompson_intel' [03:47, 01:40](1512 MB)
PASS -- TEST 'regional_control_intel' [03:46, 01:09](609 MB)
PASS -- TEST 'regional_restart_intel' [57:03, 00:23](777 MB)
PASS -- TEST 'regional_decomp_intel' [02:54, 00:51](607 MB)
PASS -- TEST 'regional_2threads_intel' [02:55, 00:51](665 MB)
PASS -- TEST 'regional_noquilt_intel' [02:45, 00:23](1148 MB)
PASS -- TEST 'regional_netcdf_parallel_intel' [02:44, 01:18](607 MB)
PASS -- TEST 'regional_2dwrtdecomp_intel' [02:37, 01:13](610 MB)
PASS -- TEST 'regional_wofs_intel' [02:36, 00:43](1581 MB)

PASS -- COMPILE 'rrfs_intel' [21:37, 20:07] ( 3 warnings 92 remarks )
PASS -- TEST 'rap_control_intel' [01:51, 02:15](921 MB)
PASS -- TEST 'regional_spp_sppt_shum_skeb_intel' [00:58, 01:04](1096 MB)
PASS -- TEST 'rap_decomp_intel' [00:14, 01:22](918 MB)
PASS -- TEST 'rap_2threads_intel' [00:00, 01:31](1005 MB)
PASS -- TEST 'rap_restart_intel' [52:09, 01:15](787 MB)
PASS -- TEST 'rap_sfcdiff_intel' [59:57, 02:16](918 MB)
PASS -- TEST 'rap_sfcdiff_decomp_intel' [59:53, 01:57](915 MB)
PASS -- TEST 'rap_sfcdiff_restart_intel' [50:18, 01:39](791 MB)
PASS -- TEST 'hrrr_control_intel' [58:54, 01:21](907 MB)
PASS -- TEST 'hrrr_control_decomp_intel' [58:38, 01:06](910 MB)
PASS -- TEST 'hrrr_control_2threads_intel' [58:25, 01:17](992 MB)
PASS -- TEST 'hrrr_control_restart_intel' [53:27, 01:05](741 MB)
PASS -- TEST 'rrfs_v1beta_intel' [58:15, 02:20](913 MB)
PASS -- TEST 'rrfs_v1nssl_intel' [58:10, 00:57](1878 MB)
PASS -- TEST 'rrfs_v1nssl_nohailnoccn_intel' [57:01, 01:18](1861 MB)

PASS -- COMPILE 'csawmg_intel' [27:44, 26:48] ( 1 warnings )
PASS -- TEST 'control_csawmg_intel' [55:37, 00:35](600 MB)
PASS -- TEST 'control_ras_intel' [54:52, 00:51](559 MB)

PASS -- COMPILE 'wam_intel' [11:24, 10:10]
PASS -- TEST 'control_wam_intel' [02:24, 00:53](272 MB)

PASS -- COMPILE 'atm_faster_dyn32_intel' [16:31, 15:22] ( 1 remarks )
PASS -- TEST 'control_p8_faster_intel' [02:10, 02:02](1511 MB)
PASS -- TEST 'regional_control_faster_intel' [02:01, 00:24](607 MB)

PASS -- COMPILE 'atm_debug_dyn32_intel' [09:23, 06:15] ( 870 warnings 92 remarks )
PASS -- TEST 'control_CubedSphereGrid_debug_intel' [57:00, 01:17](1491 MB)
PASS -- TEST 'control_wrtGauss_netcdf_parallel_debug_intel' [56:30, 00:26](1489 MB)
PASS -- TEST 'control_stochy_debug_intel' [56:15, 00:50](694 MB)
PASS -- TEST 'control_lndp_debug_intel' [56:07, 01:10](693 MB)
PASS -- TEST 'control_csawmg_debug_intel' [56:06, 00:42](729 MB)
PASS -- TEST 'control_ras_debug_intel' [56:06, 01:04](704 MB)
PASS -- TEST 'control_diag_debug_intel' [55:53, 01:15](1554 MB)
PASS -- TEST 'control_debug_p8_intel' [55:51, 01:01](1524 MB)
PASS -- TEST 'regional_debug_intel' [54:47, 00:28](636 MB)
PASS -- TEST 'rap_control_debug_intel' [53:53, 00:50](1075 MB)
PASS -- TEST 'hrrr_control_debug_intel' [53:27, 00:59](1066 MB)
PASS -- TEST 'hrrr_gf_debug_intel' [53:27, 00:50](1078 MB)
PASS -- TEST 'hrrr_c3_debug_intel' [53:15, 00:49](1077 MB)
PASS -- TEST 'rap_unified_drag_suite_debug_intel' [53:11, 00:49](1076 MB)
PASS -- TEST 'rap_diag_debug_intel' [53:09, 00:44](1164 MB)
PASS -- TEST 'rap_cires_ugwp_debug_intel' [52:38, 00:50](1077 MB)
PASS -- TEST 'rap_unified_ugwp_debug_intel' [52:07, 00:41](1073 MB)
PASS -- TEST 'rap_lndp_debug_intel' [51:47, 00:48](1082 MB)
PASS -- TEST 'rap_progcld_thompson_debug_intel' [51:43, 00:52](1074 MB)
PASS -- TEST 'rap_noah_debug_intel' [51:41, 00:56](1076 MB)
PASS -- TEST 'rap_sfcdiff_debug_intel' [51:39, 00:45](1071 MB)
PASS -- TEST 'rap_noah_sfcdiff_cires_ugwp_debug_intel' [51:13, 00:40](1073 MB)
PASS -- TEST 'rrfs_v1beta_debug_intel' [51:09, 00:55](1073 MB)
PASS -- TEST 'rap_clm_lake_debug_intel' [51:04, 01:00](1078 MB)
PASS -- TEST 'rap_flake_debug_intel' [50:23, 00:49](1077 MB)
PASS -- TEST 'gnv1_c96_no_nest_debug_intel' [50:18, 02:04](1081 MB)

PASS -- COMPILE 'wam_debug_intel' [10:28, 07:49] ( 842 warnings )
PASS -- TEST 'control_wam_debug_intel' [50:11, 00:30](298 MB)

PASS -- COMPILE 'rrfs_dyn32_phy32_intel' [16:32, 14:39] ( 3 warnings 91 remarks )
PASS -- TEST 'regional_spp_sppt_shum_skeb_dyn32_phy32_intel' [49:58, 01:10](958 MB)
PASS -- TEST 'rap_control_dyn32_phy32_intel' [47:49, 01:33](793 MB)
PASS -- TEST 'hrrr_control_dyn32_phy32_intel' [47:19, 02:00](786 MB)
PASS -- TEST 'rap_2threads_dyn32_phy32_intel' [47:19, 01:31](849 MB)
PASS -- TEST 'hrrr_control_2threads_dyn32_phy32_intel' [46:57, 01:51](845 MB)
PASS -- TEST 'hrrr_control_decomp_dyn32_phy32_intel' [46:56, 01:38](786 MB)
PASS -- TEST 'rap_restart_dyn32_phy32_intel' [39:48, 02:00](687 MB)
PASS -- TEST 'hrrr_control_restart_dyn32_phy32_intel' [41:42, 01:05](670 MB)

PASS -- COMPILE 'rrfs_dyn32_phy32_faster_intel' [17:32, 16:49] ( 3 warnings 91 remarks )
PASS -- TEST 'conus13km_control_intel' [46:46, 01:00](1002 MB)
PASS -- TEST 'conus13km_2threads_intel' [42:54, 01:18](1009 MB)
PASS -- TEST 'conus13km_restart_mismatch_intel' [42:47, 00:16](881 MB)

PASS -- COMPILE 'rrfs_dyn64_phy32_intel' [13:32, 12:11] ( 3 warnings 91 remarks )
PASS -- TEST 'rap_control_dyn64_phy32_intel' [46:45, 01:20](807 MB)

FAILED: UNABLE TO COMPILE -- COMPILE 'rrfs_dyn32_phy32_debug_intel' [, ]
FAILED: UNABLE TO START RUN -- TEST 'rap_control_debug_dyn32_phy32_intel' [, ]( MB)
FAILED: UNABLE TO START RUN -- TEST 'hrrr_control_debug_dyn32_phy32_intel' [, ]( MB)
FAILED: UNABLE TO START RUN -- TEST 'conus13km_debug_intel' [, ]( MB)
FAILED: UNABLE TO START RUN -- TEST 'conus13km_debug_qr_intel' [, ]( MB)
FAILED: UNABLE TO START RUN -- TEST 'conus13km_debug_2threads_intel' [, ]( MB)
FAILED: UNABLE TO START RUN -- TEST 'conus13km_radar_tten_debug_intel' [, ]( MB)

PASS -- COMPILE 'rrfs_dyn64_phy32_debug_intel' [11:35, 11:03] ( 773 warnings 91 remarks )
PASS -- TEST 'rap_control_dyn64_phy32_debug_intel' [46:44, 00:57](977 MB)

PASS -- COMPILE 'hafsw_intel' [17:50, 16:53] ( 1 warnings 8 remarks )
PASS -- TEST 'hafs_regional_atm_intel' [45:07, 02:13](616 MB)
PASS -- TEST 'hafs_regional_atm_thompson_gfdlsf_intel' [45:07, 01:12](969 MB)
PASS -- TEST 'hafs_regional_atm_ocn_intel' [45:05, 02:09](660 MB)
PASS -- TEST 'hafs_regional_atm_wav_intel' [45:05, 01:52](697 MB)
PASS -- TEST 'hafs_regional_atm_ocn_wav_intel' [45:06, 01:35](713 MB)
PASS -- TEST 'hafs_regional_1nest_atm_intel' [45:04, 01:28](388 MB)
PASS -- TEST 'hafs_regional_telescopic_2nests_atm_intel' [44:41, 01:33](402 MB)
PASS -- TEST 'hafs_global_1nest_atm_intel' [43:52, 01:19](306 MB)
PASS -- TEST 'hafs_global_multiple_4nests_atm_intel' [43:42, 02:06](371 MB)
PASS -- TEST 'hafs_regional_specified_moving_1nest_atm_intel' [43:35, 01:09](414 MB)
PASS -- TEST 'hafs_regional_storm_following_1nest_atm_intel' [41:45, 01:31](414 MB)
PASS -- TEST 'hafs_regional_storm_following_1nest_atm_ocn_intel' [41:45, 01:34](498 MB)
PASS -- TEST 'hafs_global_storm_following_1nest_atm_intel' [41:44, 01:06](312 MB)

PASS -- COMPILE 'hafsw_debug_intel' [15:30, 14:45] ( 1449 warnings 1501 remarks )
PASS -- TEST 'hafs_regional_storm_following_1nest_atm_ocn_debug_intel' [46:37, 01:36](504 MB)

PASS -- COMPILE 'hafsw_faster_intel' [14:48, 13:35] ( 7 remarks )
PASS -- TEST 'hafs_regional_storm_following_1nest_atm_ocn_wav_intel' [46:06, 01:43](532 MB)
PASS -- TEST 'hafs_regional_storm_following_1nest_atm_ocn_wav_inline_intel' [46:04, 01:22](710 MB)

PASS -- COMPILE 'hafs_mom6w_intel' [19:36, 18:34] ( 7 remarks )
PASS -- TEST 'hafs_regional_storm_following_1nest_atm_ocn_wav_mom6_intel' [36:13, 01:28](708 MB)

PASS -- COMPILE 'hafs_all_intel' [13:31, 12:54] ( 7 remarks )
PASS -- TEST 'hafs_regional_docn_intel' [41:37, 02:00](662 MB)
PASS -- TEST 'hafs_regional_docn_oisst_intel' [41:23, 02:09](650 MB)
PASS -- TEST 'hafs_regional_datm_cdeps_intel' [40:58, 00:31](881 MB)

PASS -- COMPILE 'atml_intel' [17:51, 16:38] ( 8 warnings 2 remarks )
PASS -- TEST 'control_p8_atmlnd_sbs_intel' [36:54, 01:25](1553 MB)
PASS -- TEST 'control_p8_atmlnd_intel' [36:54, 01:48](1549 MB)
PASS -- TEST 'control_restart_p8_atmlnd_intel' [29:09, 01:10](740 MB)

PASS -- COMPILE 'atml_debug_intel' [11:26, 10:39] ( 868 warnings 2 remarks )
PASS -- TEST 'control_p8_atmlnd_debug_intel' [40:15, 02:04](1562 MB)

PASS -- COMPILE 'atmaero_intel' [13:28, 12:34] ( 1 remarks )
PASS -- TEST 'atmaero_control_p8_intel' [38:50, 01:14](2850 MB)
PASS -- TEST 'atmaero_control_p8_rad_intel' [38:50, 01:46](2911 MB)
PASS -- TEST 'atmaero_control_p8_rad_micro_intel' [38:50, 01:31](2922 MB)

PASS -- COMPILE 'atmaq_debug_intel' [08:21, 07:36] ( 870 warnings 6 remarks )
PASS -- TEST 'regional_atmaq_debug_intel' [40:06, 00:59](4438 MB)

SYNOPSIS:
Starting Date/Time: 20240516 20:23:31
Ending Date/Time: 20240516 21:46:09
Total Time: 01h:23m:17s
Compiles Completed: 31/32
Tests Completed: 153/159
Failed Compiles:
* COMPILE rrfs_dyn32_phy32_debug_intel: FAILED: UNABLE TO COMPILE
-- LOG: /lfs/h2/emc/nems/noscrub/brian.curtis/git/grantfirl/ufs-weather-model/tests/logs/log_wcoss2/compile_rrfs_dyn32_phy32_debug_intel.log
Failed Tests:
* TEST rap_control_debug_dyn32_phy32_intel: FAILED: UNABLE TO START RUN
-- LOG: N/A
* TEST hrrr_control_debug_dyn32_phy32_intel: FAILED: UNABLE TO START RUN
-- LOG: N/A
* TEST conus13km_debug_intel: FAILED: UNABLE TO START RUN
-- LOG: N/A
* TEST conus13km_debug_qr_intel: FAILED: UNABLE TO START RUN
-- LOG: N/A
* TEST conus13km_debug_2threads_intel: FAILED: UNABLE TO START RUN
-- LOG: N/A
* TEST conus13km_radar_tten_debug_intel: FAILED: UNABLE TO START RUN
-- LOG: N/A

NOTES:
A file 'test_changes.list' was generated with list of all failed tests.
You can use './rt.sh -c -b test_changes.list' to create baselines for the failed tests.
If you are using this log as a pull request verification, please commit 'test_changes.list'.

Result: FAILURE

====END OF WCOSS2 REGRESSION TESTING LOG====
====START OF WCOSS2 REGRESSION TESTING LOG====

UFSWM hash used in testing:
53ca93c48b032207b4d90354b56c0dbc6c8c4316

Submodule hashes used in testing:
 37cbb7d6840ae7515a9a8f0dfd4d89461b3396d1 AQM (v0.2.0-37-g37cbb7d)
 be5d28fd1b60522e6fc98aefeead20e6aac3530b AQM/src/model/CMAQ (CMAQv5.2.1_07Feb2018-198-gbe5d28fd1)
 3d7067a523b8557058755289e4275f5f5c985daf CDEPS-interface/CDEPS (cdeps0.4.17-40-g3d7067a)
 9c0cd8d3ba5963d01711094a3c81b6358fcb8367 CICE-interface/CICE (CICE6.0.0-448-g9c0cd8d)
 f6ff8f7c4d4cb6feabe3651b13204cf43fc948e3 CICE-interface/CICE/icepack (Icepack1.1.0-182-gf6ff8f7)
 453e59e353794ee8ff57693a64adf2ff49e3406d CMEPS-interface/CMEPS (cmeps_v0.4.1-2307-g453e59e)
 cabd7753ae17f7bfcc6dad56daf10868aa51c3f4 CMakeModules (v1.0.0-28-gcabd775)
 0ba946ac691a4bdb104594cc518bd344d1c4a15c FV3 (remotes/origin/combo_20240503)
 cc8afe64b9420dd7379e47cee5e3f30f4ac44b58 FV3/atmos_cubed_sphere (201912_public_release-390-gcc8afe6)
 741212e4962d371520f773e2be9481142f79635e FV3/ccpp/framework (ccpp_transition_to_vlab_master_20190705-718-g741212e)
 be05ec28d5d4968d3e0cb6e6a7fdb47fb8a5fad0 FV3/ccpp/physics (remotes/origin/HEAD-507-gbe05ec28)
 74a0e098b2163425e4b5466c2dfcf8ae26d560a5 FV3/ccpp/physics/physics/Radiation/RRTMGP/rte-rrtmgp (v1.6)
 be0410ece28f2b5b9c089f8ca09ce0c80c79fe6c FV3/upp (upp_v10.2.0-191-gbe0410e)
-1ba8270870947b583cd51bc72ff8960f4c1fb36e FV3/upp/sorc/libIFI.fd
-7476b8f2790a47d788f79cebfdbb551567ae7cf8 FV3/upp/sorc/ncep_post.fd/post_gtg.fd
 041422934cae1570f2f0e67239d5d89f11c6e1b7 GOCART (sdr_v2.1.2.6-119-g0414229)
 35789c757766e07f688b4c0c7c5229816f224b09 HYCOM-interface/HYCOM (2.3.00-121-g35789c7)
 3bcfbbea8b865c3f88497049fde044c1145bd202 MOM6-interface/MOM6 (dev/master/repository_split_2014.10.10-10050-g3bcfbbea8)
 9423197f894112edfcb1502245f7d7b873d551f9 MOM6-interface/MOM6/pkg/CVMix-src (9423197)
 29e64d652786e1d076a05128c920f394202bfe10 MOM6-interface/MOM6/pkg/GSW-Fortran (29e64d6)
 1dbf99ab7910e8880e2d6f20f479a3858203d6e2 NOAHMP-interface/noahmp (v3.7.1-433-g1dbf99a)
 d9b3172f4197c65d471662c6952a668152d71230 WW3 (6.07.1-345-gd9b3172f)
 31e4e3e57bad8a7cdaa0ce2d3c4efbca63b5f74a stochastic_physics (ufs-v2.0.0-216-g31e4e3e)


NOTES:
[Times](Memory) are at the end of each compile/test in format [MM:SS](Size).
The first time is for the full script (prep+run+finalize).
The second time is specifically for the run phase.
Times/Memory will be empty for failed tests.

BASELINE DIRECTORY: /lfs/h2/emc/nems/noscrub/emc.nems/RT/NEMSfv3gfs/develop-20240516
COMPARISON DIRECTORY: /lfs/h2/emc/ptmp/brian.curtis/FV3_RT/rt_23536

RT.SH OPTIONS USED:
* (-a) - HPC PROJECT ACCOUNT: GFS-DEV
* (-b) - NEW BASELINES FROM FILE: test_changes.list
* (-e) - USE ECFLOW

PASS -- COMPILE 'rrfs_dyn32_phy32_debug_intel' [03:15, 02:59] ( 773 warnings 91 remarks )
PASS -- TEST 'rap_control_debug_dyn32_phy32_intel' [26:36, 01:00](952 MB)
PASS -- TEST 'hrrr_control_debug_dyn32_phy32_intel' [26:36, 01:09](951 MB)
PASS -- TEST 'conus13km_debug_intel' [26:36, 01:15](1036 MB)
PASS -- TEST 'conus13km_debug_qr_intel' [26:36, 01:08](707 MB)
PASS -- TEST 'conus13km_debug_2threads_intel' [26:37, 00:23](1037 MB)
PASS -- TEST 'conus13km_radar_tten_debug_intel' [26:36, 01:16](1103 MB)

SYNOPSIS:
Starting Date/Time: 20240517 12:29:57
Ending Date/Time: 20240517 12:51:45
Total Time: 00h:22m:10s
Compiles Completed: 1/1
Tests Completed: 6/6

NOTES:
A file 'test_changes.list' was generated but is empty.
If you are using this log as a pull request verification, please commit 'test_changes.list'.

Result: SUCCESS

====END OF WCOSS2 REGRESSION TESTING LOG====
