====START OF DERECHO REGRESSION TESTING LOG====

UFSWM hash used in testing:
57df4fd8b6ec5e0bca03b4a3ca21768f68c5bfaa

Submodule hashes used in testing:
 37cbb7d6840ae7515a9a8f0dfd4d89461b3396d1 AQM (v0.2.0-37-g37cbb7d)
 be5d28fd1b60522e6fc98aefeead20e6aac3530b AQM/src/model/CMAQ (CMAQv5.2.1_07Feb2018-198-gbe5d28fd1)
 3d7067a523b8557058755289e4275f5f5c985daf CDEPS-interface/CDEPS (cdeps0.4.17-40-g3d7067a)
 500073c60809f6f887194d3e79c1d632d1b5ed26 CICE-interface/CICE (remotes/origin/cice_sync)
 f6ff8f7c4d4cb6feabe3651b13204cf43fc948e3 CICE-interface/CICE/icepack (Icepack1.1.0-182-gf6ff8f7)
 4e19850cb083bc474b7cde5dc2f8506ec74cc442 CMEPS-interface/CMEPS (cmeps_v0.4.1-2306-g4e19850)
 cabd7753ae17f7bfcc6dad56daf10868aa51c3f4 CMakeModules (v1.0.0-28-gcabd775)
 7147dac3d5075c38a43cc221d1e7e7337c28437f FV3 (heads/develop)
 97114888f529c2df70ed4a350fd2428df74839ff FV3/atmos_cubed_sphere (201912_public_release-389-g9711488)
 741212e4962d371520f773e2be9481142f79635e FV3/ccpp/framework (ccpp_transition_to_vlab_master_20190705-718-g741212e)
 1c2a898e97f069eeeb930cfb542db67ed349b72c FV3/ccpp/physics (EP4-744-g1c2a898e)
 74a0e098b2163425e4b5466c2dfcf8ae26d560a5 FV3/ccpp/physics/physics/Radiation/RRTMGP/rte-rrtmgp (v1.6)
 be0410ece28f2b5b9c089f8ca09ce0c80c79fe6c FV3/upp (upp_v10.2.0-191-gbe0410e)
-1ba8270870947b583cd51bc72ff8960f4c1fb36e FV3/upp/sorc/libIFI.fd
-7476b8f2790a47d788f79cebfdbb551567ae7cf8 FV3/upp/sorc/ncep_post.fd/post_gtg.fd
 041422934cae1570f2f0e67239d5d89f11c6e1b7 GOCART (sdr_v2.1.2.6-119-g0414229)
 35789c757766e07f688b4c0c7c5229816f224b09 HYCOM-interface/HYCOM (2.3.00-121-g35789c7)
 129e1bda02d454fb280819d1d87ae16347fd044c MOM6-interface/MOM6 (dev/master/repository_split_2014.10.10-10049-g129e1bda0)
 9423197f894112edfcb1502245f7d7b873d551f9 MOM6-interface/MOM6/pkg/CVMix-src (9423197)
 29e64d652786e1d076a05128c920f394202bfe10 MOM6-interface/MOM6/pkg/GSW-Fortran (29e64d6)
 1e259014c1eba9070cec7027d8b4b479ae54275a NOAHMP-interface/noahmp (v3.7.1-430-g1e25901)
 d9b3172f4197c65d471662c6952a668152d71230 WW3 (6.07.1-345-gd9b3172f)
 31e4e3e57bad8a7cdaa0ce2d3c4efbca63b5f74a stochastic_physics (ufs-v2.0.0-216-g31e4e3e)


NOTES:
[Times](Memory) are at the end of each compile/test in format [MM:SS](Size).
The first time is for the full script (prep+run+finalize).
The second time is specifically for the run phase.
Times/Memory will be empty for failed tests.

BASELINE DIRECTORY: /glade/derecho/scratch/epicufsrt/ufs-weather-model/RT//NEMSfv3gfs/develop-20240503
COMPARISON DIRECTORY: /glade/derecho/scratch/epicufsrt/FV3_RT/rt_111254

RT.SH OPTIONS USED:
* (-a) - HPC PROJECT ACCOUNT: nral0032
* (-l) - USE CONFIG FILE: rt.conf
* (-e) - USE ECFLOW

PASS -- COMPILE 's2swa_32bit_intel' [21:25, 20:12] ( 6 warnings 10 remarks )
PASS -- TEST 'cpld_control_p8_mixedmode_intel' [08:45, 04:54](3072 MB)

PASS -- COMPILE 's2swa_32bit_pdlib_intel' [22:25, 21:20] ( 6 warnings 10 remarks )
FAILED: RUN DID NOT COMPLETE -- TEST 'cpld_control_gfsv17_intel' [, ]( MB)
FAILED: UNABLE TO START RUN -- TEST 'cpld_control_gfsv17_iau_intel' [, ]( MB)
FAILED: UNABLE TO START RUN -- TEST 'cpld_restart_gfsv17_intel' [, ]( MB)
PASS -- TEST 'cpld_mpi_gfsv17_intel' [19:05, 15:44](1659 MB)

PASS -- COMPILE 's2swa_32bit_pdlib_debug_intel' [11:21, 10:05] ( 1530 warnings 1948 remarks )
PASS -- TEST 'cpld_debug_gfsv17_intel' [23:45, 21:23](1693 MB)

PASS -- COMPILE 's2swa_intel' [20:23, 19:56] ( 5 warnings 10 remarks )
PASS -- TEST 'cpld_control_p8_intel' [09:02, 05:35](3090 MB)
PASS -- TEST 'cpld_control_p8.v2.sfc_intel' [09:19, 05:35](3092 MB)
PASS -- TEST 'cpld_restart_p8_intel' [06:22, 03:16](3154 MB)
PASS -- TEST 'cpld_control_qr_p8_intel' [09:02, 05:33](3125 MB)
PASS -- TEST 'cpld_restart_qr_p8_intel' [06:23, 03:16](3181 MB)
PASS -- TEST 'cpld_decomp_p8_intel' [08:56, 05:32](3094 MB)
PASS -- TEST 'cpld_mpi_p8_intel' [07:58, 04:33](3399 MB)
PASS -- TEST 'cpld_control_ciceC_p8_intel' [09:16, 05:34](3102 MB)
PASS -- TEST 'cpld_control_c192_p8_intel' [14:21, 08:52](3634 MB)
PASS -- TEST 'cpld_restart_c192_p8_intel' [13:20, 05:59](3611 MB)
PASS -- TEST 'cpld_bmark_p8_intel' [28:40, 09:46](4341 MB)
PASS -- TEST 'cpld_restart_bmark_p8_intel' [30:57, 07:08](4650 MB)
PASS -- TEST 'cpld_s2sa_p8_intel' [08:44, 05:17](3068 MB)

PASS -- COMPILE 's2sw_intel' [20:25, 19:20] ( 5 warnings 10 remarks )
PASS -- TEST 'cpld_control_noaero_p8_intel' [07:41, 04:12](1680 MB)
PASS -- TEST 'cpld_control_nowave_noaero_p8_intel' [07:54, 04:13](1729 MB)

PASS -- COMPILE 's2swa_debug_intel' [10:21, 09:46] ( 1455 warnings 1209 remarks )
PASS -- TEST 'cpld_debug_p8_intel' [09:53, 07:41](3155 MB)

PASS -- COMPILE 's2sw_debug_intel' [10:22, 09:17] ( 1455 warnings 1209 remarks )
PASS -- TEST 'cpld_debug_noaero_p8_intel' [07:32, 05:14](1706 MB)

PASS -- COMPILE 's2s_aoflux_intel' [15:22, 14:30] ( 5 warnings 3 remarks )
PASS -- TEST 'cpld_control_noaero_p8_agrid_intel' [07:34, 04:19](1727 MB)

PASS -- COMPILE 's2s_intel' [15:22, 14:44] ( 5 warnings 3 remarks )
PASS -- TEST 'cpld_control_c48_intel' [08:19, 06:34](2668 MB)
PASS -- TEST 'cpld_warmstart_c48_intel' [04:15, 02:00](2684 MB)
PASS -- TEST 'cpld_restart_c48_intel' [03:19, 01:10](2123 MB)

PASS -- COMPILE 's2swa_faster_intel' [24:26, 23:19] ( 5 warnings 10 remarks )
PASS -- TEST 'cpld_control_p8_faster_intel' [07:55, 05:28](3103 MB)

PASS -- COMPILE 's2sw_pdlib_intel' [21:15, 20:13] ( 5 warnings 10 remarks )
PASS -- TEST 'cpld_control_pdlib_p8_intel' [16:51, 13:59](1703 MB)
PASS -- TEST 'cpld_restart_pdlib_p8_intel' [10:01, 07:16](1017 MB)
PASS -- TEST 'cpld_mpi_pdlib_p8_intel' [18:50, 16:01](1675 MB)

PASS -- COMPILE 's2sw_pdlib_debug_intel' [10:13, 09:16] ( 1565 warnings 1948 remarks )
PASS -- TEST 'cpld_debug_pdlib_p8_intel' [26:27, 22:56](1717 MB)

PASS -- COMPILE 'atm_dyn32_intel' [14:19, 12:56] ( 6 warnings 1 remarks )
PASS -- TEST 'control_flake_intel' [04:38, 03:24](669 MB)
PASS -- TEST 'control_CubedSphereGrid_intel' [04:31, 02:24](1573 MB)
PASS -- TEST 'control_CubedSphereGrid_parallel_intel' [04:50, 02:29](1575 MB)
PASS -- TEST 'control_latlon_intel' [04:28, 02:23](1569 MB)
PASS -- TEST 'control_wrtGauss_netcdf_parallel_intel' [04:34, 02:26](1568 MB)
PASS -- TEST 'control_c48_intel' [08:34, 06:12](1621 MB)
PASS -- TEST 'control_c48.v2.sfc_intel' [06:37, 05:14](737 MB)
PASS -- TEST 'control_c192_intel' [11:08, 08:38](1692 MB)
PASS -- TEST 'control_c384_intel' [16:46, 08:56](2003 MB)
PASS -- TEST 'control_c384gdas_intel' [17:34, 07:18](1204 MB)
PASS -- TEST 'control_stochy_intel' [02:37, 01:24](625 MB)
PASS -- TEST 'control_stochy_restart_intel' [02:36, 00:51](441 MB)
PASS -- TEST 'control_lndp_intel' [02:46, 01:21](627 MB)
PASS -- TEST 'control_iovr4_intel' [03:51, 02:04](622 MB)
PASS -- TEST 'control_iovr5_intel' [03:44, 02:05](623 MB)
PASS -- TEST 'control_p8_intel' [04:47, 02:29](1595 MB)
PASS -- TEST 'control_p8.v2.sfc_intel' [04:40, 02:27](1594 MB)
PASS -- TEST 'control_p8_ugwpv1_intel' [04:33, 02:27](1605 MB)
PASS -- TEST 'control_restart_p8_intel' [03:32, 01:25](802 MB)
PASS -- TEST 'control_noqr_p8_intel' [04:43, 02:29](1596 MB)
PASS -- TEST 'control_restart_noqr_p8_intel' [03:26, 01:23](808 MB)
PASS -- TEST 'control_decomp_p8_intel' [04:37, 02:34](1598 MB)
PASS -- TEST 'control_p8_lndp_intel' [06:22, 04:20](1596 MB)
PASS -- TEST 'control_p8_rrtmgp_intel' [05:42, 03:17](1654 MB)
PASS -- TEST 'control_p8_mynn_intel' [04:29, 02:31](1614 MB)
PASS -- TEST 'merra2_thompson_intel' [04:41, 02:47](1611 MB)
PASS -- TEST 'regional_control_intel' [06:12, 04:28](628 MB)
PASS -- TEST 'regional_restart_intel' [04:03, 02:31](807 MB)
PASS -- TEST 'regional_decomp_intel' [06:09, 04:43](628 MB)
PASS -- TEST 'regional_noquilt_intel' [06:06, 04:25](1165 MB)
PASS -- TEST 'regional_netcdf_parallel_intel' [06:06, 04:29](624 MB)
PASS -- TEST 'regional_2dwrtdecomp_intel' [06:02, 04:31](628 MB)
PASS -- TEST 'regional_wofs_intel' [07:07, 05:40](1606 MB)

PASS -- COMPILE 'rrfs_intel' [12:14, 11:27] ( 8 warnings 9 remarks )
PASS -- TEST 'rap_control_intel' [08:28, 06:08](1009 MB)
PASS -- TEST 'regional_spp_sppt_shum_skeb_intel' [06:38, 03:41](1204 MB)
PASS -- TEST 'rap_decomp_intel' [08:28, 06:22](1004 MB)
PASS -- TEST 'rap_restart_intel' [05:20, 03:13](882 MB)
PASS -- TEST 'rap_sfcdiff_intel' [08:28, 06:04](1005 MB)
PASS -- TEST 'rap_sfcdiff_decomp_intel' [08:28, 06:23](1006 MB)
PASS -- TEST 'rap_sfcdiff_restart_intel' [06:15, 04:35](882 MB)
PASS -- TEST 'hrrr_control_intel' [05:06, 03:14](999 MB)
PASS -- TEST 'hrrr_control_decomp_intel' [05:06, 03:18](1002 MB)
PASS -- TEST 'hrrr_control_2threads_intel' [05:06, 02:47](1087 MB)
PASS -- TEST 'hrrr_control_restart_intel' [02:44, 01:45](832 MB)
PASS -- TEST 'rrfs_v1beta_intel' [08:29, 05:57](1002 MB)
PASS -- TEST 'rrfs_v1nssl_intel' [08:56, 07:22](1961 MB)
PASS -- TEST 'rrfs_v1nssl_nohailnoccn_intel' [08:59, 07:08](1950 MB)

PASS -- COMPILE 'csawmg_intel' [11:14, 10:21] ( 6 warnings )
PASS -- TEST 'control_csawmg_intel' [07:53, 05:49](695 MB)
PASS -- TEST 'control_ras_intel' [04:25, 02:53](656 MB)

PASS -- COMPILE 'wam_intel' [10:13, 09:40] ( 5 warnings )
PASS -- TEST 'control_wam_intel' [03:24, 01:54](383 MB)

PASS -- COMPILE 'atm_faster_dyn32_intel' [13:14, 12:39] ( 5 warnings 1 remarks )
PASS -- TEST 'control_p8_faster_intel' [04:37, 02:25](1599 MB)
PASS -- TEST 'regional_control_faster_intel' [06:06, 04:16](625 MB)

PASS -- COMPILE 'atm_debug_dyn32_intel' [09:20, 08:50] ( 890 warnings 9 remarks )
PASS -- TEST 'control_CubedSphereGrid_debug_intel' [04:10, 02:34](1601 MB)
PASS -- TEST 'control_wrtGauss_netcdf_parallel_debug_intel' [04:15, 02:28](1598 MB)
PASS -- TEST 'control_stochy_debug_intel' [04:42, 02:54](800 MB)
PASS -- TEST 'control_lndp_debug_intel' [03:34, 02:35](801 MB)
PASS -- TEST 'control_csawmg_debug_intel' [06:14, 03:59](838 MB)
PASS -- TEST 'control_ras_debug_intel' [03:43, 02:36](811 MB)
PASS -- TEST 'control_diag_debug_intel' [05:28, 02:36](1653 MB)
PASS -- TEST 'control_debug_p8_intel' [04:05, 02:36](1629 MB)
PASS -- TEST 'regional_debug_intel' [18:01, 16:42](663 MB)
PASS -- TEST 'rap_control_debug_intel' [05:33, 04:43](1180 MB)
PASS -- TEST 'hrrr_control_debug_intel' [05:33, 04:38](1177 MB)
PASS -- TEST 'hrrr_gf_debug_intel' [05:33, 04:40](1178 MB)
FAILED: RUN DID NOT COMPLETE -- TEST 'hrrr_c3_debug_intel' [, ]( MB)
PASS -- TEST 'rap_unified_drag_suite_debug_intel' [05:37, 04:40](1180 MB)
PASS -- TEST 'rap_diag_debug_intel' [08:12, 04:50](1266 MB)
FAILED: RUN DID NOT COMPLETE -- TEST 'rap_cires_ugwp_debug_intel' [, ]( MB)
PASS -- TEST 'rap_unified_ugwp_debug_intel' [06:39, 04:49](1187 MB)
PASS -- TEST 'rap_lndp_debug_intel' [05:40, 04:39](1183 MB)
PASS -- TEST 'rap_progcld_thompson_debug_intel' [05:39, 04:40](1180 MB)
PASS -- TEST 'rap_noah_debug_intel' [05:41, 04:33](1179 MB)
PASS -- TEST 'rap_sfcdiff_debug_intel' [05:37, 04:38](1184 MB)
PASS -- TEST 'rap_noah_sfcdiff_cires_ugwp_debug_intel' [08:26, 07:37](1181 MB)
PASS -- TEST 'rrfs_v1beta_debug_intel' [05:43, 04:34](1173 MB)
PASS -- TEST 'rap_clm_lake_debug_intel' [06:37, 05:34](1182 MB)
PASS -- TEST 'rap_flake_debug_intel' [05:38, 04:37](1183 MB)
PASS -- TEST 'gnv1_c96_no_nest_debug_intel' [10:12, 07:54](1184 MB)

PASS -- COMPILE 'wam_debug_intel' [06:12, 05:34] ( 860 warnings )
FAILED: RUN DID NOT COMPLETE -- TEST 'control_wam_debug_intel' [, ]( MB)

PASS -- COMPILE 'rrfs_dyn32_phy32_intel' [11:12, 09:58] ( 8 warnings 8 remarks )
PASS -- TEST 'regional_spp_sppt_shum_skeb_dyn32_phy32_intel' [06:48, 03:31](1058 MB)
PASS -- TEST 'rap_control_dyn32_phy32_intel' [07:16, 05:06](884 MB)
PASS -- TEST 'hrrr_control_dyn32_phy32_intel' [04:04, 02:45](881 MB)
PASS -- TEST 'hrrr_control_decomp_dyn32_phy32_intel' [05:14, 02:54](886 MB)
PASS -- TEST 'rap_restart_dyn32_phy32_intel' [06:11, 03:52](798 MB)
PASS -- TEST 'hrrr_control_restart_dyn32_phy32_intel' [02:41, 01:31](777 MB)

PASS -- COMPILE 'rrfs_dyn32_phy32_faster_intel' [13:13, 12:00] ( 8 warnings 8 remarks )
PASS -- TEST 'conus13km_control_intel' [05:17, 01:51](1084 MB)
PASS -- TEST 'conus13km_2threads_intel' [03:46, 00:57](1084 MB)
PASS -- TEST 'conus13km_restart_mismatch_intel' [03:37, 01:09](976 MB)

PASS -- COMPILE 'rrfs_dyn64_phy32_intel' [10:19, 09:48] ( 8 warnings 8 remarks )
PASS -- TEST 'rap_control_dyn64_phy32_intel' [04:56, 03:38](909 MB)

PASS -- COMPILE 'rrfs_dyn32_phy32_debug_intel' [07:12, 05:53] ( 792 warnings 8 remarks )
PASS -- TEST 'rap_control_debug_dyn32_phy32_intel' [05:42, 04:38](1058 MB)
PASS -- TEST 'hrrr_control_debug_dyn32_phy32_intel' [05:44, 04:21](1055 MB)
PASS -- TEST 'conus13km_debug_intel' [16:29, 13:24](1136 MB)
PASS -- TEST 'conus13km_debug_qr_intel' [16:30, 13:28](820 MB)
PASS -- TEST 'conus13km_radar_tten_debug_intel' [16:09, 13:27](1202 MB)

PASS -- COMPILE 'rrfs_dyn64_phy32_debug_intel' [06:19, 05:36] ( 792 warnings 8 remarks )
PASS -- TEST 'rap_control_dyn64_phy32_debug_intel' [05:44, 04:41](1088 MB)

PASS -- COMPILE 'hafsw_intel' [17:15, 16:14] ( 6 warnings 9 remarks )
PASS -- TEST 'hafs_regional_atm_intel' [06:32, 04:33](716 MB)
PASS -- TEST 'hafs_regional_atm_thompson_gfdlsf_intel' [06:55, 05:03](1070 MB)
PASS -- TEST 'hafs_regional_atm_ocn_intel' [09:01, 06:24](778 MB)
PASS -- TEST 'hafs_regional_atm_wav_intel' [13:36, 10:54](802 MB)
PASS -- TEST 'hafs_regional_atm_ocn_wav_intel' [14:44, 11:59](816 MB)
PASS -- TEST 'hafs_regional_1nest_atm_intel' [06:40, 04:40](478 MB)
PASS -- TEST 'hafs_regional_telescopic_2nests_atm_intel' [08:38, 05:49](494 MB)
PASS -- TEST 'hafs_global_1nest_atm_intel' [04:05, 02:21](392 MB)
PASS -- TEST 'hafs_global_multiple_4nests_atm_intel' [09:50, 06:13](459 MB)
PASS -- TEST 'hafs_regional_specified_moving_1nest_atm_intel' [05:08, 03:20](513 MB)
PASS -- TEST 'hafs_regional_storm_following_1nest_atm_intel' [05:25, 03:05](511 MB)
PASS -- TEST 'hafs_regional_storm_following_1nest_atm_ocn_intel' [06:32, 03:47](590 MB)
PASS -- TEST 'hafs_global_storm_following_1nest_atm_intel' [02:31, 01:13](428 MB)
PASS -- TEST 'gnv1_nested_intel' [05:12, 03:23](791 MB)

PASS -- COMPILE 'hafsw_debug_intel' [08:19, 07:27] ( 1472 warnings 1481 remarks )
PASS -- TEST 'hafs_regional_storm_following_1nest_atm_ocn_debug_intel' [14:10, 12:00](617 MB)

PASS -- COMPILE 'hafsw_faster_intel' [20:22, 19:46] ( 5 warnings 8 remarks )
PASS -- TEST 'hafs_regional_storm_following_1nest_atm_ocn_wav_intel' [09:20, 07:05](638 MB)
PASS -- TEST 'hafs_regional_storm_following_1nest_atm_ocn_wav_inline_intel' [09:50, 07:08](693 MB)

PASS -- COMPILE 'hafs_mom6w_intel' [18:20, 16:58] ( 5 warnings 7 remarks )
PASS -- TEST 'hafs_regional_storm_following_1nest_atm_ocn_wav_mom6_intel' [07:34, 05:26](677 MB)

PASS -- COMPILE 'hafs_all_intel' [15:13, 14:19] ( 5 warnings 8 remarks )
PASS -- TEST 'hafs_regional_docn_intel' [07:37, 05:36](757 MB)
PASS -- TEST 'hafs_regional_docn_oisst_intel' [07:28, 05:36](740 MB)
PASS -- TEST 'hafs_regional_datm_cdeps_intel' [18:23, 16:15](895 MB)

PASS -- COMPILE 'datm_cdeps_intel' [09:18, 07:58] ( 5 warnings 2 remarks )
PASS -- TEST 'datm_cdeps_control_cfsr_intel' [03:24, 02:29](749 MB)
PASS -- TEST 'datm_cdeps_restart_cfsr_intel' [05:29, 01:33](751 MB)
PASS -- TEST 'datm_cdeps_control_gefs_intel' [03:27, 02:21](637 MB)
PASS -- TEST 'datm_cdeps_iau_gefs_intel' [03:31, 02:25](639 MB)
PASS -- TEST 'datm_cdeps_stochy_gefs_intel' [09:24, 02:23](639 MB)
PASS -- TEST 'datm_cdeps_ciceC_cfsr_intel' [08:39, 02:31](761 MB)
PASS -- TEST 'datm_cdeps_bulk_cfsr_intel' [08:25, 02:31](750 MB)
PASS -- TEST 'datm_cdeps_bulk_gefs_intel' [08:30, 02:21](642 MB)
PASS -- TEST 'datm_cdeps_mx025_cfsr_intel' [12:32, 05:41](694 MB)
PASS -- TEST 'datm_cdeps_mx025_gefs_intel' [12:40, 05:40](673 MB)
PASS -- TEST 'datm_cdeps_multiple_files_cfsr_intel' [07:23, 02:28](758 MB)
PASS -- TEST 'datm_cdeps_3072x1536_cfsr_intel' [08:25, 03:55](2019 MB)
PASS -- TEST 'datm_cdeps_gfs_intel' [08:31, 03:56](2018 MB)

PASS -- COMPILE 'datm_cdeps_debug_intel' [06:17, 05:07] ( 7 warnings 2 remarks )
PASS -- TEST 'datm_cdeps_debug_cfsr_intel' [09:27, 05:02](747 MB)

FAILED: UNABLE TO COMPILE -- COMPILE 'datm_cdeps_faster_intel' [, ]
FAILED: UNABLE TO START RUN -- TEST 'datm_cdeps_control_cfsr_faster_intel' [, ]( MB)

PASS -- COMPILE 'datm_cdeps_land_intel' [03:11, 02:26] ( 1 remarks )
PASS -- TEST 'datm_cdeps_lnd_gswp3_intel' [05:35, 01:09](304 MB)
PASS -- TEST 'datm_cdeps_lnd_era5_intel' [02:29, 01:04](453 MB)
PASS -- TEST 'datm_cdeps_lnd_era5_rst_intel' [01:29, 00:42](452 MB)

PASS -- COMPILE 'atml_intel' [14:22, 13:05] ( 13 warnings 2 remarks )
PASS -- TEST 'control_p8_atmlnd_sbs_intel' [09:40, 05:49](1633 MB)
PASS -- TEST 'control_p8_atmlnd_intel' [09:32, 05:44](1634 MB)
PASS -- TEST 'control_restart_p8_atmlnd_intel' [05:06, 03:15](853 MB)

PASS -- COMPILE 'atml_debug_intel' [08:17, 07:47] ( 885 warnings 2 remarks )
PASS -- TEST 'control_p8_atmlnd_debug_intel' [09:26, 05:29](1658 MB)

PASS -- COMPILE 'atmw_intel' [14:20, 12:57] ( 5 warnings 8 remarks )
PASS -- TEST 'atmwav_control_noaero_p8_intel' [05:13, 01:32](1637 MB)

PASS -- COMPILE 'atmaero_intel' [12:20, 11:28] ( 5 warnings 1 remarks )
PASS -- TEST 'atmaero_control_p8_intel' [05:40, 03:37](2948 MB)
PASS -- TEST 'atmaero_control_p8_rad_intel' [06:36, 04:14](3002 MB)
PASS -- TEST 'atmaero_control_p8_rad_micro_intel' [06:09, 04:21](3012 MB)

PASS -- COMPILE 'atmaq_debug_intel' [07:19, 06:33] ( 889 warnings 6 remarks )
PASS -- TEST 'regional_atmaq_debug_intel' [25:19, 21:58](4531 MB)

SYNOPSIS:
Starting Date/Time: 20240512 06:19:01
Ending Date/Time: 20240512 07:51:11
Total Time: 01h:33m:10s
Compiles Completed: 37/38
Tests Completed: 168/175
Failed Compiles:
* COMPILE datm_cdeps_faster_intel: FAILED: UNABLE TO COMPILE
-- LOG: /glade/derecho/scratch/epicufsrt/jenkins/workspace/s-weather-model_pipeline_PR-2259/tests/logs/log_derecho/compile_datm_cdeps_faster_intel.log
Failed Tests:
* TEST cpld_control_gfsv17_intel: FAILED: RUN DID NOT COMPLETE
-- LOG: /glade/derecho/scratch/epicufsrt/jenkins/workspace/s-weather-model_pipeline_PR-2259/tests/logs/log_derecho/run_cpld_control_gfsv17_intel.log
* TEST cpld_control_gfsv17_iau_intel: FAILED: UNABLE TO START RUN
-- LOG: N/A
* TEST cpld_restart_gfsv17_intel: FAILED: UNABLE TO START RUN
-- LOG: N/A
* TEST hrrr_c3_debug_intel: FAILED: RUN DID NOT COMPLETE
-- LOG: /glade/derecho/scratch/epicufsrt/jenkins/workspace/s-weather-model_pipeline_PR-2259/tests/logs/log_derecho/run_hrrr_c3_debug_intel.log
* TEST rap_cires_ugwp_debug_intel: FAILED: RUN DID NOT COMPLETE
-- LOG: /glade/derecho/scratch/epicufsrt/jenkins/workspace/s-weather-model_pipeline_PR-2259/tests/logs/log_derecho/run_rap_cires_ugwp_debug_intel.log
* TEST control_wam_debug_intel: FAILED: RUN DID NOT COMPLETE
-- LOG: /glade/derecho/scratch/epicufsrt/jenkins/workspace/s-weather-model_pipeline_PR-2259/tests/logs/log_derecho/run_control_wam_debug_intel.log
* TEST datm_cdeps_control_cfsr_faster_intel: FAILED: UNABLE TO START RUN
-- LOG: N/A

NOTES:
A file 'test_changes.list' was generated with list of all failed tests.
You can use './rt.sh -c -b test_changes.list' to create baselines for the failed tests.
If you are using this log as a pull request verification, please commit 'test_changes.list'.

Result: FAILURE

====END OF DERECHO REGRESSION TESTING LOG====
====START OF DERECHO REGRESSION TESTING LOG====

UFSWM hash used in testing:
575b7c28583dac4700e80788b5d7c8e9a12ee4df

Submodule hashes used in testing:
 37cbb7d6840ae7515a9a8f0dfd4d89461b3396d1 AQM (v0.2.0-37-g37cbb7d)
 be5d28fd1b60522e6fc98aefeead20e6aac3530b AQM/src/model/CMAQ (CMAQv5.2.1_07Feb2018-198-gbe5d28fd1)
 3d7067a523b8557058755289e4275f5f5c985daf CDEPS-interface/CDEPS (cdeps0.4.17-40-g3d7067a)
 500073c60809f6f887194d3e79c1d632d1b5ed26 CICE-interface/CICE (remotes/origin/cice_sync)
 f6ff8f7c4d4cb6feabe3651b13204cf43fc948e3 CICE-interface/CICE/icepack (Icepack1.1.0-182-gf6ff8f7)
 4e19850cb083bc474b7cde5dc2f8506ec74cc442 CMEPS-interface/CMEPS (cmeps_v0.4.1-2306-g4e19850)
 cabd7753ae17f7bfcc6dad56daf10868aa51c3f4 CMakeModules (v1.0.0-28-gcabd775)
 7147dac3d5075c38a43cc221d1e7e7337c28437f FV3 (heads/develop)
 97114888f529c2df70ed4a350fd2428df74839ff FV3/atmos_cubed_sphere (201912_public_release-389-g9711488)
 741212e4962d371520f773e2be9481142f79635e FV3/ccpp/framework (ccpp_transition_to_vlab_master_20190705-718-g741212e)
 1c2a898e97f069eeeb930cfb542db67ed349b72c FV3/ccpp/physics (EP4-744-g1c2a898e)
 74a0e098b2163425e4b5466c2dfcf8ae26d560a5 FV3/ccpp/physics/physics/Radiation/RRTMGP/rte-rrtmgp (v1.6)
 be0410ece28f2b5b9c089f8ca09ce0c80c79fe6c FV3/upp (upp_v10.2.0-191-gbe0410e)
-1ba8270870947b583cd51bc72ff8960f4c1fb36e FV3/upp/sorc/libIFI.fd
-7476b8f2790a47d788f79cebfdbb551567ae7cf8 FV3/upp/sorc/ncep_post.fd/post_gtg.fd
 041422934cae1570f2f0e67239d5d89f11c6e1b7 GOCART (sdr_v2.1.2.6-119-g0414229)
 35789c757766e07f688b4c0c7c5229816f224b09 HYCOM-interface/HYCOM (2.3.00-121-g35789c7)
 129e1bda02d454fb280819d1d87ae16347fd044c MOM6-interface/MOM6 (dev/master/repository_split_2014.10.10-10049-g129e1bda0)
 9423197f894112edfcb1502245f7d7b873d551f9 MOM6-interface/MOM6/pkg/CVMix-src (9423197)
 29e64d652786e1d076a05128c920f394202bfe10 MOM6-interface/MOM6/pkg/GSW-Fortran (29e64d6)
 1e259014c1eba9070cec7027d8b4b479ae54275a NOAHMP-interface/noahmp (v3.7.1-430-g1e25901)
 d9b3172f4197c65d471662c6952a668152d71230 WW3 (6.07.1-345-gd9b3172f)
 31e4e3e57bad8a7cdaa0ce2d3c4efbca63b5f74a stochastic_physics (ufs-v2.0.0-216-g31e4e3e)


NOTES:
[Times](Memory) are at the end of each compile/test in format [MM:SS](Size).
The first time is for the full script (prep+run+finalize).
The second time is specifically for the run phase.
Times/Memory will be empty for failed tests.

BASELINE DIRECTORY: /glade/derecho/scratch/epicufsrt/ufs-weather-model/RT//NEMSfv3gfs/develop-20240503
COMPARISON DIRECTORY: /glade/derecho/scratch/zshrader/FV3_RT/rt_6102

RT.SH OPTIONS USED:
* (-a) - HPC PROJECT ACCOUNT: nral0032
* (-l) - USE CONFIG FILE: rt.conf
* (-e) - USE ECFLOW

PASS -- COMPILE 'wam_debug_intel' [06:18, 05:28] ( 860 warnings )
PASS -- TEST 'control_wam_debug_intel' [06:23, 04:42](419 MB)

PASS -- COMPILE 'atm_debug_dyn32_intel' [09:19, 08:34] ( 890 warnings 9 remarks )
PASS -- TEST 'rap_cires_ugwp_debug_intel' [06:24, 04:50](1183 MB)
PASS -- TEST 'hrrr_c3_debug_intel' [05:23, 04:39](1181 MB)

PASS -- COMPILE 's2swa_32bit_pdlib_intel' [22:22, 20:43] ( 6 warnings 10 remarks )
PASS -- TEST 'cpld_control_gfsv17_intel' [16:01, 13:47](1684 MB)

PASS -- COMPILE 'datm_cdeps_faster_intel' [09:19, 08:01] ( 5 warnings 2 remarks )
PASS -- TEST 'datm_cdeps_control_cfsr_faster_intel' [03:20, 02:29](747 MB)

SYNOPSIS:
Starting Date/Time: 20240512 15:55:41
Ending Date/Time: 20240512 16:35:33
Total Time: 00h:40m:03s
Compiles Completed: 4/4
Tests Completed: 5/5

NOTES:
A file 'test_changes.list' was generated but is empty.
If you are using this log as a pull request verification, please commit 'test_changes.list'.

Result: SUCCESS

====END OF DERECHO REGRESSION TESTING LOG====
